# JRE version: OpenJDK Runtime Environment Temurin-17.0.9+9 (17.0.9+9) (build 17.0.9+9)
# Java VM: OpenJDK 64-Bit Server VM Temurin-17.0.9+9 (17.0.9+9, mixed mode, tiered, compressed oops, compressed class ptrs, parallel gc, windows-amd64)
GC Precious Log:
 CPUs: 4 total, 4 available
 Memory: 8082M
 Large Page Support: Disabled
 NUMA Support: Disabled
 Compressed Oops: Enabled (32-bit)
 Alignments: Space 512K, Generation 512K, Heap 2M
 Heap Min Capacity: 100M
 Heap Initial Capacity: 100M
 Heap Max Capacity: 1G
 Pre-touch: Disabled
 Parallel Workers: 4
Heap:
 PSYoungGen      total 20480K, used 19087K [0x00000000eab00000, 0x00000000ec200000, 0x0000000100000000)
  eden space 19456K, 93% used [0x00000000eab00000,0x00000000ebcb7e20,0x00000000ebe00000)
  from space 1024K, 92% used [0x00000000ebe00000,0x00000000ebeec040,0x00000000ebf00000)
  to   space 2048K, 0% used [0x00000000ec000000,0x00000000ec000000,0x00000000ec200000)
 ParOldGen       total 68608K, used 28688K [0x00000000c0000000, 0x00000000c4300000, 0x00000000eab00000)
  object space 68608K, 41% used [0x00000000c0000000,0x00000000c1c041b0,0x00000000c4300000)
 Metaspace       used 46685K, committed 47488K, reserved 1114112K
  class space    used 4706K, committed 5056K, reserved 1048576K
GC Heap History (20 events):
Event: 22.012 GC heap before
{Heap before GC invocations=12 (full 2):
 PSYoungGen      total 26112K, used 25600K [0x00000000eab00000, 0x00000000ec700000, 0x0000000100000000)
  eden space 23552K, 100% used [0x00000000eab00000,0x00000000ec200000,0x00000000ec200000)
  from space 2560K, 80% used [0x00000000ec380000,0x00000000ec580020,0x00000000ec600000)
  to   space 1024K, 0% used [0x00000000ec600000,0x00000000ec600000,0x00000000ec700000)
 ParOldGen       total 68608K, used 11082K [0x00000000c0000000, 0x00000000c4300000, 0x00000000eab00000)
  object space 68608K, 16% used [0x00000000c0000000,0x00000000c0ad28d8,0x00000000c4300000)
 Metaspace       used 36708K, committed 37376K, reserved 1114112K
  class space    used 3730K, committed 4032K, reserved 1048576K
}
Event: 22.017 GC heap after
{Heap after GC invocations=12 (full 2):
 PSYoungGen      total 24064K, used 992K [0x00000000eab00000, 0x00000000eca80000, 0x0000000100000000)
  eden space 23040K, 0% used [0x00000000eab00000,0x00000000eab00000,0x00000000ec180000)
  from space 1024K, 96% used [0x00000000ec600000,0x00000000ec6f8020,0x00000000ec700000)
  to   space 4608K, 0% used [0x00000000ec180000,0x00000000ec180000,0x00000000ec600000)
 ParOldGen       total 68608K, used 14215K [0x00000000c0000000, 0x00000000c4300000, 0x00000000eab00000)
  object space 68608K, 20% used [0x00000000c0000000,0x00000000c0de1c30,0x00000000c4300000)
 Metaspace       used 36708K, committed 37376K, reserved 1114112K
  class space    used 3730K, committed 4032K, reserved 1048576K
}
Event: 22.168 GC heap before
{Heap before GC invocations=13 (full 2):
 PSYoungGen      total 24064K, used 24032K [0x00000000eab00000, 0x00000000eca80000, 0x0000000100000000)
  eden space 23040K, 100% used [0x00000000eab00000,0x00000000ec180000,0x00000000ec180000)
  from space 1024K, 96% used [0x00000000ec600000,0x00000000ec6f8020,0x00000000ec700000)
  to   space 4608K, 0% used [0x00000000ec180000,0x00000000ec180000,0x00000000ec600000)
 ParOldGen       total 68608K, used 14215K [0x00000000c0000000, 0x00000000c4300000, 0x00000000eab00000)
  object space 68608K, 20% used [0x00000000c0000000,0x00000000c0de1c30,0x00000000c4300000)
 Metaspace       used 36737K, committed 37504K, reserved 1114112K
  class space    used 3731K, committed 4032K, reserved 1048576K
}
Event: 22.173 GC heap after
{Heap after GC invocations=13 (full 2):
 PSYoungGen      total 25088K, used 2304K [0x00000000eab00000, 0x00000000ec700000, 0x0000000100000000)
  eden space 22528K, 0% used [0x00000000eab00000,0x00000000eab00000,0x00000000ec100000)
  from space 2560K, 90% used [0x00000000ec180000,0x00000000ec3c0010,0x00000000ec400000)
  to   space 3072K, 0% used [0x00000000ec400000,0x00000000ec400000,0x00000000ec700000)
 ParOldGen       total 68608K, used 15156K [0x00000000c0000000, 0x00000000c4300000, 0x00000000eab00000)
  object space 68608K, 22% used [0x00000000c0000000,0x00000000c0ecd2f0,0x00000000c4300000)
 Metaspace       used 36737K, committed 37504K, reserved 1114112K
  class space    used 3731K, committed 4032K, reserved 1048576K
}
Event: 22.364 GC heap before
{Heap before GC invocations=14 (full 2):
 PSYoungGen      total 25088K, used 24832K [0x00000000eab00000, 0x00000000ec700000, 0x0000000100000000)
  eden space 22528K, 100% used [0x00000000eab00000,0x00000000ec100000,0x00000000ec100000)
  from space 2560K, 90% used [0x00000000ec180000,0x00000000ec3c0010,0x00000000ec400000)
  to   space 3072K, 0% used [0x00000000ec400000,0x00000000ec400000,0x00000000ec700000)
 ParOldGen       total 68608K, used 15156K [0x00000000c0000000, 0x00000000c4300000, 0x00000000eab00000)
  object space 68608K, 22% used [0x00000000c0000000,0x00000000c0ecd2f0,0x00000000c4300000)
 Metaspace       used 36794K, committed 37504K, reserved 1114112K
  class space    used 3743K, committed 4032K, reserved 1048576K
}
Event: 22.369 GC heap after
{Heap after GC invocations=14 (full 2):
 PSYoungGen      total 25088K, used 2656K [0x00000000eab00000, 0x00000000ec700000, 0x0000000100000000)
  eden space 22016K, 0% used [0x00000000eab00000,0x00000000eab00000,0x00000000ec080000)
  from space 3072K, 86% used [0x00000000ec400000,0x00000000ec698010,0x00000000ec700000)
  to   space 3072K, 0% used [0x00000000ec100000,0x00000000ec100000,0x00000000ec400000)
 ParOldGen       total 68608K, used 17413K [0x00000000c0000000, 0x00000000c4300000, 0x00000000eab00000)
  object space 68608K, 25% used [0x00000000c0000000,0x00000000c1101778,0x00000000c4300000)
 Metaspace       used 36794K, committed 37504K, reserved 1114112K
  class space    used 3743K, committed 4032K, reserved 1048576K
}
Event: 22.536 GC heap before
{Heap before GC invocations=15 (full 2):
 PSYoungGen      total 25088K, used 24672K [0x00000000eab00000, 0x00000000ec700000, 0x0000000100000000)
  eden space 22016K, 100% used [0x00000000eab00000,0x00000000ec080000,0x00000000ec080000)
  from space 3072K, 86% used [0x00000000ec400000,0x00000000ec698010,0x00000000ec700000)
  to   space 3072K, 0% used [0x00000000ec100000,0x00000000ec100000,0x00000000ec400000)
 ParOldGen       total 68608K, used 17413K [0x00000000c0000000, 0x00000000c4300000, 0x00000000eab00000)
  object space 68608K, 25% used [0x00000000c0000000,0x00000000c1101778,0x00000000c4300000)
 Metaspace       used 36794K, committed 37504K, reserved 1114112K
  class space    used 3743K, committed 4032K, reserved 1048576K
}
Event: 22.542 GC heap after
{Heap after GC invocations=15 (full 2):
 PSYoungGen      total 25088K, used 2624K [0x00000000eab00000, 0x00000000ec680000, 0x0000000100000000)
  eden space 22016K, 0% used [0x00000000eab00000,0x00000000eab00000,0x00000000ec080000)
  from space 3072K, 85% used [0x00000000ec100000,0x00000000ec390010,0x00000000ec400000)
  to   space 2560K, 0% used [0x00000000ec400000,0x00000000ec400000,0x00000000ec680000)
 ParOldGen       total 68608K, used 20026K [0x00000000c0000000, 0x00000000c4300000, 0x00000000eab00000)
  object space 68608K, 29% used [0x00000000c0000000,0x00000000c138eb58,0x00000000c4300000)
 Metaspace       used 36794K, committed 37504K, reserved 1114112K
  class space    used 3743K, committed 4032K, reserved 1048576K
}
Event: 22.686 GC heap before
{Heap before GC invocations=16 (full 2):
 PSYoungGen      total 25088K, used 24640K [0x00000000eab00000, 0x00000000ec680000, 0x0000000100000000)
  eden space 22016K, 100% used [0x00000000eab00000,0x00000000ec080000,0x00000000ec080000)
  from space 3072K, 85% used [0x00000000ec100000,0x00000000ec390010,0x00000000ec400000)
  to   space 2560K, 0% used [0x00000000ec400000,0x00000000ec400000,0x00000000ec680000)
 ParOldGen       total 68608K, used 20026K [0x00000000c0000000, 0x00000000c4300000, 0x00000000eab00000)
  object space 68608K, 29% used [0x00000000c0000000,0x00000000c138eb58,0x00000000c4300000)
 Metaspace       used 36853K, committed 37568K, reserved 1114112K
  class space    used 3746K, committed 4032K, reserved 1048576K
}
Event: 22.692 GC heap after
{Heap after GC invocations=16 (full 2):
 PSYoungGen      total 22016K, used 2560K [0x00000000eab00000, 0x00000000ecc80000, 0x0000000100000000)
  eden space 19456K, 0% used [0x00000000eab00000,0x00000000eab00000,0x00000000ebe00000)
  from space 2560K, 100% used [0x00000000ec400000,0x00000000ec680000,0x00000000ec680000)
  to   space 6144K, 0% used [0x00000000ebe00000,0x00000000ebe00000,0x00000000ec400000)
 ParOldGen       total 68608K, used 22674K [0x00000000c0000000, 0x00000000c4300000, 0x00000000eab00000)
  object space 68608K, 33% used [0x00000000c0000000,0x00000000c1624b68,0x00000000c4300000)
 Metaspace       used 36853K, committed 37568K, reserved 1114112K
  class space    used 3746K, committed 4032K, reserved 1048576K
}
Event: 28.998 GC heap before
{Heap before GC invocations=17 (full 2):
 PSYoungGen      total 22016K, used 22016K [0x00000000eab00000, 0x00000000ecc80000, 0x0000000100000000)
  eden space 19456K, 100% used [0x00000000eab00000,0x00000000ebe00000,0x00000000ebe00000)
  from space 2560K, 100% used [0x00000000ec400000,0x00000000ec680000,0x00000000ec680000)
  to   space 6144K, 0% used [0x00000000ebe00000,0x00000000ebe00000,0x00000000ec400000)
 ParOldGen       total 68608K, used 22674K [0x00000000c0000000, 0x00000000c4300000, 0x00000000eab00000)
  object space 68608K, 33% used [0x00000000c0000000,0x00000000c1624b68,0x00000000c4300000)
 Metaspace       used 39230K, committed 39936K, reserved 1114112K
  class space    used 4020K, committed 4352K, reserved 1048576K
}
Event: 29.003 GC heap after
{Heap after GC invocations=17 (full 2):
 PSYoungGen      total 20480K, used 919K [0x00000000eab00000, 0x00000000ec480000, 0x0000000100000000)
  eden space 19456K, 0% used [0x00000000eab00000,0x00000000eab00000,0x00000000ebe00000)
  from space 1024K, 89% used [0x00000000ebe00000,0x00000000ebee5d70,0x00000000ebf00000)
  to   space 2560K, 0% used [0x00000000ec200000,0x00000000ec200000,0x00000000ec480000)
 ParOldGen       total 68608K, used 25242K [0x00000000c0000000, 0x00000000c4300000, 0x00000000eab00000)
  object space 68608K, 36% used [0x00000000c0000000,0x00000000c18a6b68,0x00000000c4300000)
 Metaspace       used 39230K, committed 39936K, reserved 1114112K
  class space    used 4020K, committed 4352K, reserved 1048576K
}
Event: 30.544 GC heap before
{Heap before GC invocations=18 (full 2):
 PSYoungGen      total 20480K, used 20375K [0x00000000eab00000, 0x00000000ec480000, 0x0000000100000000)
  eden space 19456K, 100% used [0x00000000eab00000,0x00000000ebe00000,0x00000000ebe00000)
  from space 1024K, 89% used [0x00000000ebe00000,0x00000000ebee5d70,0x00000000ebf00000)
  to   space 2560K, 0% used [0x00000000ec200000,0x00000000ec200000,0x00000000ec480000)
 ParOldGen       total 68608K, used 25242K [0x00000000c0000000, 0x00000000c4300000, 0x00000000eab00000)
  object space 68608K, 36% used [0x00000000c0000000,0x00000000c18a6b68,0x00000000c4300000)
 Metaspace       used 40031K, committed 40768K, reserved 1114112K
  class space    used 4125K, committed 4480K, reserved 1048576K
}
Event: 30.546 GC heap after
{Heap after GC invocations=18 (full 2):
 PSYoungGen      total 19968K, used 384K [0x00000000eab00000, 0x00000000ec280000, 0x0000000100000000)
  eden space 19456K, 0% used [0x00000000eab00000,0x00000000eab00000,0x00000000ebe00000)
  from space 512K, 75% used [0x00000000ec200000,0x00000000ec260010,0x00000000ec280000)
  to   space 1024K, 0% used [0x00000000ec080000,0x00000000ec080000,0x00000000ec180000)
 ParOldGen       total 68608K, used 26020K [0x00000000c0000000, 0x00000000c4300000, 0x00000000eab00000)
  object space 68608K, 37% used [0x00000000c0000000,0x00000000c1969318,0x00000000c4300000)
 Metaspace       used 40031K, committed 40768K, reserved 1114112K
  class space    used 4125K, committed 4480K, reserved 1048576K
}
Event: 34.546 GC heap before
{Heap before GC invocations=19 (full 2):
 PSYoungGen      total 19968K, used 19840K [0x00000000eab00000, 0x00000000ec280000, 0x0000000100000000)
  eden space 19456K, 100% used [0x00000000eab00000,0x00000000ebe00000,0x00000000ebe00000)
  from space 512K, 75% used [0x00000000ec200000,0x00000000ec260010,0x00000000ec280000)
  to   space 1024K, 0% used [0x00000000ec080000,0x00000000ec080000,0x00000000ec180000)
 ParOldGen       total 68608K, used 26020K [0x00000000c0000000, 0x00000000c4300000, 0x00000000eab00000)
  object space 68608K, 37% used [0x00000000c0000000,0x00000000c1969318,0x00000000c4300000)
 Metaspace       used 42557K, committed 43264K, reserved 1114112K
  class space    used 4341K, committed 4672K, reserved 1048576K
}
Event: 34.548 GC heap after
{Heap after GC invocations=19 (full 2):
 PSYoungGen      total 20480K, used 712K [0x00000000eab00000, 0x00000000ec280000, 0x0000000100000000)
  eden space 19456K, 0% used [0x00000000eab00000,0x00000000eab00000,0x00000000ebe00000)
  from space 1024K, 69% used [0x00000000ec080000,0x00000000ec132260,0x00000000ec180000)
  to   space 1024K, 0% used [0x00000000ec180000,0x00000000ec180000,0x00000000ec280000)
 ParOldGen       total 68608K, used 26228K [0x00000000c0000000, 0x00000000c4300000, 0x00000000eab00000)
  object space 68608K, 38% used [0x00000000c0000000,0x00000000c199d318,0x00000000c4300000)
 Metaspace       used 42557K, committed 43264K, reserved 1114112K
  class space    used 4341K, committed 4672K, reserved 1048576K
}
Event: 35.378 GC heap before
{Heap before GC invocations=20 (full 2):
 PSYoungGen      total 20480K, used 20168K [0x00000000eab00000, 0x00000000ec280000, 0x0000000100000000)
  eden space 19456K, 100% used [0x00000000eab00000,0x00000000ebe00000,0x00000000ebe00000)
  from space 1024K, 69% used [0x00000000ec080000,0x00000000ec132260,0x00000000ec180000)
  to   space 1024K, 0% used [0x00000000ec180000,0x00000000ec180000,0x00000000ec280000)
 ParOldGen       total 68608K, used 26228K [0x00000000c0000000, 0x00000000c4300000, 0x00000000eab00000)
  object space 68608K, 38% used [0x00000000c0000000,0x00000000c199d318,0x00000000c4300000)
 Metaspace       used 44847K, committed 45632K, reserved 1114112K
  class space    used 4538K, committed 4864K, reserved 1048576K
}
Event: 35.382 GC heap after
{Heap after GC invocations=20 (full 2):
 PSYoungGen      total 20480K, used 1000K [0x00000000eab00000, 0x00000000ec400000, 0x0000000100000000)
  eden space 19456K, 0% used [0x00000000eab00000,0x00000000eab00000,0x00000000ebe00000)
  from space 1024K, 97% used [0x00000000ec180000,0x00000000ec27a028,0x00000000ec280000)
  to   space 3072K, 0% used [0x00000000ebe00000,0x00000000ebe00000,0x00000000ec100000)
 ParOldGen       total 68608K, used 27879K [0x00000000c0000000, 0x00000000c4300000, 0x00000000eab00000)
  object space 68608K, 40% used [0x00000000c0000000,0x00000000c1b39e28,0x00000000c4300000)
 Metaspace       used 44847K, committed 45632K, reserved 1114112K
  class space    used 4538K, committed 4864K, reserved 1048576K
}
Event: 35.575 GC heap before
{Heap before GC invocations=21 (full 2):
 PSYoungGen      total 20480K, used 20456K [0x00000000eab00000, 0x00000000ec400000, 0x0000000100000000)
  eden space 19456K, 100% used [0x00000000eab00000,0x00000000ebe00000,0x00000000ebe00000)
  from space 1024K, 97% used [0x00000000ec180000,0x00000000ec27a028,0x00000000ec280000)
  to   space 3072K, 0% used [0x00000000ebe00000,0x00000000ebe00000,0x00000000ec100000)
 ParOldGen       total 68608K, used 27879K [0x00000000c0000000, 0x00000000c4300000, 0x00000000eab00000)
  object space 68608K, 40% used [0x00000000c0000000,0x00000000c1b39e28,0x00000000c4300000)
 Metaspace       used 44992K, committed 45760K, reserved 1114112K
  class space    used 4548K, committed 4864K, reserved 1048576K
}
Event: 35.578 GC heap after
{Heap after GC invocations=21 (full 2):
 PSYoungGen      total 20480K, used 944K [0x00000000eab00000, 0x00000000ec200000, 0x0000000100000000)
  eden space 19456K, 0% used [0x00000000eab00000,0x00000000eab00000,0x00000000ebe00000)
  from space 1024K, 92% used [0x00000000ebe00000,0x00000000ebeec040,0x00000000ebf00000)
  to   space 2048K, 0% used [0x00000000ec000000,0x00000000ec000000,0x00000000ec200000)
 ParOldGen       total 68608K, used 28688K [0x00000000c0000000, 0x00000000c4300000, 0x00000000eab00000)
  object space 68608K, 41% used [0x00000000c0000000,0x00000000c1c041b0,0x00000000c4300000)
 Metaspace       used 44992K, committed 45760K, reserved 1114112K
  class space    used 4548K, committed 4864K, reserved 1048576K
}

