# JRE version: OpenJDK Runtime Environment JBR-17.0.9+7-1087.9-nomod (17.0.9+7) (build 17.0.9+7-b1087.9)
# Java VM: OpenJDK 64-Bit Server VM JBR-17.0.9+7-1087.9-nomod (17.0.9+7-b1087.9, mixed mode, tiered, compressed oops, compressed class ptrs, g1 gc, windows-amd64)
GC Precious Log:
 CPUs: 4 total, 4 available
 Memory: 8082M
 Large Page Support: Disabled
 NUMA Support: Disabled
 Compressed Oops: Enabled (32-bit)
 Heap Region Size: 1M
 Heap Min Capacity: 8M
 Heap Initial Capacity: 128M
 Heap Max Capacity: 2022M
 Pre-touch: Disabled
 Parallel Workers: 4
 Concurrent Workers: 1
 Concurrent Refinement Workers: 4
 Periodic GC: Disabled
Heap:
 garbage-first heap   total 122880K, used 55121K [0x0000000081a00000, 0x0000000100000000)
  region size 1024K, 7 young (7168K), 4 survivors (4096K)
 Metaspace       used 94890K, committed 95424K, reserved 1179648K
  class space    used 12298K, committed 12544K, reserved 1048576K
GC Heap History (20 events):
Event: 12.829 GC heap before
{Heap before GC invocations=22 (full 0):
 garbage-first heap   total 61440K, used 49259K [0x0000000081a00000, 0x0000000100000000)
  region size 1024K, 19 young (19456K), 1 survivors (1024K)
 Metaspace       used 53033K, committed 53376K, reserved 1114112K
  class space    used 6607K, committed 6784K, reserved 1048576K
}
Event: 12.835 GC heap after
{Heap after GC invocations=23 (full 0):
 garbage-first heap   total 61440K, used 32470K [0x0000000081a00000, 0x0000000100000000)
  region size 1024K, 3 young (3072K), 3 survivors (3072K)
 Metaspace       used 53033K, committed 53376K, reserved 1114112K
  class space    used 6607K, committed 6784K, reserved 1048576K
}
Event: 12.868 GC heap before
{Heap before GC invocations=23 (full 0):
 garbage-first heap   total 61440K, used 33494K [0x0000000081a00000, 0x0000000100000000)
  region size 1024K, 4 young (4096K), 3 survivors (3072K)
 Metaspace       used 53154K, committed 53568K, reserved 1114112K
  class space    used 6624K, committed 6848K, reserved 1048576K
}
Event: 12.873 GC heap after
{Heap after GC invocations=24 (full 0):
 garbage-first heap   total 61440K, used 32461K [0x0000000081a00000, 0x0000000100000000)
  region size 1024K, 1 young (1024K), 1 survivors (1024K)
 Metaspace       used 53154K, committed 53568K, reserved 1114112K
  class space    used 6624K, committed 6848K, reserved 1048576K
}
Event: 13.555 GC heap before
{Heap before GC invocations=24 (full 0):
 garbage-first heap   total 61440K, used 47821K [0x0000000081a00000, 0x0000000100000000)
  region size 1024K, 17 young (17408K), 1 survivors (1024K)
 Metaspace       used 56013K, committed 56448K, reserved 1114112K
  class space    used 7044K, committed 7232K, reserved 1048576K
}
Event: 13.558 GC heap after
{Heap after GC invocations=25 (full 0):
 garbage-first heap   total 125952K, used 33563K [0x0000000081a00000, 0x0000000100000000)
  region size 1024K, 2 young (2048K), 2 survivors (2048K)
 Metaspace       used 56013K, committed 56448K, reserved 1114112K
  class space    used 7044K, committed 7232K, reserved 1048576K
}
Event: 15.634 GC heap before
{Heap before GC invocations=26 (full 0):
 garbage-first heap   total 122880K, used 95003K [0x0000000081a00000, 0x0000000100000000)
  region size 1024K, 62 young (63488K), 2 survivors (2048K)
 Metaspace       used 66024K, committed 66560K, reserved 1114112K
  class space    used 8550K, committed 8832K, reserved 1048576K
}
Event: 15.640 GC heap after
{Heap after GC invocations=27 (full 0):
 garbage-first heap   total 122880K, used 35548K [0x0000000081a00000, 0x0000000100000000)
  region size 1024K, 4 young (4096K), 4 survivors (4096K)
 Metaspace       used 66024K, committed 66560K, reserved 1114112K
  class space    used 8550K, committed 8832K, reserved 1048576K
}
Event: 15.747 GC heap before
{Heap before GC invocations=27 (full 0):
 garbage-first heap   total 122880K, used 37596K [0x0000000081a00000, 0x0000000100000000)
  region size 1024K, 6 young (6144K), 4 survivors (4096K)
 Metaspace       used 66258K, committed 66752K, reserved 1114112K
  class space    used 8580K, committed 8832K, reserved 1048576K
}
Event: 15.753 GC heap after
{Heap after GC invocations=28 (full 0):
 garbage-first heap   total 122880K, used 35778K [0x0000000081a00000, 0x0000000100000000)
  region size 1024K, 1 young (1024K), 1 survivors (1024K)
 Metaspace       used 66258K, committed 66752K, reserved 1114112K
  class space    used 8580K, committed 8832K, reserved 1048576K
}
Event: 17.347 GC heap before
{Heap before GC invocations=28 (full 0):
 garbage-first heap   total 122880K, used 96194K [0x0000000081a00000, 0x0000000100000000)
  region size 1024K, 60 young (61440K), 1 survivors (1024K)
 Metaspace       used 73010K, committed 73536K, reserved 1114112K
  class space    used 9555K, committed 9792K, reserved 1048576K
}
Event: 17.352 GC heap after
{Heap after GC invocations=29 (full 0):
 garbage-first heap   total 122880K, used 38506K [0x0000000081a00000, 0x0000000100000000)
  region size 1024K, 4 young (4096K), 4 survivors (4096K)
 Metaspace       used 73010K, committed 73536K, reserved 1114112K
  class space    used 9555K, committed 9792K, reserved 1048576K
}
Event: 20.929 GC heap before
{Heap before GC invocations=29 (full 0):
 garbage-first heap   total 122880K, used 96874K [0x0000000081a00000, 0x0000000100000000)
  region size 1024K, 61 young (62464K), 4 survivors (4096K)
 Metaspace       used 76269K, committed 76736K, reserved 1179648K
  class space    used 9998K, committed 10240K, reserved 1048576K
}
Event: 20.938 GC heap after
{Heap after GC invocations=30 (full 0):
 garbage-first heap   total 122880K, used 41663K [0x0000000081a00000, 0x0000000100000000)
  region size 1024K, 7 young (7168K), 7 survivors (7168K)
 Metaspace       used 76269K, committed 76736K, reserved 1179648K
  class space    used 9998K, committed 10240K, reserved 1048576K
}
Event: 27.468 GC heap before
{Heap before GC invocations=30 (full 0):
 garbage-first heap   total 122880K, used 96959K [0x0000000081a00000, 0x0000000100000000)
  region size 1024K, 62 young (63488K), 7 survivors (7168K)
 Metaspace       used 82486K, committed 82944K, reserved 1179648K
  class space    used 10864K, committed 11072K, reserved 1048576K
}
Event: 27.485 GC heap after
{Heap after GC invocations=31 (full 0):
 garbage-first heap   total 122880K, used 45776K [0x0000000081a00000, 0x0000000100000000)
  region size 1024K, 8 young (8192K), 8 survivors (8192K)
 Metaspace       used 82486K, committed 82944K, reserved 1179648K
  class space    used 10864K, committed 11072K, reserved 1048576K
}
Event: 56.198 GC heap before
{Heap before GC invocations=31 (full 0):
 garbage-first heap   total 122880K, used 96976K [0x0000000081a00000, 0x0000000100000000)
  region size 1024K, 59 young (60416K), 8 survivors (8192K)
 Metaspace       used 89627K, committed 90176K, reserved 1179648K
  class space    used 11694K, committed 11968K, reserved 1048576K
}
Event: 56.211 GC heap after
{Heap after GC invocations=32 (full 0):
 garbage-first heap   total 122880K, used 49596K [0x0000000081a00000, 0x0000000100000000)
  region size 1024K, 8 young (8192K), 8 survivors (8192K)
 Metaspace       used 89627K, committed 90176K, reserved 1179648K
  class space    used 11694K, committed 11968K, reserved 1048576K
}
Event: 58.678 GC heap before
{Heap before GC invocations=32 (full 0):
 garbage-first heap   total 122880K, used 83388K [0x0000000081a00000, 0x0000000100000000)
  region size 1024K, 43 young (44032K), 8 survivors (8192K)
 Metaspace       used 94225K, committed 94720K, reserved 1179648K
  class space    used 12219K, committed 12480K, reserved 1048576K
}
Event: 58.690 GC heap after
{Heap after GC invocations=33 (full 0):
 garbage-first heap   total 122880K, used 53073K [0x0000000081a00000, 0x0000000100000000)
  region size 1024K, 4 young (4096K), 4 survivors (4096K)
 Metaspace       used 94225K, committed 94720K, reserved 1179648K
  class space    used 12219K, committed 12480K, reserved 1048576K
}

