# JRE version: OpenJDK Runtime Environment Temurin-17.0.9+9 (17.0.9+9) (build 17.0.9+9)
# Java VM: OpenJDK 64-Bit Server VM Temurin-17.0.9+9 (17.0.9+9, mixed mode, tiered, compressed oops, compressed class ptrs, parallel gc, windows-amd64)
GC Precious Log:
 CPUs: 4 total, 4 available
 Memory: 8082M
 Large Page Support: Disabled
 NUMA Support: Disabled
 Compressed Oops: Enabled (32-bit)
 Alignments: Space 512K, Generation 512K, Heap 2M
 Heap Min Capacity: 100M
 Heap Initial Capacity: 100M
 Heap Max Capacity: 1G
 Pre-touch: Disabled
 Parallel Workers: 4
Heap:
 PSYoungGen      total 17920K, used 13019K [0x00000000eab00000, 0x00000000ebe00000, 0x0000000100000000)
  eden space 16896K, 71% used [0x00000000eab00000,0x00000000eb6d2d18,0x00000000ebb80000)
  from space 1024K, 89% used [0x00000000ebd00000,0x00000000ebde4090,0x00000000ebe00000)
  to   space 1024K, 0% used [0x00000000ebb80000,0x00000000ebb80000,0x00000000ebc80000)
 ParOldGen       total 68608K, used 43846K [0x00000000c0000000, 0x00000000c4300000, 0x00000000eab00000)
  object space 68608K, 63% used [0x00000000c0000000,0x00000000c2ad1928,0x00000000c4300000)
 Metaspace       used 62103K, committed 63360K, reserved 1114112K
  class space    used 6624K, committed 7168K, reserved 1048576K
GC Heap History (20 events):
Event: 28.545 GC heap before
{Heap before GC invocations=28 (full 2):
 PSYoungGen      total 20480K, used 20448K [0x00000000eab00000, 0x00000000ec200000, 0x0000000100000000)
  eden space 18944K, 100% used [0x00000000eab00000,0x00000000ebd80000,0x00000000ebd80000)
  from space 1536K, 97% used [0x00000000ebe80000,0x00000000ebff8000,0x00000000ec000000)
  to   space 2048K, 0% used [0x00000000ec000000,0x00000000ec000000,0x00000000ec200000)
 ParOldGen       total 68608K, used 36671K [0x00000000c0000000, 0x00000000c4300000, 0x00000000eab00000)
  object space 68608K, 53% used [0x00000000c0000000,0x00000000c23cfda8,0x00000000c4300000)
 Metaspace       used 53169K, committed 54336K, reserved 1114112K
  class space    used 5732K, committed 6272K, reserved 1048576K
}
Event: 28.549 GC heap after
{Heap after GC invocations=28 (full 2):
 PSYoungGen      total 18944K, used 2016K [0x00000000eab00000, 0x00000000ec680000, 0x0000000100000000)
  eden space 16896K, 0% used [0x00000000eab00000,0x00000000eab00000,0x00000000ebb80000)
  from space 2048K, 98% used [0x00000000ec000000,0x00000000ec1f8010,0x00000000ec200000)
  to   space 4608K, 0% used [0x00000000ebb80000,0x00000000ebb80000,0x00000000ec000000)
 ParOldGen       total 68608K, used 38742K [0x00000000c0000000, 0x00000000c4300000, 0x00000000eab00000)
  object space 68608K, 56% used [0x00000000c0000000,0x00000000c25d5b48,0x00000000c4300000)
 Metaspace       used 53169K, committed 54336K, reserved 1114112K
  class space    used 5732K, committed 6272K, reserved 1048576K
}
Event: 28.964 GC heap before
{Heap before GC invocations=29 (full 2):
 PSYoungGen      total 18944K, used 18912K [0x00000000eab00000, 0x00000000ec680000, 0x0000000100000000)
  eden space 16896K, 100% used [0x00000000eab00000,0x00000000ebb80000,0x00000000ebb80000)
  from space 2048K, 98% used [0x00000000ec000000,0x00000000ec1f8010,0x00000000ec200000)
  to   space 4608K, 0% used [0x00000000ebb80000,0x00000000ebb80000,0x00000000ec000000)
 ParOldGen       total 68608K, used 38742K [0x00000000c0000000, 0x00000000c4300000, 0x00000000eab00000)
  object space 68608K, 56% used [0x00000000c0000000,0x00000000c25d5b48,0x00000000c4300000)
 Metaspace       used 54873K, committed 56000K, reserved 1114112K
  class space    used 5922K, committed 6464K, reserved 1048576K
}
Event: 28.969 GC heap after
{Heap after GC invocations=29 (full 2):
 PSYoungGen      total 17920K, used 823K [0x00000000eab00000, 0x00000000ec080000, 0x0000000100000000)
  eden space 16896K, 0% used [0x00000000eab00000,0x00000000eab00000,0x00000000ebb80000)
  from space 1024K, 80% used [0x00000000ebb80000,0x00000000ebc4dd60,0x00000000ebc80000)
  to   space 2048K, 0% used [0x00000000ebe80000,0x00000000ebe80000,0x00000000ec080000)
 ParOldGen       total 68608K, used 40790K [0x00000000c0000000, 0x00000000c4300000, 0x00000000eab00000)
  object space 68608K, 59% used [0x00000000c0000000,0x00000000c27d5b58,0x00000000c4300000)
 Metaspace       used 54873K, committed 56000K, reserved 1114112K
  class space    used 5922K, committed 6464K, reserved 1048576K
}
Event: 31.600 GC heap before
{Heap before GC invocations=30 (full 2):
 PSYoungGen      total 17920K, used 17719K [0x00000000eab00000, 0x00000000ec080000, 0x0000000100000000)
  eden space 16896K, 100% used [0x00000000eab00000,0x00000000ebb80000,0x00000000ebb80000)
  from space 1024K, 80% used [0x00000000ebb80000,0x00000000ebc4dd60,0x00000000ebc80000)
  to   space 2048K, 0% used [0x00000000ebe80000,0x00000000ebe80000,0x00000000ec080000)
 ParOldGen       total 68608K, used 40790K [0x00000000c0000000, 0x00000000c4300000, 0x00000000eab00000)
  object space 68608K, 59% used [0x00000000c0000000,0x00000000c27d5b58,0x00000000c4300000)
 Metaspace       used 56798K, committed 57984K, reserved 1114112K
  class space    used 6148K, committed 6656K, reserved 1048576K
}
Event: 31.604 GC heap after
{Heap after GC invocations=30 (full 2):
 PSYoungGen      total 18432K, used 1479K [0x00000000eab00000, 0x00000000ec000000, 0x0000000100000000)
  eden space 16896K, 0% used [0x00000000eab00000,0x00000000eab00000,0x00000000ebb80000)
  from space 1536K, 96% used [0x00000000ebe80000,0x00000000ebff1fd8,0x00000000ec000000)
  to   space 2048K, 0% used [0x00000000ebc00000,0x00000000ebc00000,0x00000000ebe00000)
 ParOldGen       total 68608K, used 41532K [0x00000000c0000000, 0x00000000c4300000, 0x00000000eab00000)
  object space 68608K, 60% used [0x00000000c0000000,0x00000000c288f220,0x00000000c4300000)
 Metaspace       used 56798K, committed 57984K, reserved 1114112K
  class space    used 6148K, committed 6656K, reserved 1048576K
}
Event: 32.907 GC heap before
{Heap before GC invocations=31 (full 2):
 PSYoungGen      total 18432K, used 18328K [0x00000000eab00000, 0x00000000ec000000, 0x0000000100000000)
  eden space 16896K, 99% used [0x00000000eab00000,0x00000000ebb741a0,0x00000000ebb80000)
  from space 1536K, 96% used [0x00000000ebe80000,0x00000000ebff1fd8,0x00000000ec000000)
  to   space 2048K, 0% used [0x00000000ebc00000,0x00000000ebc00000,0x00000000ebe00000)
 ParOldGen       total 68608K, used 41532K [0x00000000c0000000, 0x00000000c4300000, 0x00000000eab00000)
  object space 68608K, 60% used [0x00000000c0000000,0x00000000c288f220,0x00000000c4300000)
 Metaspace       used 57466K, committed 58688K, reserved 1114112K
  class space    used 6235K, committed 6784K, reserved 1048576K
}
Event: 32.911 GC heap after
{Heap after GC invocations=31 (full 2):
 PSYoungGen      total 18944K, used 672K [0x00000000eab00000, 0x00000000ebf00000, 0x0000000100000000)
  eden space 16896K, 0% used [0x00000000eab00000,0x00000000eab00000,0x00000000ebb80000)
  from space 2048K, 32% used [0x00000000ebc00000,0x00000000ebca8000,0x00000000ebe00000)
  to   space 1024K, 0% used [0x00000000ebe00000,0x00000000ebe00000,0x00000000ebf00000)
 ParOldGen       total 68608K, used 42852K [0x00000000c0000000, 0x00000000c4300000, 0x00000000eab00000)
  object space 68608K, 62% used [0x00000000c0000000,0x00000000c29d90a8,0x00000000c4300000)
 Metaspace       used 57466K, committed 58688K, reserved 1114112K
  class space    used 6235K, committed 6784K, reserved 1048576K
}
Event: 33.530 GC heap before
{Heap before GC invocations=32 (full 2):
 PSYoungGen      total 18944K, used 17568K [0x00000000eab00000, 0x00000000ebf00000, 0x0000000100000000)
  eden space 16896K, 100% used [0x00000000eab00000,0x00000000ebb80000,0x00000000ebb80000)
  from space 2048K, 32% used [0x00000000ebc00000,0x00000000ebca8000,0x00000000ebe00000)
  to   space 1024K, 0% used [0x00000000ebe00000,0x00000000ebe00000,0x00000000ebf00000)
 ParOldGen       total 68608K, used 42852K [0x00000000c0000000, 0x00000000c4300000, 0x00000000eab00000)
  object space 68608K, 62% used [0x00000000c0000000,0x00000000c29d90a8,0x00000000c4300000)
 Metaspace       used 58575K, committed 59776K, reserved 1114112K
  class space    used 6307K, committed 6848K, reserved 1048576K
}
Event: 33.532 GC heap after
{Heap after GC invocations=32 (full 2):
 PSYoungGen      total 17920K, used 768K [0x00000000eab00000, 0x00000000ebf00000, 0x0000000100000000)
  eden space 16896K, 0% used [0x00000000eab00000,0x00000000eab00000,0x00000000ebb80000)
  from space 1024K, 75% used [0x00000000ebe00000,0x00000000ebec0000,0x00000000ebf00000)
  to   space 1024K, 0% used [0x00000000ebd00000,0x00000000ebd00000,0x00000000ebe00000)
 ParOldGen       total 68608K, used 43436K [0x00000000c0000000, 0x00000000c4300000, 0x00000000eab00000)
  object space 68608K, 63% used [0x00000000c0000000,0x00000000c2a6b0a8,0x00000000c4300000)
 Metaspace       used 58575K, committed 59776K, reserved 1114112K
  class space    used 6307K, committed 6848K, reserved 1048576K
}
Event: 33.569 GC heap before
{Heap before GC invocations=33 (full 2):
 PSYoungGen      total 17920K, used 2209K [0x00000000eab00000, 0x00000000ebf00000, 0x0000000100000000)
  eden space 16896K, 8% used [0x00000000eab00000,0x00000000eac68438,0x00000000ebb80000)
  from space 1024K, 75% used [0x00000000ebe00000,0x00000000ebec0000,0x00000000ebf00000)
  to   space 1024K, 0% used [0x00000000ebd00000,0x00000000ebd00000,0x00000000ebe00000)
 ParOldGen       total 68608K, used 43436K [0x00000000c0000000, 0x00000000c4300000, 0x00000000eab00000)
  object space 68608K, 63% used [0x00000000c0000000,0x00000000c2a6b0a8,0x00000000c4300000)
 Metaspace       used 58659K, committed 59776K, reserved 1114112K
  class space    used 6313K, committed 6848K, reserved 1048576K
}
Event: 33.570 GC heap after
{Heap after GC invocations=33 (full 2):
 PSYoungGen      total 17920K, used 304K [0x00000000eab00000, 0x00000000ebe80000, 0x0000000100000000)
  eden space 16896K, 0% used [0x00000000eab00000,0x00000000eab00000,0x00000000ebb80000)
  from space 1024K, 29% used [0x00000000ebd00000,0x00000000ebd4c288,0x00000000ebe00000)
  to   space 512K, 0% used [0x00000000ebe00000,0x00000000ebe00000,0x00000000ebe80000)
 ParOldGen       total 68608K, used 44176K [0x00000000c0000000, 0x00000000c4300000, 0x00000000eab00000)
  object space 68608K, 64% used [0x00000000c0000000,0x00000000c2b240b8,0x00000000c4300000)
 Metaspace       used 58659K, committed 59776K, reserved 1114112K
  class space    used 6313K, committed 6848K, reserved 1048576K
}
Event: 33.571 GC heap before
{Heap before GC invocations=34 (full 3):
 PSYoungGen      total 17920K, used 304K [0x00000000eab00000, 0x00000000ebe80000, 0x0000000100000000)
  eden space 16896K, 0% used [0x00000000eab00000,0x00000000eab00000,0x00000000ebb80000)
  from space 1024K, 29% used [0x00000000ebd00000,0x00000000ebd4c288,0x00000000ebe00000)
  to   space 512K, 0% used [0x00000000ebe00000,0x00000000ebe00000,0x00000000ebe80000)
 ParOldGen       total 68608K, used 44176K [0x00000000c0000000, 0x00000000c4300000, 0x00000000eab00000)
  object space 68608K, 64% used [0x00000000c0000000,0x00000000c2b240b8,0x00000000c4300000)
 Metaspace       used 58659K, committed 59776K, reserved 1114112K
  class space    used 6313K, committed 6848K, reserved 1048576K
}
Event: 33.703 GC heap after
{Heap after GC invocations=34 (full 3):
 PSYoungGen      total 17920K, used 0K [0x00000000eab00000, 0x00000000ebe80000, 0x0000000100000000)
  eden space 16896K, 0% used [0x00000000eab00000,0x00000000eab00000,0x00000000ebb80000)
  from space 1024K, 0% used [0x00000000ebd00000,0x00000000ebd00000,0x00000000ebe00000)
  to   space 512K, 0% used [0x00000000ebe00000,0x00000000ebe00000,0x00000000ebe80000)
 ParOldGen       total 68608K, used 41876K [0x00000000c0000000, 0x00000000c4300000, 0x00000000eab00000)
  object space 68608K, 61% used [0x00000000c0000000,0x00000000c28e5128,0x00000000c4300000)
 Metaspace       used 58659K, committed 59776K, reserved 1114112K
  class space    used 6313K, committed 6848K, reserved 1048576K
}
Event: 34.286 GC heap before
{Heap before GC invocations=35 (full 3):
 PSYoungGen      total 17920K, used 16844K [0x00000000eab00000, 0x00000000ebe80000, 0x0000000100000000)
  eden space 16896K, 99% used [0x00000000eab00000,0x00000000ebb73198,0x00000000ebb80000)
  from space 1024K, 0% used [0x00000000ebd00000,0x00000000ebd00000,0x00000000ebe00000)
  to   space 512K, 0% used [0x00000000ebe00000,0x00000000ebe00000,0x00000000ebe80000)
 ParOldGen       total 68608K, used 41876K [0x00000000c0000000, 0x00000000c4300000, 0x00000000eab00000)
  object space 68608K, 61% used [0x00000000c0000000,0x00000000c28e5128,0x00000000c4300000)
 Metaspace       used 60357K, committed 61568K, reserved 1114112K
  class space    used 6451K, committed 6976K, reserved 1048576K
}
Event: 34.288 GC heap after
{Heap after GC invocations=35 (full 3):
 PSYoungGen      total 17408K, used 498K [0x00000000eab00000, 0x00000000ebf80000, 0x0000000100000000)
  eden space 16896K, 0% used [0x00000000eab00000,0x00000000eab00000,0x00000000ebb80000)
  from space 512K, 97% used [0x00000000ebe00000,0x00000000ebe7cb20,0x00000000ebe80000)
  to   space 2048K, 0% used [0x00000000ebb80000,0x00000000ebb80000,0x00000000ebd80000)
 ParOldGen       total 68608K, used 43066K [0x00000000c0000000, 0x00000000c4300000, 0x00000000eab00000)
  object space 68608K, 62% used [0x00000000c0000000,0x00000000c2a0e820,0x00000000c4300000)
 Metaspace       used 60357K, committed 61568K, reserved 1114112K
  class space    used 6451K, committed 6976K, reserved 1048576K
}
Event: 34.589 GC heap before
{Heap before GC invocations=36 (full 3):
 PSYoungGen      total 17408K, used 17394K [0x00000000eab00000, 0x00000000ebf80000, 0x0000000100000000)
  eden space 16896K, 100% used [0x00000000eab00000,0x00000000ebb80000,0x00000000ebb80000)
  from space 512K, 97% used [0x00000000ebe00000,0x00000000ebe7cb20,0x00000000ebe80000)
  to   space 2048K, 0% used [0x00000000ebb80000,0x00000000ebb80000,0x00000000ebd80000)
 ParOldGen       total 68608K, used 43066K [0x00000000c0000000, 0x00000000c4300000, 0x00000000eab00000)
  object space 68608K, 62% used [0x00000000c0000000,0x00000000c2a0e820,0x00000000c4300000)
 Metaspace       used 60887K, committed 62144K, reserved 1114112K
  class space    used 6510K, committed 7040K, reserved 1048576K
}
Event: 34.590 GC heap after
{Heap after GC invocations=36 (full 3):
 PSYoungGen      total 17920K, used 704K [0x00000000eab00000, 0x00000000ebe80000, 0x0000000100000000)
  eden space 16896K, 0% used [0x00000000eab00000,0x00000000eab00000,0x00000000ebb80000)
  from space 1024K, 68% used [0x00000000ebb80000,0x00000000ebc301b0,0x00000000ebc80000)
  to   space 1536K, 0% used [0x00000000ebd00000,0x00000000ebd00000,0x00000000ebe80000)
 ParOldGen       total 68608K, used 43580K [0x00000000c0000000, 0x00000000c4300000, 0x00000000eab00000)
  object space 68608K, 63% used [0x00000000c0000000,0x00000000c2a8f340,0x00000000c4300000)
 Metaspace       used 60887K, committed 62144K, reserved 1114112K
  class space    used 6510K, committed 7040K, reserved 1048576K
}
Event: 34.753 GC heap before
{Heap before GC invocations=37 (full 3):
 PSYoungGen      total 17920K, used 17523K [0x00000000eab00000, 0x00000000ebe80000, 0x0000000100000000)
  eden space 16896K, 99% used [0x00000000eab00000,0x00000000ebb6ccf0,0x00000000ebb80000)
  from space 1024K, 68% used [0x00000000ebb80000,0x00000000ebc301b0,0x00000000ebc80000)
  to   space 1536K, 0% used [0x00000000ebd00000,0x00000000ebd00000,0x00000000ebe80000)
 ParOldGen       total 68608K, used 43580K [0x00000000c0000000, 0x00000000c4300000, 0x00000000eab00000)
  object space 68608K, 63% used [0x00000000c0000000,0x00000000c2a8f340,0x00000000c4300000)
 Metaspace       used 60916K, committed 62144K, reserved 1114112K
  class space    used 6510K, committed 7040K, reserved 1048576K
}
Event: 34.754 GC heap after
{Heap after GC invocations=37 (full 3):
 PSYoungGen      total 17920K, used 912K [0x00000000eab00000, 0x00000000ebe00000, 0x0000000100000000)
  eden space 16896K, 0% used [0x00000000eab00000,0x00000000eab00000,0x00000000ebb80000)
  from space 1024K, 89% used [0x00000000ebd00000,0x00000000ebde4090,0x00000000ebe00000)
  to   space 1024K, 0% used [0x00000000ebb80000,0x00000000ebb80000,0x00000000ebc80000)
 ParOldGen       total 68608K, used 43846K [0x00000000c0000000, 0x00000000c4300000, 0x00000000eab00000)
  object space 68608K, 63% used [0x00000000c0000000,0x00000000c2ad1928,0x00000000c4300000)
 Metaspace       used 60916K, committed 62144K, reserved 1114112K
  class space    used 6510K, committed 7040K, reserved 1048576K
}

