# JRE version: OpenJDK Runtime Environment JBR-17.0.9+7-1087.9-nomod (17.0.9+7) (build 17.0.9+7-b1087.9)
# Java VM: OpenJDK 64-Bit Server VM JBR-17.0.9+7-1087.9-nomod (17.0.9+7-b1087.9, mixed mode, tiered, compressed oops, compressed class ptrs, g1 gc, windows-amd64)
GC Precious Log:
 CPUs: 4 total, 4 available
 Memory: 8082M
 Large Page Support: Disabled
 NUMA Support: Disabled
 Compressed Oops: Enabled (32-bit)
 Heap Region Size: 1M
 Heap Min Capacity: 8M
 Heap Initial Capacity: 128M
 Heap Max Capacity: 2022M
 Pre-touch: Disabled
 Parallel Workers: 4
 Concurrent Workers: 1
 Concurrent Refinement Workers: 4
 Periodic GC: Disabled
Heap:
 garbage-first heap   total 78848K, used 39167K [0x0000000081a00000, 0x0000000100000000)
  region size 1024K, 4 young (4096K), 3 survivors (3072K)
 Metaspace       used 72850K, committed 73344K, reserved 1114112K
  class space    used 9550K, committed 9792K, reserved 1048576K
GC Heap History (20 events):
Event: 12.408 GC heap before
{Heap before GC invocations=21 (full 0):
 garbage-first heap   total 63488K, used 44309K [0x0000000081a00000, 0x0000000100000000)
  region size 1024K, 15 young (15360K), 1 survivors (1024K)
 Metaspace       used 44172K, committed 44544K, reserved 1114112K
  class space    used 5375K, committed 5568K, reserved 1048576K
}
Event: 12.412 GC heap after
{Heap after GC invocations=22 (full 0):
 garbage-first heap   total 63488K, used 30232K [0x0000000081a00000, 0x0000000100000000)
  region size 1024K, 1 young (1024K), 1 survivors (1024K)
 Metaspace       used 44172K, committed 44544K, reserved 1114112K
  class space    used 5375K, committed 5568K, reserved 1048576K
}
Event: 13.259 GC heap before
{Heap before GC invocations=22 (full 0):
 garbage-first heap   total 63488K, used 45592K [0x0000000081a00000, 0x0000000100000000)
  region size 1024K, 17 young (17408K), 1 survivors (1024K)
 Metaspace       used 47511K, committed 47936K, reserved 1114112K
  class space    used 5894K, committed 6080K, reserved 1048576K
}
Event: 13.263 GC heap after
{Heap after GC invocations=23 (full 0):
 garbage-first heap   total 63488K, used 30674K [0x0000000081a00000, 0x0000000100000000)
  region size 1024K, 2 young (2048K), 2 survivors (2048K)
 Metaspace       used 47511K, committed 47936K, reserved 1114112K
  class space    used 5894K, committed 6080K, reserved 1048576K
}
Event: 13.950 GC heap before
{Heap before GC invocations=24 (full 0):
 garbage-first heap   total 63488K, used 46034K [0x0000000081a00000, 0x0000000100000000)
  region size 1024K, 18 young (18432K), 2 survivors (2048K)
 Metaspace       used 51477K, committed 51904K, reserved 1114112K
  class space    used 6391K, committed 6592K, reserved 1048576K
}
Event: 13.954 GC heap after
{Heap after GC invocations=25 (full 0):
 garbage-first heap   total 63488K, used 31614K [0x0000000081a00000, 0x0000000100000000)
  region size 1024K, 3 young (3072K), 3 survivors (3072K)
 Metaspace       used 51477K, committed 51904K, reserved 1114112K
  class space    used 6391K, committed 6592K, reserved 1048576K
}
Event: 14.530 GC heap before
{Heap before GC invocations=25 (full 0):
 garbage-first heap   total 63488K, used 46974K [0x0000000081a00000, 0x0000000100000000)
  region size 1024K, 19 young (19456K), 3 survivors (3072K)
 Metaspace       used 54794K, committed 55168K, reserved 1114112K
  class space    used 6853K, committed 7040K, reserved 1048576K
}
Event: 14.535 GC heap after
{Heap after GC invocations=26 (full 0):
 garbage-first heap   total 63488K, used 33176K [0x0000000081a00000, 0x0000000100000000)
  region size 1024K, 3 young (3072K), 3 survivors (3072K)
 Metaspace       used 54794K, committed 55168K, reserved 1114112K
  class space    used 6853K, committed 7040K, reserved 1048576K
}
Event: 15.190 GC heap before
{Heap before GC invocations=27 (full 0):
 garbage-first heap   total 63488K, used 48536K [0x0000000081a00000, 0x0000000100000000)
  region size 1024K, 18 young (18432K), 3 survivors (3072K)
 Metaspace       used 57371K, committed 57728K, reserved 1114112K
  class space    used 7199K, committed 7360K, reserved 1048576K
}
Event: 15.201 GC heap after
{Heap after GC invocations=28 (full 0):
 garbage-first heap   total 63488K, used 34123K [0x0000000081a00000, 0x0000000100000000)
  region size 1024K, 1 young (1024K), 1 survivors (1024K)
 Metaspace       used 57371K, committed 57728K, reserved 1114112K
  class space    used 7199K, committed 7360K, reserved 1048576K
}
Event: 15.959 GC heap before
{Heap before GC invocations=28 (full 0):
 garbage-first heap   total 63488K, used 49483K [0x0000000081a00000, 0x0000000100000000)
  region size 1024K, 17 young (17408K), 1 survivors (1024K)
 Metaspace       used 61353K, committed 61824K, reserved 1114112K
  class space    used 7839K, committed 8064K, reserved 1048576K
}
Event: 15.965 GC heap after
{Heap after GC invocations=29 (full 0):
 garbage-first heap   total 63488K, used 34585K [0x0000000081a00000, 0x0000000100000000)
  region size 1024K, 2 young (2048K), 2 survivors (2048K)
 Metaspace       used 61353K, committed 61824K, reserved 1114112K
  class space    used 7839K, committed 8064K, reserved 1048576K
}
Event: 16.684 GC heap before
{Heap before GC invocations=30 (full 0):
 garbage-first heap   total 63488K, used 49945K [0x0000000081a00000, 0x0000000100000000)
  region size 1024K, 17 young (17408K), 2 survivors (2048K)
 Metaspace       used 63244K, committed 63680K, reserved 1114112K
  class space    used 8184K, committed 8384K, reserved 1048576K
}
Event: 16.688 GC heap after
{Heap after GC invocations=31 (full 0):
 garbage-first heap   total 63488K, used 34967K [0x0000000081a00000, 0x0000000100000000)
  region size 1024K, 2 young (2048K), 2 survivors (2048K)
 Metaspace       used 63244K, committed 63680K, reserved 1114112K
  class space    used 8184K, committed 8384K, reserved 1048576K
}
Event: 17.062 GC heap before
{Heap before GC invocations=31 (full 0):
 garbage-first heap   total 63488K, used 50327K [0x0000000081a00000, 0x0000000100000000)
  region size 1024K, 18 young (18432K), 2 survivors (2048K)
 Metaspace       used 64928K, committed 65408K, reserved 1114112K
  class space    used 8407K, committed 8640K, reserved 1048576K
}
Event: 17.066 GC heap after
{Heap after GC invocations=32 (full 0):
 garbage-first heap   total 63488K, used 35631K [0x0000000081a00000, 0x0000000100000000)
  region size 1024K, 2 young (2048K), 2 survivors (2048K)
 Metaspace       used 64928K, committed 65408K, reserved 1114112K
  class space    used 8407K, committed 8640K, reserved 1048576K
}
Event: 17.789 GC heap before
{Heap before GC invocations=33 (full 0):
 garbage-first heap   total 65536K, used 49967K [0x0000000081a00000, 0x0000000100000000)
  region size 1024K, 17 young (17408K), 2 survivors (2048K)
 Metaspace       used 67572K, committed 68032K, reserved 1114112K
  class space    used 8722K, committed 8960K, reserved 1048576K
}
Event: 17.794 GC heap after
{Heap after GC invocations=34 (full 0):
 garbage-first heap   total 78848K, used 36507K [0x0000000081a00000, 0x0000000100000000)
  region size 1024K, 3 young (3072K), 3 survivors (3072K)
 Metaspace       used 67572K, committed 68032K, reserved 1114112K
  class space    used 8722K, committed 8960K, reserved 1048576K
}
Event: 18.644 GC heap before
{Heap before GC invocations=34 (full 0):
 garbage-first heap   total 78848K, used 62107K [0x0000000081a00000, 0x0000000100000000)
  region size 1024K, 29 young (29696K), 3 survivors (3072K)
 Metaspace       used 71510K, committed 71936K, reserved 1114112K
  class space    used 9402K, committed 9600K, reserved 1048576K
}
Event: 18.652 GC heap after
{Heap after GC invocations=35 (full 0):
 garbage-first heap   total 78848K, used 38225K [0x0000000081a00000, 0x0000000100000000)
  region size 1024K, 4 young (4096K), 4 survivors (4096K)
 Metaspace       used 71510K, committed 71936K, reserved 1114112K
  class space    used 9402K, committed 9600K, reserved 1048576K
}

