# JRE version: OpenJDK Runtime Environment JBR-17.0.9+7-1087.9-nomod (17.0.9+7) (build 17.0.9+7-b1087.9)
# Java VM: OpenJDK 64-Bit Server VM JBR-17.0.9+7-1087.9-nomod (17.0.9+7-b1087.9, mixed mode, tiered, compressed oops, compressed class ptrs, g1 gc, windows-amd64)
GC Precious Log:
 CPUs: 4 total, 4 available
 Memory: 8082M
 Large Page Support: Disabled
 NUMA Support: Disabled
 Compressed Oops: Enabled (32-bit)
 Heap Region Size: 1M
 Heap Min Capacity: 8M
 Heap Initial Capacity: 128M
 Heap Max Capacity: 2022M
 Pre-touch: Disabled
 Parallel Workers: 4
 Concurrent Workers: 1
 Concurrent Refinement Workers: 4
 Periodic GC: Disabled
Heap:
 garbage-first heap   total 58368K, used 46899K [0x0000000081a00000, 0x0000000100000000)
  region size 1024K, 20 young (20480K), 2 survivors (2048K)
 Metaspace       used 72511K, committed 73024K, reserved 1114112K
  class space    used 9755K, committed 9984K, reserved 1048576K
GC Heap History (20 events):
Event: 10.185 GC heap after
{Heap after GC invocations=18 (full 0):
 garbage-first heap   total 40960K, used 22386K [0x0000000081a00000, 0x0000000100000000)
  region size 1024K, 2 young (2048K), 2 survivors (2048K)
 Metaspace       used 52823K, committed 53248K, reserved 1114112K
  class space    used 6725K, committed 6912K, reserved 1048576K
}
Event: 10.531 GC heap before
{Heap before GC invocations=19 (full 0):
 garbage-first heap   total 40960K, used 31602K [0x0000000081a00000, 0x0000000100000000)
  region size 1024K, 11 young (11264K), 2 survivors (2048K)
 Metaspace       used 54977K, committed 55424K, reserved 1114112K
  class space    used 7012K, committed 7232K, reserved 1048576K
}
Event: 10.534 GC heap after
{Heap after GC invocations=20 (full 0):
 garbage-first heap   total 40960K, used 23261K [0x0000000081a00000, 0x0000000100000000)
  region size 1024K, 1 young (1024K), 1 survivors (1024K)
 Metaspace       used 54977K, committed 55424K, reserved 1114112K
  class space    used 7012K, committed 7232K, reserved 1048576K
}
Event: 10.858 GC heap before
{Heap before GC invocations=20 (full 0):
 garbage-first heap   total 40960K, used 33501K [0x0000000081a00000, 0x0000000100000000)
  region size 1024K, 11 young (11264K), 1 survivors (1024K)
 Metaspace       used 57552K, committed 58048K, reserved 1114112K
  class space    used 7458K, committed 7680K, reserved 1048576K
}
Event: 10.861 GC heap after
{Heap after GC invocations=21 (full 0):
 garbage-first heap   total 40960K, used 23636K [0x0000000081a00000, 0x0000000100000000)
  region size 1024K, 2 young (2048K), 2 survivors (2048K)
 Metaspace       used 57552K, committed 58048K, reserved 1114112K
  class space    used 7458K, committed 7680K, reserved 1048576K
}
Event: 11.199 GC heap before
{Heap before GC invocations=22 (full 0):
 garbage-first heap   total 45056K, used 32852K [0x0000000081a00000, 0x0000000100000000)
  region size 1024K, 11 young (11264K), 2 survivors (2048K)
 Metaspace       used 59931K, committed 60352K, reserved 1114112K
  class space    used 7863K, committed 8064K, reserved 1048576K
}
Event: 11.203 GC heap after
{Heap after GC invocations=23 (full 0):
 garbage-first heap   total 45056K, used 24043K [0x0000000081a00000, 0x0000000100000000)
  region size 1024K, 1 young (1024K), 1 survivors (1024K)
 Metaspace       used 59931K, committed 60352K, reserved 1114112K
  class space    used 7863K, committed 8064K, reserved 1048576K
}
Event: 11.581 GC heap before
{Heap before GC invocations=23 (full 0):
 garbage-first heap   total 45056K, used 36331K [0x0000000081a00000, 0x0000000100000000)
  region size 1024K, 13 young (13312K), 1 survivors (1024K)
 Metaspace       used 61511K, committed 61952K, reserved 1114112K
  class space    used 8097K, committed 8320K, reserved 1048576K
}
Event: 11.583 GC heap after
{Heap after GC invocations=24 (full 0):
 garbage-first heap   total 45056K, used 24347K [0x0000000081a00000, 0x0000000100000000)
  region size 1024K, 2 young (2048K), 2 survivors (2048K)
 Metaspace       used 61511K, committed 61952K, reserved 1114112K
  class space    used 8097K, committed 8320K, reserved 1048576K
}
Event: 11.857 GC heap before
{Heap before GC invocations=25 (full 0):
 garbage-first heap   total 48128K, used 35611K [0x0000000081a00000, 0x0000000100000000)
  region size 1024K, 13 young (13312K), 2 survivors (2048K)
 Metaspace       used 63306K, committed 63808K, reserved 1114112K
  class space    used 8391K, committed 8640K, reserved 1048576K
}
Event: 11.861 GC heap after
{Heap after GC invocations=26 (full 0):
 garbage-first heap   total 48128K, used 24797K [0x0000000081a00000, 0x0000000100000000)
  region size 1024K, 2 young (2048K), 2 survivors (2048K)
 Metaspace       used 63306K, committed 63808K, reserved 1114112K
  class space    used 8391K, committed 8640K, reserved 1048576K
}
Event: 12.416 GC heap before
{Heap before GC invocations=26 (full 0):
 garbage-first heap   total 48128K, used 38109K [0x0000000081a00000, 0x0000000100000000)
  region size 1024K, 15 young (15360K), 2 survivors (2048K)
 Metaspace       used 66038K, committed 66560K, reserved 1114112K
  class space    used 8693K, committed 8960K, reserved 1048576K
}
Event: 12.422 GC heap after
{Heap after GC invocations=27 (full 0):
 garbage-first heap   total 48128K, used 25959K [0x0000000081a00000, 0x0000000100000000)
  region size 1024K, 2 young (2048K), 2 survivors (2048K)
 Metaspace       used 66038K, committed 66560K, reserved 1114112K
  class space    used 8693K, committed 8960K, reserved 1048576K
}
Event: 12.717 GC heap before
{Heap before GC invocations=28 (full 0):
 garbage-first heap   total 48128K, used 39271K [0x0000000081a00000, 0x0000000100000000)
  region size 1024K, 15 young (15360K), 2 survivors (2048K)
 Metaspace       used 66791K, committed 67328K, reserved 1114112K
  class space    used 8836K, committed 9088K, reserved 1048576K
}
Event: 12.724 GC heap after
{Heap after GC invocations=29 (full 0):
 garbage-first heap   total 48128K, used 26467K [0x0000000081a00000, 0x0000000100000000)
  region size 1024K, 1 young (1024K), 1 survivors (1024K)
 Metaspace       used 66791K, committed 67328K, reserved 1114112K
  class space    used 8836K, committed 9088K, reserved 1048576K
}
Event: 12.965 GC heap before
{Heap before GC invocations=29 (full 0):
 garbage-first heap   total 48128K, used 38755K [0x0000000081a00000, 0x0000000100000000)
  region size 1024K, 13 young (13312K), 1 survivors (1024K)
 Metaspace       used 66983K, committed 67520K, reserved 1114112K
  class space    used 8851K, committed 9088K, reserved 1048576K
}
Event: 12.968 GC heap after
{Heap after GC invocations=30 (full 0):
 garbage-first heap   total 58368K, used 26759K [0x0000000081a00000, 0x0000000100000000)
  region size 1024K, 1 young (1024K), 1 survivors (1024K)
 Metaspace       used 66983K, committed 67520K, reserved 1114112K
  class space    used 8851K, committed 9088K, reserved 1048576K
}
Event: 13.890 GC heap before
{Heap before GC invocations=31 (full 0):
 garbage-first heap   total 58368K, used 47239K [0x0000000081a00000, 0x0000000100000000)
  region size 1024K, 21 young (21504K), 1 survivors (1024K)
 Metaspace       used 69726K, committed 70208K, reserved 1114112K
  class space    used 9235K, committed 9472K, reserved 1048576K
}
Event: 13.895 GC heap after
{Heap after GC invocations=32 (full 0):
 garbage-first heap   total 58368K, used 28467K [0x0000000081a00000, 0x0000000100000000)
  region size 1024K, 3 young (3072K), 3 survivors (3072K)
 Metaspace       used 69726K, committed 70208K, reserved 1114112K
  class space    used 9235K, committed 9472K, reserved 1048576K
}
Event: 14.624 GC heap before
{Heap before GC invocations=32 (full 0):
 garbage-first heap   total 58368K, used 46899K [0x0000000081a00000, 0x0000000100000000)
  region size 1024K, 21 young (21504K), 3 survivors (3072K)
 Metaspace       used 72511K, committed 73024K, reserved 1114112K
  class space    used 9755K, committed 9984K, reserved 1048576K
}

