# JRE version: OpenJDK Runtime Environment Temurin-17.0.9+9 (17.0.9+9) (build 17.0.9+9)
# Java VM: OpenJDK 64-Bit Server VM Temurin-17.0.9+9 (17.0.9+9, mixed mode, tiered, compressed oops, compressed class ptrs, parallel gc, windows-amd64)
GC Precious Log:
 CPUs: 4 total, 4 available
 Memory: 8082M
 Large Page Support: Disabled
 NUMA Support: Disabled
 Compressed Oops: Enabled (32-bit)
 Alignments: Space 512K, Generation 512K, Heap 2M
 Heap Min Capacity: 100M
 Heap Initial Capacity: 100M
 Heap Max Capacity: 1G
 Pre-touch: Disabled
 Parallel Workers: 4
Heap:
 PSYoungGen      total 20480K, used 20384K [0x00000000eab00000, 0x00000000ec200000, 0x0000000100000000)
  eden space 18432K, 100% used [0x00000000eab00000,0x00000000ebd00000,0x00000000ebd00000)
  from space 2048K, 95% used [0x00000000ec000000,0x00000000ec1e8000,0x00000000ec200000)
  to   space 2560K, 85% used [0x00000000ebd00000,0x00000000ebf20000,0x00000000ebf80000)
 ParOldGen       total 68608K, used 34408K [0x00000000c0000000, 0x00000000c4300000, 0x00000000eab00000)
  object space 68608K, 50% used [0x00000000c0000000,0x00000000c219a0a0,0x00000000c4300000)
 Metaspace       used 55581K, committed 56768K, reserved 1114112K
  class space    used 5978K, committed 6528K, reserved 1048576K
GC Heap History (20 events):
Event: 6.993 GC heap after
{Heap after GC invocations=17 (full 2):
 PSYoungGen      total 24576K, used 1341K [0x00000000eab00000, 0x00000000ec580000, 0x0000000100000000)
  eden space 22016K, 0% used [0x00000000eab00000,0x00000000eab00000,0x00000000ec080000)
  from space 2560K, 52% used [0x00000000ec080000,0x00000000ec1cf5c8,0x00000000ec300000)
  to   space 2048K, 0% used [0x00000000ec380000,0x00000000ec380000,0x00000000ec580000)
 ParOldGen       total 68608K, used 17900K [0x00000000c0000000, 0x00000000c4300000, 0x00000000eab00000)
  object space 68608K, 26% used [0x00000000c0000000,0x00000000c117b360,0x00000000c4300000)
 Metaspace       used 48533K, committed 49600K, reserved 1114112K
  class space    used 5158K, committed 5696K, reserved 1048576K
}
Event: 7.578 GC heap before
{Heap before GC invocations=18 (full 2):
 PSYoungGen      total 24576K, used 23357K [0x00000000eab00000, 0x00000000ec580000, 0x0000000100000000)
  eden space 22016K, 100% used [0x00000000eab00000,0x00000000ec080000,0x00000000ec080000)
  from space 2560K, 52% used [0x00000000ec080000,0x00000000ec1cf5c8,0x00000000ec300000)
  to   space 2048K, 0% used [0x00000000ec380000,0x00000000ec380000,0x00000000ec580000)
 ParOldGen       total 68608K, used 17900K [0x00000000c0000000, 0x00000000c4300000, 0x00000000eab00000)
  object space 68608K, 26% used [0x00000000c0000000,0x00000000c117b360,0x00000000c4300000)
 Metaspace       used 51009K, committed 52096K, reserved 1114112K
  class space    used 5492K, committed 6016K, reserved 1048576K
}
Event: 7.582 GC heap after
{Heap after GC invocations=18 (full 2):
 PSYoungGen      total 23040K, used 2039K [0x00000000eab00000, 0x00000000ec880000, 0x0000000100000000)
  eden space 20992K, 0% used [0x00000000eab00000,0x00000000eab00000,0x00000000ebf80000)
  from space 2048K, 99% used [0x00000000ec380000,0x00000000ec57dee0,0x00000000ec580000)
  to   space 4096K, 0% used [0x00000000ebf80000,0x00000000ebf80000,0x00000000ec380000)
 ParOldGen       total 68608K, used 19125K [0x00000000c0000000, 0x00000000c4300000, 0x00000000eab00000)
  object space 68608K, 27% used [0x00000000c0000000,0x00000000c12ad650,0x00000000c4300000)
 Metaspace       used 51009K, committed 52096K, reserved 1114112K
  class space    used 5492K, committed 6016K, reserved 1048576K
}
Event: 8.144 GC heap before
{Heap before GC invocations=19 (full 2):
 PSYoungGen      total 23040K, used 22990K [0x00000000eab00000, 0x00000000ec880000, 0x0000000100000000)
  eden space 20992K, 99% used [0x00000000eab00000,0x00000000ebf75c70,0x00000000ebf80000)
  from space 2048K, 99% used [0x00000000ec380000,0x00000000ec57dee0,0x00000000ec580000)
  to   space 4096K, 0% used [0x00000000ebf80000,0x00000000ebf80000,0x00000000ec380000)
 ParOldGen       total 68608K, used 19125K [0x00000000c0000000, 0x00000000c4300000, 0x00000000eab00000)
  object space 68608K, 27% used [0x00000000c0000000,0x00000000c12ad650,0x00000000c4300000)
 Metaspace       used 53893K, committed 55040K, reserved 1114112K
  class space    used 5797K, committed 6336K, reserved 1048576K
}
Event: 8.150 GC heap after
{Heap after GC invocations=19 (full 2):
 PSYoungGen      total 22016K, used 988K [0x00000000eab00000, 0x00000000ec400000, 0x0000000100000000)
  eden space 20992K, 0% used [0x00000000eab00000,0x00000000eab00000,0x00000000ebf80000)
  from space 1024K, 96% used [0x00000000ebf80000,0x00000000ec077158,0x00000000ec080000)
  to   space 2048K, 0% used [0x00000000ec200000,0x00000000ec200000,0x00000000ec400000)
 ParOldGen       total 68608K, used 21126K [0x00000000c0000000, 0x00000000c4300000, 0x00000000eab00000)
  object space 68608K, 30% used [0x00000000c0000000,0x00000000c14a1a78,0x00000000c4300000)
 Metaspace       used 53893K, committed 55040K, reserved 1114112K
  class space    used 5797K, committed 6336K, reserved 1048576K
}
Event: 8.559 GC heap before
{Heap before GC invocations=20 (full 2):
 PSYoungGen      total 22016K, used 21980K [0x00000000eab00000, 0x00000000ec400000, 0x0000000100000000)
  eden space 20992K, 100% used [0x00000000eab00000,0x00000000ebf80000,0x00000000ebf80000)
  from space 1024K, 96% used [0x00000000ebf80000,0x00000000ec077158,0x00000000ec080000)
  to   space 2048K, 0% used [0x00000000ec200000,0x00000000ec200000,0x00000000ec400000)
 ParOldGen       total 68608K, used 21126K [0x00000000c0000000, 0x00000000c4300000, 0x00000000eab00000)
  object space 68608K, 30% used [0x00000000c0000000,0x00000000c14a1ab8,0x00000000c4300000)
 Metaspace       used 54685K, committed 55744K, reserved 1114112K
  class space    used 5869K, committed 6336K, reserved 1048576K
}
Event: 8.562 GC heap after
{Heap after GC invocations=20 (full 2):
 PSYoungGen      total 22016K, used 992K [0x00000000eab00000, 0x00000000ec300000, 0x0000000100000000)
  eden space 20992K, 0% used [0x00000000eab00000,0x00000000eab00000,0x00000000ebf80000)
  from space 1024K, 96% used [0x00000000ec200000,0x00000000ec2f8000,0x00000000ec300000)
  to   space 1536K, 0% used [0x00000000ec000000,0x00000000ec000000,0x00000000ec180000)
 ParOldGen       total 68608K, used 22035K [0x00000000c0000000, 0x00000000c4300000, 0x00000000eab00000)
  object space 68608K, 32% used [0x00000000c0000000,0x00000000c1584f50,0x00000000c4300000)
 Metaspace       used 54685K, committed 55744K, reserved 1114112K
  class space    used 5869K, committed 6336K, reserved 1048576K
}
Event: 8.790 GC heap before
{Heap before GC invocations=21 (full 2):
 PSYoungGen      total 22016K, used 21984K [0x00000000eab00000, 0x00000000ec300000, 0x0000000100000000)
  eden space 20992K, 100% used [0x00000000eab00000,0x00000000ebf80000,0x00000000ebf80000)
  from space 1024K, 96% used [0x00000000ec200000,0x00000000ec2f8000,0x00000000ec300000)
  to   space 1536K, 0% used [0x00000000ec000000,0x00000000ec000000,0x00000000ec180000)
 ParOldGen       total 68608K, used 22038K [0x00000000c0000000, 0x00000000c4300000, 0x00000000eab00000)
  object space 68608K, 32% used [0x00000000c0000000,0x00000000c1585af0,0x00000000c4300000)
 Metaspace       used 55206K, committed 56384K, reserved 1114112K
  class space    used 5941K, committed 6528K, reserved 1048576K
}
Event: 8.793 GC heap after
{Heap after GC invocations=21 (full 2):
 PSYoungGen      total 22528K, used 1504K [0x00000000eab00000, 0x00000000ec580000, 0x0000000100000000)
  eden space 20992K, 0% used [0x00000000eab00000,0x00000000eab00000,0x00000000ebf80000)
  from space 1536K, 97% used [0x00000000ec000000,0x00000000ec178020,0x00000000ec180000)
  to   space 3072K, 0% used [0x00000000ec280000,0x00000000ec280000,0x00000000ec580000)
 ParOldGen       total 68608K, used 23131K [0x00000000c0000000, 0x00000000c4300000, 0x00000000eab00000)
  object space 68608K, 33% used [0x00000000c0000000,0x00000000c1696e58,0x00000000c4300000)
 Metaspace       used 55206K, committed 56384K, reserved 1114112K
  class space    used 5941K, committed 6528K, reserved 1048576K
}
Event: 8.920 GC heap before
{Heap before GC invocations=22 (full 2):
 PSYoungGen      total 22528K, used 22496K [0x00000000eab00000, 0x00000000ec580000, 0x0000000100000000)
  eden space 20992K, 100% used [0x00000000eab00000,0x00000000ebf80000,0x00000000ebf80000)
  from space 1536K, 97% used [0x00000000ec000000,0x00000000ec178020,0x00000000ec180000)
  to   space 3072K, 0% used [0x00000000ec280000,0x00000000ec280000,0x00000000ec580000)
 ParOldGen       total 68608K, used 23131K [0x00000000c0000000, 0x00000000c4300000, 0x00000000eab00000)
  object space 68608K, 33% used [0x00000000c0000000,0x00000000c1696e58,0x00000000c4300000)
 Metaspace       used 55316K, committed 56512K, reserved 1114112K
  class space    used 5951K, committed 6528K, reserved 1048576K
}
Event: 8.924 GC heap after
{Heap after GC invocations=22 (full 2):
 PSYoungGen      total 23040K, used 1888K [0x00000000eab00000, 0x00000000ec480000, 0x0000000100000000)
  eden space 20992K, 0% used [0x00000000eab00000,0x00000000eab00000,0x00000000ebf80000)
  from space 2048K, 92% used [0x00000000ec280000,0x00000000ec458010,0x00000000ec480000)
  to   space 2560K, 0% used [0x00000000ebf80000,0x00000000ebf80000,0x00000000ec200000)
 ParOldGen       total 68608K, used 24619K [0x00000000c0000000, 0x00000000c4300000, 0x00000000eab00000)
  object space 68608K, 35% used [0x00000000c0000000,0x00000000c180ae78,0x00000000c4300000)
 Metaspace       used 55316K, committed 56512K, reserved 1114112K
  class space    used 5951K, committed 6528K, reserved 1048576K
}
Event: 9.027 GC heap before
{Heap before GC invocations=23 (full 2):
 PSYoungGen      total 23040K, used 22880K [0x00000000eab00000, 0x00000000ec480000, 0x0000000100000000)
  eden space 20992K, 100% used [0x00000000eab00000,0x00000000ebf80000,0x00000000ebf80000)
  from space 2048K, 92% used [0x00000000ec280000,0x00000000ec458010,0x00000000ec480000)
  to   space 2560K, 0% used [0x00000000ebf80000,0x00000000ebf80000,0x00000000ec200000)
 ParOldGen       total 68608K, used 24619K [0x00000000c0000000, 0x00000000c4300000, 0x00000000eab00000)
  object space 68608K, 35% used [0x00000000c0000000,0x00000000c180ae78,0x00000000c4300000)
 Metaspace       used 55374K, committed 56512K, reserved 1114112K
  class space    used 5957K, committed 6528K, reserved 1048576K
}
Event: 9.030 GC heap after
{Heap after GC invocations=23 (full 2):
 PSYoungGen      total 23040K, used 1940K [0x00000000eab00000, 0x00000000ec380000, 0x0000000100000000)
  eden space 20992K, 0% used [0x00000000eab00000,0x00000000eab00000,0x00000000ebf80000)
  from space 2048K, 94% used [0x00000000ebf80000,0x00000000ec165130,0x00000000ec180000)
  to   space 2048K, 0% used [0x00000000ec180000,0x00000000ec180000,0x00000000ec380000)
 ParOldGen       total 68608K, used 26371K [0x00000000c0000000, 0x00000000c4300000, 0x00000000eab00000)
  object space 68608K, 38% used [0x00000000c0000000,0x00000000c19c0e78,0x00000000c4300000)
 Metaspace       used 55374K, committed 56512K, reserved 1114112K
  class space    used 5957K, committed 6528K, reserved 1048576K
}
Event: 9.176 GC heap before
{Heap before GC invocations=24 (full 2):
 PSYoungGen      total 23040K, used 22932K [0x00000000eab00000, 0x00000000ec380000, 0x0000000100000000)
  eden space 20992K, 100% used [0x00000000eab00000,0x00000000ebf80000,0x00000000ebf80000)
  from space 2048K, 94% used [0x00000000ebf80000,0x00000000ec165130,0x00000000ec180000)
  to   space 2048K, 0% used [0x00000000ec180000,0x00000000ec180000,0x00000000ec380000)
 ParOldGen       total 68608K, used 26371K [0x00000000c0000000, 0x00000000c4300000, 0x00000000eab00000)
  object space 68608K, 38% used [0x00000000c0000000,0x00000000c19c0e78,0x00000000c4300000)
 Metaspace       used 55399K, committed 56512K, reserved 1114112K
  class space    used 5962K, committed 6528K, reserved 1048576K
}
Event: 9.184 GC heap after
{Heap after GC invocations=24 (full 2):
 PSYoungGen      total 20480K, used 2016K [0x00000000eab00000, 0x00000000ec880000, 0x0000000100000000)
  eden space 18432K, 0% used [0x00000000eab00000,0x00000000eab00000,0x00000000ebd00000)
  from space 2048K, 98% used [0x00000000ec180000,0x00000000ec378010,0x00000000ec380000)
  to   space 4608K, 0% used [0x00000000ebd00000,0x00000000ebd00000,0x00000000ec180000)
 ParOldGen       total 68608K, used 28571K [0x00000000c0000000, 0x00000000c4300000, 0x00000000eab00000)
  object space 68608K, 41% used [0x00000000c0000000,0x00000000c1be6d28,0x00000000c4300000)
 Metaspace       used 55399K, committed 56512K, reserved 1114112K
  class space    used 5962K, committed 6528K, reserved 1048576K
}
Event: 9.274 GC heap before
{Heap before GC invocations=25 (full 2):
 PSYoungGen      total 20480K, used 20448K [0x00000000eab00000, 0x00000000ec880000, 0x0000000100000000)
  eden space 18432K, 100% used [0x00000000eab00000,0x00000000ebd00000,0x00000000ebd00000)
  from space 2048K, 98% used [0x00000000ec180000,0x00000000ec378010,0x00000000ec380000)
  to   space 4608K, 0% used [0x00000000ebd00000,0x00000000ebd00000,0x00000000ec180000)
 ParOldGen       total 68608K, used 28571K [0x00000000c0000000, 0x00000000c4300000, 0x00000000eab00000)
  object space 68608K, 41% used [0x00000000c0000000,0x00000000c1be6d28,0x00000000c4300000)
 Metaspace       used 55399K, committed 56512K, reserved 1114112K
  class space    used 5962K, committed 6528K, reserved 1048576K
}
Event: 9.278 GC heap after
{Heap after GC invocations=25 (full 2):
 PSYoungGen      total 20992K, used 2144K [0x00000000eab00000, 0x00000000ec300000, 0x0000000100000000)
  eden space 18432K, 0% used [0x00000000eab00000,0x00000000eab00000,0x00000000ebd00000)
  from space 2560K, 83% used [0x00000000ebd00000,0x00000000ebf18010,0x00000000ebf80000)
  to   space 3072K, 0% used [0x00000000ec000000,0x00000000ec000000,0x00000000ec300000)
 ParOldGen       total 68608K, used 30568K [0x00000000c0000000, 0x00000000c4300000, 0x00000000eab00000)
  object space 68608K, 44% used [0x00000000c0000000,0x00000000c1dda090,0x00000000c4300000)
 Metaspace       used 55399K, committed 56512K, reserved 1114112K
  class space    used 5962K, committed 6528K, reserved 1048576K
}
Event: 9.369 GC heap before
{Heap before GC invocations=26 (full 2):
 PSYoungGen      total 20992K, used 20576K [0x00000000eab00000, 0x00000000ec300000, 0x0000000100000000)
  eden space 18432K, 100% used [0x00000000eab00000,0x00000000ebd00000,0x00000000ebd00000)
  from space 2560K, 83% used [0x00000000ebd00000,0x00000000ebf18010,0x00000000ebf80000)
  to   space 3072K, 0% used [0x00000000ec000000,0x00000000ec000000,0x00000000ec300000)
 ParOldGen       total 68608K, used 30568K [0x00000000c0000000, 0x00000000c4300000, 0x00000000eab00000)
  object space 68608K, 44% used [0x00000000c0000000,0x00000000c1dda090,0x00000000c4300000)
 Metaspace       used 55399K, committed 56512K, reserved 1114112K
  class space    used 5962K, committed 6528K, reserved 1048576K
}
Event: 9.375 GC heap after
{Heap after GC invocations=26 (full 2):
 PSYoungGen      total 20480K, used 1952K [0x00000000eab00000, 0x00000000ec200000, 0x0000000100000000)
  eden space 18432K, 0% used [0x00000000eab00000,0x00000000eab00000,0x00000000ebd00000)
  from space 2048K, 95% used [0x00000000ec000000,0x00000000ec1e8000,0x00000000ec200000)
  to   space 2560K, 0% used [0x00000000ebd00000,0x00000000ebd00000,0x00000000ebf80000)
 ParOldGen       total 68608K, used 32688K [0x00000000c0000000, 0x00000000c4300000, 0x00000000eab00000)
  object space 68608K, 47% used [0x00000000c0000000,0x00000000c1fec0a0,0x00000000c4300000)
 Metaspace       used 55399K, committed 56512K, reserved 1114112K
  class space    used 5962K, committed 6528K, reserved 1048576K
}
Event: 9.486 GC heap before
{Heap before GC invocations=27 (full 2):
 PSYoungGen      total 20480K, used 20384K [0x00000000eab00000, 0x00000000ec200000, 0x0000000100000000)
  eden space 18432K, 100% used [0x00000000eab00000,0x00000000ebd00000,0x00000000ebd00000)
  from space 2048K, 95% used [0x00000000ec000000,0x00000000ec1e8000,0x00000000ec200000)
  to   space 2560K, 0% used [0x00000000ebd00000,0x00000000ebd00000,0x00000000ebf80000)
 ParOldGen       total 68608K, used 32688K [0x00000000c0000000, 0x00000000c4300000, 0x00000000eab00000)
  object space 68608K, 47% used [0x00000000c0000000,0x00000000c1fec0a0,0x00000000c4300000)
 Metaspace       used 55581K, committed 56768K, reserved 1114112K
  class space    used 5978K, committed 6528K, reserved 1048576K
}

