# JRE version: OpenJDK Runtime Environment JBR-17.0.9+7-1087.9-nomod (17.0.9+7) (build 17.0.9+7-b1087.9)
# Java VM: OpenJDK 64-Bit Server VM JBR-17.0.9+7-1087.9-nomod (17.0.9+7-b1087.9, mixed mode, tiered, compressed oops, compressed class ptrs, g1 gc, windows-amd64)
GC Precious Log:
 CPUs: 4 total, 4 available
 Memory: 8082M
 Large Page Support: Disabled
 NUMA Support: Disabled
 Compressed Oops: Enabled (32-bit)
 Heap Region Size: 1M
 Heap Min Capacity: 8M
 Heap Initial Capacity: 128M
 Heap Max Capacity: 2022M
 Pre-touch: Disabled
 Parallel Workers: 4
 Concurrent Workers: 1
 Concurrent Refinement Workers: 4
 Periodic GC: Disabled
Heap:
 garbage-first heap   total 80896K, used 46286K [0x0000000081a00000, 0x0000000100000000)
  region size 1024K, 12 young (12288K), 3 survivors (3072K)
 Metaspace       used 88104K, committed 88640K, reserved 1179648K
  class space    used 11402K, committed 11648K, reserved 1048576K
GC Heap History (20 events):
Event: 605.861 GC heap before
{Heap before GC invocations=68 (full 0):
 garbage-first heap   total 65536K, used 53821K [0x0000000081a00000, 0x0000000100000000)
  region size 1024K, 19 young (19456K), 1 survivors (1024K)
 Metaspace       used 85833K, committed 86400K, reserved 1179648K
  class space    used 11262K, committed 11520K, reserved 1048576K
}
Event: 605.862 GC heap after
{Heap after GC invocations=69 (full 0):
 garbage-first heap   total 65536K, used 36367K [0x0000000081a00000, 0x0000000100000000)
  region size 1024K, 1 young (1024K), 1 survivors (1024K)
 Metaspace       used 85833K, committed 86400K, reserved 1179648K
  class space    used 11262K, committed 11520K, reserved 1048576K
}
Event: 705.421 GC heap before
{Heap before GC invocations=70 (full 0):
 garbage-first heap   total 65536K, used 54799K [0x0000000081a00000, 0x0000000100000000)
  region size 1024K, 19 young (19456K), 1 survivors (1024K)
 Metaspace       used 85877K, committed 86400K, reserved 1179648K
  class space    used 11262K, committed 11520K, reserved 1048576K
}
Event: 705.424 GC heap after
{Heap after GC invocations=71 (full 0):
 garbage-first heap   total 65536K, used 36385K [0x0000000081a00000, 0x0000000100000000)
  region size 1024K, 1 young (1024K), 1 survivors (1024K)
 Metaspace       used 85877K, committed 86400K, reserved 1179648K
  class space    used 11262K, committed 11520K, reserved 1048576K
}
Event: 722.012 GC heap before
{Heap before GC invocations=71 (full 0):
 garbage-first heap   total 65536K, used 40481K [0x0000000081a00000, 0x0000000100000000)
  region size 1024K, 6 young (6144K), 1 survivors (1024K)
 Metaspace       used 86148K, committed 86592K, reserved 1179648K
  class space    used 11305K, committed 11520K, reserved 1048576K
}
Event: 722.089 GC heap after
{Heap after GC invocations=72 (full 1):
 garbage-first heap   total 65536K, used 31046K [0x0000000081a00000, 0x0000000100000000)
  region size 1024K, 0 young (0K), 0 survivors (0K)
 Metaspace       used 86148K, committed 86592K, reserved 1179648K
  class space    used 11305K, committed 11520K, reserved 1048576K
}
Event: 723.075 GC heap before
{Heap before GC invocations=72 (full 1):
 garbage-first heap   total 65536K, used 53574K [0x0000000081a00000, 0x0000000100000000)
  region size 1024K, 23 young (23552K), 0 survivors (0K)
 Metaspace       used 86436K, committed 86976K, reserved 1179648K
  class space    used 11321K, committed 11584K, reserved 1048576K
}
Event: 723.079 GC heap after
{Heap after GC invocations=73 (full 1):
 garbage-first heap   total 65536K, used 33147K [0x0000000081a00000, 0x0000000100000000)
  region size 1024K, 3 young (3072K), 3 survivors (3072K)
 Metaspace       used 86436K, committed 86976K, reserved 1179648K
  class space    used 11321K, committed 11584K, reserved 1048576K
}
Event: 724.789 GC heap before
{Heap before GC invocations=74 (full 1):
 garbage-first heap   total 65536K, used 52603K [0x0000000081a00000, 0x0000000100000000)
  region size 1024K, 22 young (22528K), 3 survivors (3072K)
 Metaspace       used 86804K, committed 87360K, reserved 1179648K
  class space    used 11341K, committed 11584K, reserved 1048576K
}
Event: 724.794 GC heap after
{Heap after GC invocations=75 (full 1):
 garbage-first heap   total 65536K, used 34296K [0x0000000081a00000, 0x0000000100000000)
  region size 1024K, 2 young (2048K), 2 survivors (2048K)
 Metaspace       used 86804K, committed 87360K, reserved 1179648K
  class space    used 11341K, committed 11584K, reserved 1048576K
}
Event: 725.789 GC heap before
{Heap before GC invocations=75 (full 1):
 garbage-first heap   total 65536K, used 51704K [0x0000000081a00000, 0x0000000100000000)
  region size 1024K, 20 young (20480K), 2 survivors (2048K)
 Metaspace       used 87176K, committed 87744K, reserved 1179648K
  class space    used 11358K, committed 11648K, reserved 1048576K
}
Event: 725.793 GC heap after
{Heap after GC invocations=76 (full 1):
 garbage-first heap   total 65536K, used 35803K [0x0000000081a00000, 0x0000000100000000)
  region size 1024K, 3 young (3072K), 3 survivors (3072K)
 Metaspace       used 87176K, committed 87744K, reserved 1179648K
  class space    used 11358K, committed 11648K, reserved 1048576K
}
Event: 726.489 GC heap before
{Heap before GC invocations=77 (full 1):
 garbage-first heap   total 68608K, used 51163K [0x0000000081a00000, 0x0000000100000000)
  region size 1024K, 19 young (19456K), 3 survivors (3072K)
 Metaspace       used 87522K, committed 88128K, reserved 1179648K
  class space    used 11369K, committed 11648K, reserved 1048576K
}
Event: 726.493 GC heap after
{Heap after GC invocations=78 (full 1):
 garbage-first heap   total 68608K, used 36575K [0x0000000081a00000, 0x0000000100000000)
  region size 1024K, 3 young (3072K), 3 survivors (3072K)
 Metaspace       used 87522K, committed 88128K, reserved 1179648K
  class space    used 11369K, committed 11648K, reserved 1048576K
}
Event: 726.887 GC heap before
{Heap before GC invocations=78 (full 1):
 garbage-first heap   total 68608K, used 55007K [0x0000000081a00000, 0x0000000100000000)
  region size 1024K, 21 young (21504K), 3 survivors (3072K)
 Metaspace       used 87723K, committed 88320K, reserved 1179648K
  class space    used 11385K, committed 11648K, reserved 1048576K
}
Event: 726.891 GC heap after
{Heap after GC invocations=79 (full 1):
 garbage-first heap   total 68608K, used 37209K [0x0000000081a00000, 0x0000000100000000)
  region size 1024K, 2 young (2048K), 2 survivors (2048K)
 Metaspace       used 87723K, committed 88320K, reserved 1179648K
  class space    used 11385K, committed 11648K, reserved 1048576K
}
Event: 727.896 GC heap before
{Heap before GC invocations=80 (full 1):
 garbage-first heap   total 78848K, used 54617K [0x0000000081a00000, 0x0000000100000000)
  region size 1024K, 19 young (19456K), 2 survivors (2048K)
 Metaspace       used 87914K, committed 88512K, reserved 1179648K
  class space    used 11395K, committed 11648K, reserved 1048576K
}
Event: 727.899 GC heap after
{Heap after GC invocations=81 (full 1):
 garbage-first heap   total 78848K, used 37722K [0x0000000081a00000, 0x0000000100000000)
  region size 1024K, 3 young (3072K), 3 survivors (3072K)
 Metaspace       used 87914K, committed 88512K, reserved 1179648K
  class space    used 11395K, committed 11648K, reserved 1048576K
}
Event: 728.574 GC heap before
{Heap before GC invocations=81 (full 1):
 garbage-first heap   total 78848K, used 63322K [0x0000000081a00000, 0x0000000100000000)
  region size 1024K, 28 young (28672K), 3 survivors (3072K)
 Metaspace       used 88064K, committed 88640K, reserved 1179648K
  class space    used 11400K, committed 11648K, reserved 1048576K
}
Event: 728.581 GC heap after
{Heap after GC invocations=82 (full 1):
 garbage-first heap   total 78848K, used 39118K [0x0000000081a00000, 0x0000000100000000)
  region size 1024K, 3 young (3072K), 3 survivors (3072K)
 Metaspace       used 88064K, committed 88640K, reserved 1179648K
  class space    used 11400K, committed 11648K, reserved 1048576K
}

