# JRE version: OpenJDK Runtime Environment JBR-17.0.9+7-1087.9-nomod (17.0.9+7) (build 17.0.9+7-b1087.9)
# Java VM: OpenJDK 64-Bit Server VM JBR-17.0.9+7-1087.9-nomod (17.0.9+7-b1087.9, mixed mode, tiered, compressed oops, compressed class ptrs, g1 gc, windows-amd64)
GC Precious Log:
 CPUs: 4 total, 4 available
 Memory: 8082M
 Large Page Support: Disabled
 NUMA Support: Disabled
 Compressed Oops: Enabled (32-bit)
 Heap Region Size: 1M
 Heap Min Capacity: 8M
 Heap Initial Capacity: 128M
 Heap Max Capacity: 2022M
 Pre-touch: Disabled
 Parallel Workers: 4
 Concurrent Workers: 1
 Concurrent Refinement Workers: 4
 Periodic GC: Disabled
Heap:
 garbage-first heap   total 92160K, used 72668K [0x0000000081a00000, 0x0000000100000000)
  region size 1024K, 38 young (38912K), 3 survivors (3072K)
 Metaspace       used 97628K, committed 98304K, reserved 1179648K
  class space    used 11986K, committed 12288K, reserved 1048576K
GC Heap History (20 events):
Event: 7629.180 GC heap after
{Heap after GC invocations=188 (full 4):
 garbage-first heap   total 92160K, used 32239K [0x0000000081a00000, 0x0000000100000000)
  region size 1024K, 4 young (4096K), 4 survivors (4096K)
 Metaspace       used 94554K, committed 95104K, reserved 1179648K
  class space    used 11788K, committed 12032K, reserved 1048576K
}
Event: 7630.465 GC heap before
{Heap before GC invocations=189 (full 4):
 garbage-first heap   total 92160K, used 73199K [0x0000000081a00000, 0x0000000100000000)
  region size 1024K, 44 young (45056K), 4 survivors (4096K)
 Metaspace       used 95031K, committed 95616K, reserved 1179648K
  class space    used 11812K, committed 12096K, reserved 1048576K
}
Event: 7630.473 GC heap after
{Heap after GC invocations=190 (full 4):
 garbage-first heap   total 92160K, used 34708K [0x0000000081a00000, 0x0000000100000000)
  region size 1024K, 3 young (3072K), 3 survivors (3072K)
 Metaspace       used 95031K, committed 95616K, reserved 1179648K
  class space    used 11812K, committed 12096K, reserved 1048576K
}
Event: 7631.613 GC heap before
{Heap before GC invocations=190 (full 4):
 garbage-first heap   total 92160K, used 74644K [0x0000000081a00000, 0x0000000100000000)
  region size 1024K, 42 young (43008K), 3 survivors (3072K)
 Metaspace       used 95308K, committed 95872K, reserved 1179648K
  class space    used 11830K, committed 12096K, reserved 1048576K
}
Event: 7631.618 GC heap after
{Heap after GC invocations=191 (full 4):
 garbage-first heap   total 92160K, used 36516K [0x0000000081a00000, 0x0000000100000000)
  region size 1024K, 5 young (5120K), 5 survivors (5120K)
 Metaspace       used 95308K, committed 95872K, reserved 1179648K
  class space    used 11830K, committed 12096K, reserved 1048576K
}
Event: 7633.590 GC heap before
{Heap before GC invocations=192 (full 4):
 garbage-first heap   total 92160K, used 59044K [0x0000000081a00000, 0x0000000100000000)
  region size 1024K, 28 young (28672K), 5 survivors (5120K)
 Metaspace       used 95426K, committed 96064K, reserved 1179648K
  class space    used 11838K, committed 12096K, reserved 1048576K
}
Event: 7633.655 GC heap after
{Heap after GC invocations=193 (full 5):
 garbage-first heap   total 92160K, used 29347K [0x0000000081a00000, 0x0000000100000000)
  region size 1024K, 0 young (0K), 0 survivors (0K)
 Metaspace       used 95424K, committed 96064K, reserved 1179648K
  class space    used 11838K, committed 12096K, reserved 1048576K
}
Event: 7634.310 GC heap before
{Heap before GC invocations=193 (full 5):
 garbage-first heap   total 92160K, used 73379K [0x0000000081a00000, 0x0000000100000000)
  region size 1024K, 43 young (44032K), 0 survivors (0K)
 Metaspace       used 95773K, committed 96384K, reserved 1179648K
  class space    used 11867K, committed 12160K, reserved 1048576K
}
Event: 7634.315 GC heap after
{Heap after GC invocations=194 (full 5):
 garbage-first heap   total 92160K, used 32964K [0x0000000081a00000, 0x0000000100000000)
  region size 1024K, 4 young (4096K), 4 survivors (4096K)
 Metaspace       used 95773K, committed 96384K, reserved 1179648K
  class space    used 11867K, committed 12160K, reserved 1048576K
}
Event: 7635.167 GC heap before
{Heap before GC invocations=195 (full 5):
 garbage-first heap   total 92160K, used 72900K [0x0000000081a00000, 0x0000000100000000)
  region size 1024K, 43 young (44032K), 4 survivors (4096K)
 Metaspace       used 96215K, committed 96832K, reserved 1179648K
  class space    used 11892K, committed 12160K, reserved 1048576K
}
Event: 7635.176 GC heap after
{Heap after GC invocations=196 (full 5):
 garbage-first heap   total 92160K, used 35068K [0x0000000081a00000, 0x0000000100000000)
  region size 1024K, 3 young (3072K), 3 survivors (3072K)
 Metaspace       used 96215K, committed 96832K, reserved 1179648K
  class space    used 11892K, committed 12160K, reserved 1048576K
}
Event: 7635.593 GC heap before
{Heap before GC invocations=196 (full 5):
 garbage-first heap   total 92160K, used 73980K [0x0000000081a00000, 0x0000000100000000)
  region size 1024K, 41 young (41984K), 3 survivors (3072K)
 Metaspace       used 96461K, committed 97088K, reserved 1179648K
  class space    used 11906K, committed 12224K, reserved 1048576K
}
Event: 7635.600 GC heap after
{Heap after GC invocations=197 (full 5):
 garbage-first heap   total 92160K, used 36591K [0x0000000081a00000, 0x0000000100000000)
  region size 1024K, 5 young (5120K), 5 survivors (5120K)
 Metaspace       used 96461K, committed 97088K, reserved 1179648K
  class space    used 11906K, committed 12224K, reserved 1048576K
}
Event: 7660.036 GC heap before
{Heap before GC invocations=198 (full 5):
 garbage-first heap   total 92160K, used 73455K [0x0000000081a00000, 0x0000000100000000)
  region size 1024K, 41 young (41984K), 5 survivors (5120K)
 Metaspace       used 96749K, committed 97472K, reserved 1179648K
  class space    used 11925K, committed 12224K, reserved 1048576K
}
Event: 7660.044 GC heap after
{Heap after GC invocations=199 (full 5):
 garbage-first heap   total 92160K, used 38990K [0x0000000081a00000, 0x0000000100000000)
  region size 1024K, 5 young (5120K), 5 survivors (5120K)
 Metaspace       used 96749K, committed 97472K, reserved 1179648K
  class space    used 11925K, committed 12224K, reserved 1048576K
}
Event: 7707.924 GC heap before
{Heap before GC invocations=199 (full 5):
 garbage-first heap   total 92160K, used 56398K [0x0000000081a00000, 0x0000000100000000)
  region size 1024K, 23 young (23552K), 5 survivors (5120K)
 Metaspace       used 96927K, committed 97600K, reserved 1179648K
  class space    used 11927K, committed 12224K, reserved 1048576K
}
Event: 7707.997 GC heap after
{Heap after GC invocations=200 (full 6):
 garbage-first heap   total 92160K, used 33380K [0x0000000081a00000, 0x0000000100000000)
  region size 1024K, 0 young (0K), 0 survivors (0K)
 Metaspace       used 96925K, committed 97600K, reserved 1179648K
  class space    used 11927K, committed 12224K, reserved 1048576K
}
Event: 7709.143 GC heap before
{Heap before GC invocations=200 (full 6):
 garbage-first heap   total 92160K, used 72292K [0x0000000081a00000, 0x0000000100000000)
  region size 1024K, 38 young (38912K), 0 survivors (0K)
 Metaspace       used 97272K, committed 97984K, reserved 1179648K
  class space    used 11964K, committed 12288K, reserved 1048576K
}
Event: 7709.147 GC heap after
{Heap after GC invocations=201 (full 6):
 garbage-first heap   total 92160K, used 36828K [0x0000000081a00000, 0x0000000100000000)
  region size 1024K, 4 young (4096K), 4 survivors (4096K)
 Metaspace       used 97272K, committed 97984K, reserved 1179648K
  class space    used 11964K, committed 12288K, reserved 1048576K
}
Event: 7709.809 GC heap before
{Heap before GC invocations=202 (full 6):
 garbage-first heap   total 92160K, used 72668K [0x0000000081a00000, 0x0000000100000000)
  region size 1024K, 39 young (39936K), 4 survivors (4096K)
 Metaspace       used 97628K, committed 98304K, reserved 1179648K
  class space    used 11986K, committed 12288K, reserved 1048576K
}

