# JRE version: OpenJDK Runtime Environment Temurin-17.0.9+9 (17.0.9+9) (build 17.0.9+9)
# Java VM: OpenJDK 64-Bit Server VM Temurin-17.0.9+9 (17.0.9+9, mixed mode, tiered, compressed oops, compressed class ptrs, parallel gc, windows-amd64)
GC Precious Log:
 CPUs: 4 total, 4 available
 Memory: 8082M
 Large Page Support: Disabled
 NUMA Support: Disabled
 Compressed Oops: Enabled (32-bit)
 Alignments: Space 512K, Generation 512K, Heap 2M
 Heap Min Capacity: 100M
 Heap Initial Capacity: 100M
 Heap Max Capacity: 1G
 Pre-touch: Disabled
 Parallel Workers: 4
Heap:
 PSYoungGen      total 7168K, used 4912K [0x00000000eab00000, 0x00000000eb680000, 0x0000000100000000)
  eden space 6144K, 63% used [0x00000000eab00000,0x00000000eaecc150,0x00000000eb100000)
  from space 1024K, 100% used [0x00000000eb100000,0x00000000eb200000,0x00000000eb200000)
  to   space 2048K, 0% used [0x00000000eb480000,0x00000000eb480000,0x00000000eb680000)
 ParOldGen       total 166400K, used 160927K [0x00000000c0000000, 0x00000000ca280000, 0x00000000eab00000)
  object space 166400K, 96% used [0x00000000c0000000,0x00000000c9d27d20,0x00000000ca280000)
 Metaspace       used 89120K, committed 90560K, reserved 1179648K
  class space    used 8865K, committed 9472K, reserved 1048576K
GC Heap History (20 events):
Event: 2060.682 GC heap before
{Heap before GC invocations=1851 (full 50):
 PSYoungGen      total 2560K, used 2560K [0x00000000eab00000, 0x00000000eb200000, 0x0000000100000000)
  eden space 1536K, 100% used [0x00000000eab00000,0x00000000eac80000,0x00000000eac80000)
  from space 1024K, 100% used [0x00000000eac80000,0x00000000ead80000,0x00000000ead80000)
  to   space 2560K, 0% used [0x00000000eaf80000,0x00000000eaf80000,0x00000000eb200000)
 ParOldGen       total 166400K, used 147155K [0x00000000c0000000, 0x00000000ca280000, 0x00000000eab00000)
  object space 166400K, 88% used [0x00000000c0000000,0x00000000c8fb4ea8,0x00000000ca280000)
 Metaspace       used 89113K, committed 90560K, reserved 1179648K
  class space    used 8865K, committed 9472K, reserved 1048576K
}
Event: 2060.684 GC heap after
{Heap after GC invocations=1851 (full 50):
 PSYoungGen      total 3584K, used 1440K [0x00000000eab00000, 0x00000000eb100000, 0x0000000100000000)
  eden space 2048K, 0% used [0x00000000eab00000,0x00000000eab00000,0x00000000ead00000)
  from space 1536K, 93% used [0x00000000eaf80000,0x00000000eb0e8000,0x00000000eb100000)
  to   space 2048K, 0% used [0x00000000ead00000,0x00000000ead00000,0x00000000eaf00000)
 ParOldGen       total 166400K, used 148193K [0x00000000c0000000, 0x00000000ca280000, 0x00000000eab00000)
  object space 166400K, 89% used [0x00000000c0000000,0x00000000c90b86f8,0x00000000ca280000)
 Metaspace       used 89113K, committed 90560K, reserved 1179648K
  class space    used 8865K, committed 9472K, reserved 1048576K
}
Event: 2060.688 GC heap before
{Heap before GC invocations=1852 (full 50):
 PSYoungGen      total 3584K, used 3488K [0x00000000eab00000, 0x00000000eb100000, 0x0000000100000000)
  eden space 2048K, 100% used [0x00000000eab00000,0x00000000ead00000,0x00000000ead00000)
  from space 1536K, 93% used [0x00000000eaf80000,0x00000000eb0e8000,0x00000000eb100000)
  to   space 2048K, 0% used [0x00000000ead00000,0x00000000ead00000,0x00000000eaf00000)
 ParOldGen       total 166400K, used 148193K [0x00000000c0000000, 0x00000000ca280000, 0x00000000eab00000)
  object space 166400K, 89% used [0x00000000c0000000,0x00000000c90b86f8,0x00000000ca280000)
 Metaspace       used 89113K, committed 90560K, reserved 1179648K
  class space    used 8865K, committed 9472K, reserved 1048576K
}
Event: 2060.690 GC heap after
{Heap after GC invocations=1852 (full 50):
 PSYoungGen      total 4096K, used 1920K [0x00000000eab00000, 0x00000000eb180000, 0x0000000100000000)
  eden space 2048K, 0% used [0x00000000eab00000,0x00000000eab00000,0x00000000ead00000)
  from space 2048K, 93% used [0x00000000ead00000,0x00000000eaee0000,0x00000000eaf00000)
  to   space 2048K, 0% used [0x00000000eaf80000,0x00000000eaf80000,0x00000000eb180000)
 ParOldGen       total 166400K, used 149590K [0x00000000c0000000, 0x00000000ca280000, 0x00000000eab00000)
  object space 166400K, 89% used [0x00000000c0000000,0x00000000c9215bd8,0x00000000ca280000)
 Metaspace       used 89113K, committed 90560K, reserved 1179648K
  class space    used 8865K, committed 9472K, reserved 1048576K
}
Event: 2060.694 GC heap before
{Heap before GC invocations=1853 (full 50):
 PSYoungGen      total 4096K, used 3967K [0x00000000eab00000, 0x00000000eb180000, 0x0000000100000000)
  eden space 2048K, 99% used [0x00000000eab00000,0x00000000eacfffb8,0x00000000ead00000)
  from space 2048K, 93% used [0x00000000ead00000,0x00000000eaee0000,0x00000000eaf00000)
  to   space 2048K, 0% used [0x00000000eaf80000,0x00000000eaf80000,0x00000000eb180000)
 ParOldGen       total 166400K, used 149590K [0x00000000c0000000, 0x00000000ca280000, 0x00000000eab00000)
  object space 166400K, 89% used [0x00000000c0000000,0x00000000c9215bd8,0x00000000ca280000)
 Metaspace       used 89113K, committed 90560K, reserved 1179648K
  class space    used 8865K, committed 9472K, reserved 1048576K
}
Event: 2060.696 GC heap after
{Heap after GC invocations=1853 (full 50):
 PSYoungGen      total 4608K, used 1978K [0x00000000eab00000, 0x00000000eb180000, 0x0000000100000000)
  eden space 2560K, 0% used [0x00000000eab00000,0x00000000eab00000,0x00000000ead80000)
  from space 2048K, 96% used [0x00000000eaf80000,0x00000000eb16e980,0x00000000eb180000)
  to   space 2048K, 0% used [0x00000000ead80000,0x00000000ead80000,0x00000000eaf80000)
 ParOldGen       total 166400K, used 151477K [0x00000000c0000000, 0x00000000ca280000, 0x00000000eab00000)
  object space 166400K, 91% used [0x00000000c0000000,0x00000000c93ed578,0x00000000ca280000)
 Metaspace       used 89113K, committed 90560K, reserved 1179648K
  class space    used 8865K, committed 9472K, reserved 1048576K
}
Event: 2060.705 GC heap before
{Heap before GC invocations=1854 (full 50):
 PSYoungGen      total 4608K, used 4538K [0x00000000eab00000, 0x00000000eb180000, 0x0000000100000000)
  eden space 2560K, 99% used [0x00000000eab00000,0x00000000ead7ffa8,0x00000000ead80000)
  from space 2048K, 96% used [0x00000000eaf80000,0x00000000eb16e980,0x00000000eb180000)
  to   space 2048K, 0% used [0x00000000ead80000,0x00000000ead80000,0x00000000eaf80000)
 ParOldGen       total 166400K, used 151477K [0x00000000c0000000, 0x00000000ca280000, 0x00000000eab00000)
  object space 166400K, 91% used [0x00000000c0000000,0x00000000c93ed578,0x00000000ca280000)
 Metaspace       used 89113K, committed 90560K, reserved 1179648K
  class space    used 8865K, committed 9472K, reserved 1048576K
}
Event: 2060.708 GC heap after
{Heap after GC invocations=1854 (full 50):
 PSYoungGen      total 4608K, used 2048K [0x00000000eab00000, 0x00000000eb800000, 0x0000000100000000)
  eden space 2560K, 0% used [0x00000000eab00000,0x00000000eab00000,0x00000000ead80000)
  from space 2048K, 100% used [0x00000000ead80000,0x00000000eaf80000,0x00000000eaf80000)
  to   space 5120K, 0% used [0x00000000eb300000,0x00000000eb300000,0x00000000eb800000)
 ParOldGen       total 166400K, used 153865K [0x00000000c0000000, 0x00000000ca280000, 0x00000000eab00000)
  object space 166400K, 92% used [0x00000000c0000000,0x00000000c9642558,0x00000000ca280000)
 Metaspace       used 89113K, committed 90560K, reserved 1179648K
  class space    used 8865K, committed 9472K, reserved 1048576K
}
Event: 2060.714 GC heap before
{Heap before GC invocations=1855 (full 50):
 PSYoungGen      total 4608K, used 4608K [0x00000000eab00000, 0x00000000eb800000, 0x0000000100000000)
  eden space 2560K, 100% used [0x00000000eab00000,0x00000000ead80000,0x00000000ead80000)
  from space 2048K, 100% used [0x00000000ead80000,0x00000000eaf80000,0x00000000eaf80000)
  to   space 5120K, 0% used [0x00000000eb300000,0x00000000eb300000,0x00000000eb800000)
 ParOldGen       total 166400K, used 153865K [0x00000000c0000000, 0x00000000ca280000, 0x00000000eab00000)
  object space 166400K, 92% used [0x00000000c0000000,0x00000000c9642558,0x00000000ca280000)
 Metaspace       used 89113K, committed 90560K, reserved 1179648K
  class space    used 8865K, committed 9472K, reserved 1048576K
}
Event: 2060.718 GC heap after
{Heap after GC invocations=1855 (full 50):
 PSYoungGen      total 5632K, used 2458K [0x00000000eab00000, 0x00000000eb580000, 0x0000000100000000)
  eden space 3072K, 0% used [0x00000000eab00000,0x00000000eab00000,0x00000000eae00000)
  from space 2560K, 96% used [0x00000000eb300000,0x00000000eb566900,0x00000000eb580000)
  to   space 3584K, 0% used [0x00000000eae80000,0x00000000eae80000,0x00000000eb200000)
 ParOldGen       total 166400K, used 155945K [0x00000000c0000000, 0x00000000ca280000, 0x00000000eab00000)
  object space 166400K, 93% used [0x00000000c0000000,0x00000000c984a558,0x00000000ca280000)
 Metaspace       used 89113K, committed 90560K, reserved 1179648K
  class space    used 8865K, committed 9472K, reserved 1048576K
}
Event: 2060.727 GC heap before
{Heap before GC invocations=1856 (full 50):
 PSYoungGen      total 5632K, used 5530K [0x00000000eab00000, 0x00000000eb580000, 0x0000000100000000)
  eden space 3072K, 99% used [0x00000000eab00000,0x00000000eadfffe8,0x00000000eae00000)
  from space 2560K, 96% used [0x00000000eb300000,0x00000000eb566900,0x00000000eb580000)
  to   space 3584K, 0% used [0x00000000eae80000,0x00000000eae80000,0x00000000eb200000)
 ParOldGen       total 166400K, used 155945K [0x00000000c0000000, 0x00000000ca280000, 0x00000000eab00000)
  object space 166400K, 93% used [0x00000000c0000000,0x00000000c984a558,0x00000000ca280000)
 Metaspace       used 89113K, committed 90560K, reserved 1179648K
  class space    used 8865K, committed 9472K, reserved 1048576K
}
Event: 2060.730 GC heap after
{Heap after GC invocations=1856 (full 50):
 PSYoungGen      total 7168K, used 704K [0x00000000eab00000, 0x00000000eb380000, 0x0000000100000000)
  eden space 3584K, 0% used [0x00000000eab00000,0x00000000eab00000,0x00000000eae80000)
  from space 3584K, 19% used [0x00000000eae80000,0x00000000eaf30000,0x00000000eb200000)
  to   space 1536K, 0% used [0x00000000eb200000,0x00000000eb200000,0x00000000eb380000)
 ParOldGen       total 166400K, used 158245K [0x00000000c0000000, 0x00000000ca280000, 0x00000000eab00000)
  object space 166400K, 95% used [0x00000000c0000000,0x00000000c9a89758,0x00000000ca280000)
 Metaspace       used 89113K, committed 90560K, reserved 1179648K
  class space    used 8865K, committed 9472K, reserved 1048576K
}
Event: 2060.738 GC heap before
{Heap before GC invocations=1857 (full 50):
 PSYoungGen      total 7168K, used 4288K [0x00000000eab00000, 0x00000000eb380000, 0x0000000100000000)
  eden space 3584K, 100% used [0x00000000eab00000,0x00000000eae80000,0x00000000eae80000)
  from space 3584K, 19% used [0x00000000eae80000,0x00000000eaf30000,0x00000000eb200000)
  to   space 1536K, 0% used [0x00000000eb200000,0x00000000eb200000,0x00000000eb380000)
 ParOldGen       total 166400K, used 158245K [0x00000000c0000000, 0x00000000ca280000, 0x00000000eab00000)
  object space 166400K, 95% used [0x00000000c0000000,0x00000000c9a89758,0x00000000ca280000)
 Metaspace       used 89113K, committed 90560K, reserved 1179648K
  class space    used 8865K, committed 9472K, reserved 1048576K
}
Event: 2060.740 GC heap after
{Heap after GC invocations=1857 (full 50):
 PSYoungGen      total 5120K, used 352K [0x00000000eab00000, 0x00000000eb280000, 0x0000000100000000)
  eden space 4608K, 0% used [0x00000000eab00000,0x00000000eab00000,0x00000000eaf80000)
  from space 512K, 68% used [0x00000000eb200000,0x00000000eb258000,0x00000000eb280000)
  to   space 1024K, 0% used [0x00000000eb080000,0x00000000eb080000,0x00000000eb180000)
 ParOldGen       total 166400K, used 158885K [0x00000000c0000000, 0x00000000ca280000, 0x00000000eab00000)
  object space 166400K, 95% used [0x00000000c0000000,0x00000000c9b29778,0x00000000ca280000)
 Metaspace       used 89113K, committed 90560K, reserved 1179648K
  class space    used 8865K, committed 9472K, reserved 1048576K
}
Event: 2060.759 GC heap before
{Heap before GC invocations=1858 (full 50):
 PSYoungGen      total 5120K, used 4960K [0x00000000eab00000, 0x00000000eb280000, 0x0000000100000000)
  eden space 4608K, 100% used [0x00000000eab00000,0x00000000eaf80000,0x00000000eaf80000)
  from space 512K, 68% used [0x00000000eb200000,0x00000000eb258000,0x00000000eb280000)
  to   space 1024K, 0% used [0x00000000eb080000,0x00000000eb080000,0x00000000eb180000)
 ParOldGen       total 166400K, used 158885K [0x00000000c0000000, 0x00000000ca280000, 0x00000000eab00000)
  object space 166400K, 95% used [0x00000000c0000000,0x00000000c9b29778,0x00000000ca280000)
 Metaspace       used 89113K, committed 90560K, reserved 1179648K
  class space    used 8865K, committed 9472K, reserved 1048576K
}
Event: 2060.761 GC heap after
{Heap after GC invocations=1858 (full 50):
 PSYoungGen      total 6656K, used 1012K [0x00000000eab00000, 0x00000000eb380000, 0x0000000100000000)
  eden space 5632K, 0% used [0x00000000eab00000,0x00000000eab00000,0x00000000eb080000)
  from space 1024K, 98% used [0x00000000eb080000,0x00000000eb17d200,0x00000000eb180000)
  to   space 1536K, 0% used [0x00000000eb200000,0x00000000eb200000,0x00000000eb380000)
 ParOldGen       total 166400K, used 159165K [0x00000000c0000000, 0x00000000ca280000, 0x00000000eab00000)
  object space 166400K, 95% used [0x00000000c0000000,0x00000000c9b6f778,0x00000000ca280000)
 Metaspace       used 89113K, committed 90560K, reserved 1179648K
  class space    used 8865K, committed 9472K, reserved 1048576K
}
Event: 2060.773 GC heap before
{Heap before GC invocations=1859 (full 50):
 PSYoungGen      total 6656K, used 6644K [0x00000000eab00000, 0x00000000eb380000, 0x0000000100000000)
  eden space 5632K, 100% used [0x00000000eab00000,0x00000000eb080000,0x00000000eb080000)
  from space 1024K, 98% used [0x00000000eb080000,0x00000000eb17d200,0x00000000eb180000)
  to   space 1536K, 0% used [0x00000000eb200000,0x00000000eb200000,0x00000000eb380000)
 ParOldGen       total 166400K, used 159165K [0x00000000c0000000, 0x00000000ca280000, 0x00000000eab00000)
  object space 166400K, 95% used [0x00000000c0000000,0x00000000c9b6f778,0x00000000ca280000)
 Metaspace       used 89116K, committed 90560K, reserved 1179648K
  class space    used 8865K, committed 9472K, reserved 1048576K
}
Event: 2060.775 GC heap after
{Heap after GC invocations=1859 (full 50):
 PSYoungGen      total 7680K, used 800K [0x00000000eab00000, 0x00000000eb400000, 0x0000000100000000)
  eden space 6144K, 0% used [0x00000000eab00000,0x00000000eab00000,0x00000000eb100000)
  from space 1536K, 52% used [0x00000000eb200000,0x00000000eb2c8368,0x00000000eb380000)
  to   space 1024K, 0% used [0x00000000eb100000,0x00000000eb100000,0x00000000eb200000)
 ParOldGen       total 166400K, used 160150K [0x00000000c0000000, 0x00000000ca280000, 0x00000000eab00000)
  object space 166400K, 96% used [0x00000000c0000000,0x00000000c9c65988,0x00000000ca280000)
 Metaspace       used 89116K, committed 90560K, reserved 1179648K
  class space    used 8865K, committed 9472K, reserved 1048576K
}
Event: 2060.806 GC heap before
{Heap before GC invocations=1860 (full 50):
 PSYoungGen      total 7680K, used 6944K [0x00000000eab00000, 0x00000000eb400000, 0x0000000100000000)
  eden space 6144K, 100% used [0x00000000eab00000,0x00000000eb100000,0x00000000eb100000)
  from space 1536K, 52% used [0x00000000eb200000,0x00000000eb2c8368,0x00000000eb380000)
  to   space 1024K, 0% used [0x00000000eb100000,0x00000000eb100000,0x00000000eb200000)
 ParOldGen       total 166400K, used 160150K [0x00000000c0000000, 0x00000000ca280000, 0x00000000eab00000)
  object space 166400K, 96% used [0x00000000c0000000,0x00000000c9c65988,0x00000000ca280000)
 Metaspace       used 89120K, committed 90560K, reserved 1179648K
  class space    used 8865K, committed 9472K, reserved 1048576K
}
Event: 2060.808 GC heap after
{Heap after GC invocations=1860 (full 50):
 PSYoungGen      total 7168K, used 1024K [0x00000000eab00000, 0x00000000eb680000, 0x0000000100000000)
  eden space 6144K, 0% used [0x00000000eab00000,0x00000000eab00000,0x00000000eb100000)
  from space 1024K, 100% used [0x00000000eb100000,0x00000000eb200000,0x00000000eb200000)
  to   space 2048K, 0% used [0x00000000eb480000,0x00000000eb480000,0x00000000eb680000)
 ParOldGen       total 166400K, used 160927K [0x00000000c0000000, 0x00000000ca280000, 0x00000000eab00000)
  object space 166400K, 96% used [0x00000000c0000000,0x00000000c9d27d20,0x00000000ca280000)
 Metaspace       used 89120K, committed 90560K, reserved 1179648K
  class space    used 8865K, committed 9472K, reserved 1048576K
}

