# JRE version: OpenJDK Runtime Environment JBR-17.0.9+7-1087.9-nomod (17.0.9+7) (build 17.0.9+7-b1087.9)
# Java VM: OpenJDK 64-Bit Server VM JBR-17.0.9+7-1087.9-nomod (17.0.9+7-b1087.9, mixed mode, tiered, compressed oops, compressed class ptrs, g1 gc, windows-amd64)
GC Precious Log:
 CPUs: 4 total, 4 available
 Memory: 8082M
 Large Page Support: Disabled
 NUMA Support: Disabled
 Compressed Oops: Enabled (32-bit)
 Heap Region Size: 1M
 Heap Min Capacity: 8M
 Heap Initial Capacity: 128M
 Heap Max Capacity: 2022M
 Pre-touch: Disabled
 Parallel Workers: 4
 Concurrent Workers: 1
 Concurrent Refinement Workers: 4
 Periodic GC: Disabled
Heap:
 garbage-first heap   total 37888K, used 26381K [0x0000000081a00000, 0x0000000100000000)
  region size 1024K, 8 young (8192K), 2 survivors (2048K)
 Metaspace       used 52538K, committed 52992K, reserved 1114112K
  class space    used 6588K, committed 6784K, reserved 1048576K
GC Heap History (20 events):
Event: 7.950 GC heap before
{Heap before GC invocations=6 (full 0):
 garbage-first heap   total 37888K, used 11811K [0x0000000081a00000, 0x0000000100000000)
  region size 1024K, 4 young (4096K), 3 survivors (3072K)
 Metaspace       used 26229K, committed 26560K, reserved 1114112K
  class space    used 3029K, committed 3200K, reserved 1048576K
}
Event: 7.954 GC heap after
{Heap after GC invocations=7 (full 0):
 garbage-first heap   total 37888K, used 10838K [0x0000000081a00000, 0x0000000100000000)
  region size 1024K, 1 young (1024K), 1 survivors (1024K)
 Metaspace       used 26229K, committed 26560K, reserved 1114112K
  class space    used 3029K, committed 3200K, reserved 1048576K
}
Event: 8.886 GC heap before
{Heap before GC invocations=7 (full 0):
 garbage-first heap   total 37888K, used 23126K [0x0000000081a00000, 0x0000000100000000)
  region size 1024K, 14 young (14336K), 1 survivors (1024K)
 Metaspace       used 28436K, committed 28672K, reserved 1114112K
  class space    used 3346K, committed 3456K, reserved 1048576K
}
Event: 8.888 GC heap after
{Heap after GC invocations=8 (full 0):
 garbage-first heap   total 37888K, used 11350K [0x0000000081a00000, 0x0000000100000000)
  region size 1024K, 1 young (1024K), 1 survivors (1024K)
 Metaspace       used 28436K, committed 28672K, reserved 1114112K
  class space    used 3346K, committed 3456K, reserved 1048576K
}
Event: 11.417 GC heap before
{Heap before GC invocations=8 (full 0):
 garbage-first heap   total 37888K, used 25686K [0x0000000081a00000, 0x0000000100000000)
  region size 1024K, 15 young (15360K), 1 survivors (1024K)
 Metaspace       used 30014K, committed 30272K, reserved 1114112K
  class space    used 3528K, committed 3648K, reserved 1048576K
}
Event: 11.420 GC heap after
{Heap after GC invocations=9 (full 0):
 garbage-first heap   total 37888K, used 12519K [0x0000000081a00000, 0x0000000100000000)
  region size 1024K, 2 young (2048K), 2 survivors (2048K)
 Metaspace       used 30014K, committed 30272K, reserved 1114112K
  class space    used 3528K, committed 3648K, reserved 1048576K
}
Event: 12.871 GC heap before
{Heap before GC invocations=9 (full 0):
 garbage-first heap   total 37888K, used 26855K [0x0000000081a00000, 0x0000000100000000)
  region size 1024K, 16 young (16384K), 2 survivors (2048K)
 Metaspace       used 31556K, committed 31872K, reserved 1114112K
  class space    used 3726K, committed 3904K, reserved 1048576K
}
Event: 12.875 GC heap after
{Heap after GC invocations=10 (full 0):
 garbage-first heap   total 37888K, used 13230K [0x0000000081a00000, 0x0000000100000000)
  region size 1024K, 1 young (1024K), 1 survivors (1024K)
 Metaspace       used 31556K, committed 31872K, reserved 1114112K
  class space    used 3726K, committed 3904K, reserved 1048576K
}
Event: 14.163 GC heap before
{Heap before GC invocations=10 (full 0):
 garbage-first heap   total 37888K, used 28590K [0x0000000081a00000, 0x0000000100000000)
  region size 1024K, 16 young (16384K), 1 survivors (1024K)
 Metaspace       used 33362K, committed 33664K, reserved 1114112K
  class space    used 3985K, committed 4160K, reserved 1048576K
}
Event: 14.167 GC heap after
{Heap after GC invocations=11 (full 0):
 garbage-first heap   total 37888K, used 14199K [0x0000000081a00000, 0x0000000100000000)
  region size 1024K, 2 young (2048K), 2 survivors (2048K)
 Metaspace       used 33362K, committed 33664K, reserved 1114112K
  class space    used 3985K, committed 4160K, reserved 1048576K
}
Event: 15.224 GC heap before
{Heap before GC invocations=11 (full 0):
 garbage-first heap   total 37888K, used 26487K [0x0000000081a00000, 0x0000000100000000)
  region size 1024K, 15 young (15360K), 2 survivors (2048K)
 Metaspace       used 35624K, committed 35968K, reserved 1114112K
  class space    used 4270K, committed 4480K, reserved 1048576K
}
Event: 15.234 GC heap after
{Heap after GC invocations=12 (full 0):
 garbage-first heap   total 37888K, used 15090K [0x0000000081a00000, 0x0000000100000000)
  region size 1024K, 2 young (2048K), 2 survivors (2048K)
 Metaspace       used 35624K, committed 35968K, reserved 1114112K
  class space    used 4270K, committed 4480K, reserved 1048576K
}
Event: 17.339 GC heap before
{Heap before GC invocations=13 (full 0):
 garbage-first heap   total 37888K, used 28402K [0x0000000081a00000, 0x0000000100000000)
  region size 1024K, 16 young (16384K), 2 survivors (2048K)
 Metaspace       used 38154K, committed 38592K, reserved 1114112K
  class space    used 4674K, committed 4864K, reserved 1048576K
}
Event: 17.344 GC heap after
{Heap after GC invocations=14 (full 0):
 garbage-first heap   total 37888K, used 16602K [0x0000000081a00000, 0x0000000100000000)
  region size 1024K, 2 young (2048K), 2 survivors (2048K)
 Metaspace       used 38154K, committed 38592K, reserved 1114112K
  class space    used 4674K, committed 4864K, reserved 1048576K
}
Event: 17.535 GC heap before
{Heap before GC invocations=14 (full 0):
 garbage-first heap   total 37888K, used 17626K [0x0000000081a00000, 0x0000000100000000)
  region size 1024K, 3 young (3072K), 2 survivors (2048K)
 Metaspace       used 38216K, committed 38592K, reserved 1114112K
  class space    used 4681K, committed 4864K, reserved 1048576K
}
Event: 17.542 GC heap after
{Heap after GC invocations=15 (full 0):
 garbage-first heap   total 37888K, used 16673K [0x0000000081a00000, 0x0000000100000000)
  region size 1024K, 1 young (1024K), 1 survivors (1024K)
 Metaspace       used 38216K, committed 38592K, reserved 1114112K
  class space    used 4681K, committed 4864K, reserved 1048576K
}
Event: 18.812 GC heap before
{Heap before GC invocations=15 (full 0):
 garbage-first heap   total 37888K, used 28961K [0x0000000081a00000, 0x0000000100000000)
  region size 1024K, 13 young (13312K), 1 survivors (1024K)
 Metaspace       used 40771K, committed 41216K, reserved 1114112K
  class space    used 4967K, committed 5184K, reserved 1048576K
}
Event: 18.815 GC heap after
{Heap after GC invocations=16 (full 0):
 garbage-first heap   total 37888K, used 17621K [0x0000000081a00000, 0x0000000100000000)
  region size 1024K, 2 young (2048K), 2 survivors (2048K)
 Metaspace       used 40771K, committed 41216K, reserved 1114112K
  class space    used 4967K, committed 5184K, reserved 1048576K
}
Event: 19.633 GC heap before
{Heap before GC invocations=16 (full 0):
 garbage-first heap   total 37888K, used 28885K [0x0000000081a00000, 0x0000000100000000)
  region size 1024K, 13 young (13312K), 2 survivors (2048K)
 Metaspace       used 42823K, committed 43264K, reserved 1114112K
  class space    used 5228K, committed 5440K, reserved 1048576K
}
Event: 19.638 GC heap after
{Heap after GC invocations=17 (full 0):
 garbage-first heap   total 37888K, used 18782K [0x0000000081a00000, 0x0000000100000000)
  region size 1024K, 2 young (2048K), 2 survivors (2048K)
 Metaspace       used 42823K, committed 43264K, reserved 1114112K
  class space    used 5228K, committed 5440K, reserved 1048576K
}

