# JRE version: OpenJDK Runtime Environment JBR-17.0.9+7-1087.9-nomod (17.0.9+7) (build 17.0.9+7-b1087.9)
# Java VM: OpenJDK 64-Bit Server VM JBR-17.0.9+7-1087.9-nomod (17.0.9+7-b1087.9, mixed mode, tiered, compressed oops, compressed class ptrs, g1 gc, windows-amd64)
GC Precious Log:
 CPUs: 4 total, 4 available
 Memory: 8082M
 Large Page Support: Disabled
 NUMA Support: Disabled
 Compressed Oops: Enabled (32-bit)
 Heap Region Size: 1M
 Heap Min Capacity: 8M
 Heap Initial Capacity: 128M
 Heap Max Capacity: 2022M
 Pre-touch: Disabled
 Parallel Workers: 4
 Concurrent Workers: 1
 Concurrent Refinement Workers: 4
 Periodic GC: Disabled
Heap:
 garbage-first heap   total 94208K, used 74943K [0x0000000081a00000, 0x0000000100000000)
  region size 1024K, 28 young (28672K), 3 survivors (3072K)
 Metaspace       used 99385K, committed 100032K, reserved 1179648K
  class space    used 12894K, committed 13184K, reserved 1048576K
GC Heap History (20 events):
Event: 548.276 GC heap before
{Heap before GC invocations=48 (full 0):
 garbage-first heap   total 80896K, used 45338K [0x0000000081a00000, 0x0000000100000000)
  region size 1024K, 3 young (3072K), 2 survivors (2048K)
 Metaspace       used 81761K, committed 82240K, reserved 1179648K
  class space    used 10797K, committed 11008K, reserved 1048576K
}
Event: 548.279 GC heap after
{Heap after GC invocations=49 (full 0):
 garbage-first heap   total 80896K, used 45389K [0x0000000081a00000, 0x0000000100000000)
  region size 1024K, 1 young (1024K), 1 survivors (1024K)
 Metaspace       used 81761K, committed 82240K, reserved 1179648K
  class space    used 10797K, committed 11008K, reserved 1048576K
}
Event: 553.078 GC heap before
{Heap before GC invocations=49 (full 0):
 garbage-first heap   total 80896K, used 67917K [0x0000000081a00000, 0x0000000100000000)
  region size 1024K, 24 young (24576K), 1 survivors (1024K)
 Metaspace       used 85142K, committed 85696K, reserved 1179648K
  class space    used 11227K, committed 11456K, reserved 1048576K
}
Event: 553.082 GC heap after
{Heap after GC invocations=50 (full 0):
 garbage-first heap   total 80896K, used 47000K [0x0000000081a00000, 0x0000000100000000)
  region size 1024K, 2 young (2048K), 2 survivors (2048K)
 Metaspace       used 85142K, committed 85696K, reserved 1179648K
  class space    used 11227K, committed 11456K, reserved 1048576K
}
Event: 577.641 GC heap before
{Heap before GC invocations=51 (full 0):
 garbage-first heap   total 81920K, used 68504K [0x0000000081a00000, 0x0000000100000000)
  region size 1024K, 23 young (23552K), 2 survivors (2048K)
 Metaspace       used 87824K, committed 88384K, reserved 1179648K
  class space    used 11551K, committed 11776K, reserved 1048576K
}
Event: 577.647 GC heap after
{Heap after GC invocations=52 (full 0):
 garbage-first heap   total 81920K, used 47643K [0x0000000081a00000, 0x0000000100000000)
  region size 1024K, 1 young (1024K), 1 survivors (1024K)
 Metaspace       used 87824K, committed 88384K, reserved 1179648K
  class space    used 11551K, committed 11776K, reserved 1048576K
}
Event: 592.316 GC heap before
{Heap before GC invocations=52 (full 0):
 garbage-first heap   total 81920K, used 50715K [0x0000000081a00000, 0x0000000100000000)
  region size 1024K, 4 young (4096K), 1 survivors (1024K)
 Metaspace       used 88257K, committed 88768K, reserved 1179648K
  class space    used 11608K, committed 11840K, reserved 1048576K
}
Event: 592.320 GC heap after
{Heap after GC invocations=53 (full 0):
 garbage-first heap   total 81920K, used 47248K [0x0000000081a00000, 0x0000000100000000)
  region size 1024K, 1 young (1024K), 1 survivors (1024K)
 Metaspace       used 88257K, committed 88768K, reserved 1179648K
  class space    used 11608K, committed 11840K, reserved 1048576K
}
Event: 596.846 GC heap before
{Heap before GC invocations=53 (full 0):
 garbage-first heap   total 81920K, used 67728K [0x0000000081a00000, 0x0000000100000000)
  region size 1024K, 22 young (22528K), 1 survivors (1024K)
 Metaspace       used 89425K, committed 89984K, reserved 1179648K
  class space    used 11700K, committed 11968K, reserved 1048576K
}
Event: 596.850 GC heap after
{Heap after GC invocations=54 (full 0):
 garbage-first heap   total 81920K, used 50077K [0x0000000081a00000, 0x0000000100000000)
  region size 1024K, 3 young (3072K), 3 survivors (3072K)
 Metaspace       used 89425K, committed 89984K, reserved 1179648K
  class space    used 11700K, committed 11968K, reserved 1048576K
}
Event: 602.554 GC heap before
{Heap before GC invocations=55 (full 0):
 garbage-first heap   total 86016K, used 67485K [0x0000000081a00000, 0x0000000100000000)
  region size 1024K, 21 young (21504K), 3 survivors (3072K)
 Metaspace       used 91783K, committed 92352K, reserved 1179648K
  class space    used 12026K, committed 12288K, reserved 1048576K
}
Event: 602.559 GC heap after
{Heap after GC invocations=56 (full 0):
 garbage-first heap   total 86016K, used 51775K [0x0000000081a00000, 0x0000000100000000)
  region size 1024K, 2 young (2048K), 2 survivors (2048K)
 Metaspace       used 91783K, committed 92352K, reserved 1179648K
  class space    used 12026K, committed 12288K, reserved 1048576K
}
Event: 630.820 GC heap before
{Heap before GC invocations=56 (full 0):
 garbage-first heap   total 86016K, used 70207K [0x0000000081a00000, 0x0000000100000000)
  region size 1024K, 21 young (21504K), 2 survivors (2048K)
 Metaspace       used 96374K, committed 96960K, reserved 1179648K
  class space    used 12524K, committed 12800K, reserved 1048576K
}
Event: 630.825 GC heap after
{Heap after GC invocations=57 (full 0):
 garbage-first heap   total 86016K, used 53406K [0x0000000081a00000, 0x0000000100000000)
  region size 1024K, 2 young (2048K), 2 survivors (2048K)
 Metaspace       used 96374K, committed 96960K, reserved 1179648K
  class space    used 12524K, committed 12800K, reserved 1048576K
}
Event: 695.405 GC heap before
{Heap before GC invocations=58 (full 0):
 garbage-first heap   total 94208K, used 69790K [0x0000000081a00000, 0x0000000100000000)
  region size 1024K, 18 young (18432K), 2 survivors (2048K)
 Metaspace       used 98158K, committed 98752K, reserved 1179648K
  class space    used 12774K, committed 13056K, reserved 1048576K
}
Event: 695.408 GC heap after
{Heap after GC invocations=59 (full 0):
 garbage-first heap   total 94208K, used 53915K [0x0000000081a00000, 0x0000000100000000)
  region size 1024K, 1 young (1024K), 1 survivors (1024K)
 Metaspace       used 98158K, committed 98752K, reserved 1179648K
  class space    used 12774K, committed 13056K, reserved 1048576K
}
Event: 744.229 GC heap before
{Heap before GC invocations=59 (full 0):
 garbage-first heap   total 94208K, used 67227K [0x0000000081a00000, 0x0000000100000000)
  region size 1024K, 15 young (15360K), 1 survivors (1024K)
 Metaspace       used 98617K, committed 99200K, reserved 1179648K
  class space    used 12842K, committed 13120K, reserved 1048576K
}
Event: 744.321 GC heap after
{Heap after GC invocations=60 (full 1):
 garbage-first heap   total 94208K, used 46961K [0x0000000081a00000, 0x0000000100000000)
  region size 1024K, 0 young (0K), 0 survivors (0K)
 Metaspace       used 98617K, committed 99200K, reserved 1179648K
  class space    used 12842K, committed 13120K, reserved 1048576K
}
Event: 748.829 GC heap before
{Heap before GC invocations=60 (full 1):
 garbage-first heap   total 94208K, used 73585K [0x0000000081a00000, 0x0000000100000000)
  region size 1024K, 27 young (27648K), 0 survivors (0K)
 Metaspace       used 99044K, committed 99648K, reserved 1179648K
  class space    used 12871K, committed 13120K, reserved 1048576K
}
Event: 748.834 GC heap after
{Heap after GC invocations=61 (full 1):
 garbage-first heap   total 94208K, used 49343K [0x0000000081a00000, 0x0000000100000000)
  region size 1024K, 3 young (3072K), 3 survivors (3072K)
 Metaspace       used 99044K, committed 99648K, reserved 1179648K
  class space    used 12871K, committed 13120K, reserved 1048576K
}

