# JRE version: OpenJDK Runtime Environment JBR-17.0.9+7-1087.9-nomod (17.0.9+7) (build 17.0.9+7-b1087.9)
# Java VM: OpenJDK 64-Bit Server VM JBR-17.0.9+7-1087.9-nomod (17.0.9+7-b1087.9, mixed mode, tiered, compressed oops, compressed class ptrs, g1 gc, windows-amd64)
GC Precious Log:
 CPUs: 4 total, 4 available
 Memory: 8082M
 Large Page Support: Disabled
 NUMA Support: Disabled
 Compressed Oops: Enabled (32-bit)
 Heap Region Size: 1M
 Heap Min Capacity: 8M
 Heap Initial Capacity: 128M
 Heap Max Capacity: 2022M
 Pre-touch: Disabled
 Parallel Workers: 4
 Concurrent Workers: 1
 Concurrent Refinement Workers: 4
 Periodic GC: Disabled
Heap:
 garbage-first heap   total 160768K, used 108255K [0x0000000081a00000, 0x0000000100000000)
  region size 1024K, 62 young (63488K), 7 survivors (7168K)
 Metaspace       used 98054K, committed 98624K, reserved 1179648K
  class space    used 12615K, committed 12864K, reserved 1048576K
GC Heap History (20 events):
Event: 23.975 GC heap before
{Heap before GC invocations=39 (full 0):
 garbage-first heap   total 78848K, used 65506K [0x0000000081a00000, 0x0000000100000000)
  region size 1024K, 26 young (26624K), 1 survivors (1024K)
 Metaspace       used 75423K, committed 75840K, reserved 1179648K
  class space    used 9919K, committed 10112K, reserved 1048576K
}
Event: 23.978 GC heap after
{Heap after GC invocations=40 (full 0):
 garbage-first heap   total 78848K, used 41388K [0x0000000081a00000, 0x0000000100000000)
  region size 1024K, 2 young (2048K), 2 survivors (2048K)
 Metaspace       used 75423K, committed 75840K, reserved 1179648K
  class space    used 9919K, committed 10112K, reserved 1048576K
}
Event: 25.959 GC heap before
{Heap before GC invocations=41 (full 0):
 garbage-first heap   total 78848K, used 64940K [0x0000000081a00000, 0x0000000100000000)
  region size 1024K, 26 young (26624K), 2 survivors (2048K)
 Metaspace       used 77830K, committed 78272K, reserved 1179648K
  class space    used 10281K, committed 10496K, reserved 1048576K
}
Event: 25.965 GC heap after
{Heap after GC invocations=42 (full 0):
 garbage-first heap   total 78848K, used 43416K [0x0000000081a00000, 0x0000000100000000)
  region size 1024K, 4 young (4096K), 4 survivors (4096K)
 Metaspace       used 77830K, committed 78272K, reserved 1179648K
  class space    used 10281K, committed 10496K, reserved 1048576K
}
Event: 25.972 GC heap before
{Heap before GC invocations=42 (full 0):
 garbage-first heap   total 78848K, used 44440K [0x0000000081a00000, 0x0000000100000000)
  region size 1024K, 5 young (5120K), 4 survivors (4096K)
 Metaspace       used 77830K, committed 78272K, reserved 1179648K
  class space    used 10281K, committed 10496K, reserved 1048576K
}
Event: 25.980 GC heap after
{Heap after GC invocations=43 (full 0):
 garbage-first heap   total 78848K, used 43266K [0x0000000081a00000, 0x0000000100000000)
  region size 1024K, 1 young (1024K), 1 survivors (1024K)
 Metaspace       used 77830K, committed 78272K, reserved 1179648K
  class space    used 10281K, committed 10496K, reserved 1048576K
}
Event: 35.705 GC heap before
{Heap before GC invocations=43 (full 0):
 garbage-first heap   total 78848K, used 63746K [0x0000000081a00000, 0x0000000100000000)
  region size 1024K, 22 young (22528K), 1 survivors (1024K)
 Metaspace       used 79113K, committed 79616K, reserved 1179648K
  class space    used 10432K, committed 10688K, reserved 1048576K
}
Event: 35.708 GC heap after
{Heap after GC invocations=44 (full 0):
 garbage-first heap   total 78848K, used 43946K [0x0000000081a00000, 0x0000000100000000)
  region size 1024K, 1 young (1024K), 1 survivors (1024K)
 Metaspace       used 79113K, committed 79616K, reserved 1179648K
  class space    used 10432K, committed 10688K, reserved 1048576K
}
Event: 41.647 GC heap before
{Heap before GC invocations=45 (full 0):
 garbage-first heap   total 78848K, used 65450K [0x0000000081a00000, 0x0000000100000000)
  region size 1024K, 23 young (23552K), 1 survivors (1024K)
 Metaspace       used 83012K, committed 83520K, reserved 1179648K
  class space    used 10963K, committed 11200K, reserved 1048576K
}
Event: 41.653 GC heap after
{Heap after GC invocations=46 (full 0):
 garbage-first heap   total 78848K, used 46557K [0x0000000081a00000, 0x0000000100000000)
  region size 1024K, 3 young (3072K), 3 survivors (3072K)
 Metaspace       used 83012K, committed 83520K, reserved 1179648K
  class space    used 10963K, committed 11200K, reserved 1048576K
}
Event: 41.655 GC heap before
{Heap before GC invocations=46 (full 0):
 garbage-first heap   total 78848K, used 47581K [0x0000000081a00000, 0x0000000100000000)
  region size 1024K, 4 young (4096K), 3 survivors (3072K)
 Metaspace       used 83012K, committed 83520K, reserved 1179648K
  class space    used 10963K, committed 11200K, reserved 1048576K
}
Event: 41.661 GC heap after
{Heap after GC invocations=47 (full 0):
 garbage-first heap   total 78848K, used 46893K [0x0000000081a00000, 0x0000000100000000)
  region size 1024K, 1 young (1024K), 1 survivors (1024K)
 Metaspace       used 83012K, committed 83520K, reserved 1179648K
  class space    used 10963K, committed 11200K, reserved 1048576K
}
Event: 45.525 GC heap before
{Heap before GC invocations=47 (full 0):
 garbage-first heap   total 78848K, used 63277K [0x0000000081a00000, 0x0000000100000000)
  region size 1024K, 18 young (18432K), 1 survivors (1024K)
 Metaspace       used 85467K, committed 86016K, reserved 1179648K
  class space    used 11273K, committed 11520K, reserved 1048576K
}
Event: 45.531 GC heap after
{Heap after GC invocations=48 (full 0):
 garbage-first heap   total 236544K, used 48286K [0x0000000081a00000, 0x0000000100000000)
  region size 1024K, 2 young (2048K), 2 survivors (2048K)
 Metaspace       used 85467K, committed 86016K, reserved 1179648K
  class space    used 11273K, committed 11520K, reserved 1048576K
}
Event: 459.686 GC heap before
{Heap before GC invocations=49 (full 0):
 garbage-first heap   total 167936K, used 122014K [0x0000000081a00000, 0x0000000100000000)
  region size 1024K, 76 young (77824K), 2 survivors (2048K)
 Metaspace       used 95965K, committed 96512K, reserved 1179648K
  class space    used 12500K, committed 12736K, reserved 1048576K
}
Event: 459.772 GC heap after
{Heap after GC invocations=50 (full 1):
 garbage-first heap   total 160768K, used 46677K [0x0000000081a00000, 0x0000000100000000)
  region size 1024K, 0 young (0K), 0 survivors (0K)
 Metaspace       used 95958K, committed 96512K, reserved 1179648K
  class space    used 12497K, committed 12736K, reserved 1048576K
}
Event: 461.426 GC heap before
{Heap before GC invocations=50 (full 1):
 garbage-first heap   total 160768K, used 94805K [0x0000000081a00000, 0x0000000100000000)
  region size 1024K, 49 young (50176K), 0 survivors (0K)
 Metaspace       used 96569K, committed 97152K, reserved 1179648K
  class space    used 12535K, committed 12800K, reserved 1048576K
}
Event: 461.433 GC heap after
{Heap after GC invocations=51 (full 1):
 garbage-first heap   total 160768K, used 50592K [0x0000000081a00000, 0x0000000100000000)
  region size 1024K, 4 young (4096K), 4 survivors (4096K)
 Metaspace       used 96569K, committed 97152K, reserved 1179648K
  class space    used 12535K, committed 12800K, reserved 1048576K
}
Event: 463.720 GC heap before
{Heap before GC invocations=52 (full 1):
 garbage-first heap   total 160768K, used 113056K [0x0000000081a00000, 0x0000000100000000)
  region size 1024K, 64 young (65536K), 4 survivors (4096K)
 Metaspace       used 97644K, committed 98240K, reserved 1179648K
  class space    used 12597K, committed 12864K, reserved 1048576K
}
Event: 463.729 GC heap after
{Heap after GC invocations=53 (full 1):
 garbage-first heap   total 160768K, used 52959K [0x0000000081a00000, 0x0000000100000000)
  region size 1024K, 7 young (7168K), 7 survivors (7168K)
 Metaspace       used 97644K, committed 98240K, reserved 1179648K
  class space    used 12597K, committed 12864K, reserved 1048576K
}

