# JRE version: OpenJDK Runtime Environment JBR-17.0.9+7-1087.9-nomod (17.0.9+7) (build 17.0.9+7-b1087.9)
# Java VM: OpenJDK 64-Bit Server VM JBR-17.0.9+7-1087.9-nomod (17.0.9+7-b1087.9, mixed mode, tiered, compressed oops, compressed class ptrs, g1 gc, windows-amd64)
GC Precious Log:
 CPUs: 4 total, 4 available
 Memory: 8082M
 Large Page Support: Disabled
 NUMA Support: Disabled
 Compressed Oops: Enabled (32-bit)
 Heap Region Size: 1M
 Heap Min Capacity: 8M
 Heap Initial Capacity: 128M
 Heap Max Capacity: 2022M
 Pre-touch: Disabled
 Parallel Workers: 4
 Concurrent Workers: 1
 Concurrent Refinement Workers: 4
 Periodic GC: Disabled
Heap:
 garbage-first heap   total 56320K, used 43851K [0x0000000081a00000, 0x0000000100000000)
  region size 1024K, 13 young (13312K), 1 survivors (1024K)
 Metaspace       used 77294K, committed 77760K, reserved 1179648K
  class space    used 10513K, committed 10752K, reserved 1048576K
GC Heap History (20 events):
Event: 31.989 GC heap before
{Heap before GC invocations=24 (full 0):
 garbage-first heap   total 43008K, used 34310K [0x0000000081a00000, 0x0000000100000000)
  region size 1024K, 13 young (13312K), 1 survivors (1024K)
 Metaspace       used 61610K, committed 62016K, reserved 1114112K
  class space    used 8206K, committed 8384K, reserved 1048576K
}
Event: 31.994 GC heap after
{Heap after GC invocations=25 (full 0):
 garbage-first heap   total 43008K, used 23548K [0x0000000081a00000, 0x0000000100000000)
  region size 1024K, 2 young (2048K), 2 survivors (2048K)
 Metaspace       used 61610K, committed 62016K, reserved 1114112K
  class space    used 8206K, committed 8384K, reserved 1048576K
}
Event: 34.926 GC heap before
{Heap before GC invocations=26 (full 0):
 garbage-first heap   total 43008K, used 34812K [0x0000000081a00000, 0x0000000100000000)
  region size 1024K, 13 young (13312K), 2 survivors (2048K)
 Metaspace       used 63573K, committed 64000K, reserved 1114112K
  class space    used 8443K, committed 8640K, reserved 1048576K
}
Event: 34.934 GC heap after
{Heap after GC invocations=27 (full 0):
 garbage-first heap   total 43008K, used 24453K [0x0000000081a00000, 0x0000000100000000)
  region size 1024K, 2 young (2048K), 2 survivors (2048K)
 Metaspace       used 63573K, committed 64000K, reserved 1114112K
  class space    used 8443K, committed 8640K, reserved 1048576K
}
Event: 35.846 GC heap before
{Heap before GC invocations=27 (full 0):
 garbage-first heap   total 43008K, used 33669K [0x0000000081a00000, 0x0000000100000000)
  region size 1024K, 12 young (12288K), 2 survivors (2048K)
 Metaspace       used 65402K, committed 65728K, reserved 1114112K
  class space    used 8700K, committed 8832K, reserved 1048576K
}
Event: 35.854 GC heap after
{Heap after GC invocations=28 (full 0):
 garbage-first heap   total 43008K, used 25171K [0x0000000081a00000, 0x0000000100000000)
  region size 1024K, 2 young (2048K), 2 survivors (2048K)
 Metaspace       used 65402K, committed 65728K, reserved 1114112K
  class space    used 8700K, committed 8832K, reserved 1048576K
}
Event: 36.489 GC heap before
{Heap before GC invocations=29 (full 0):
 garbage-first heap   total 46080K, used 35411K [0x0000000081a00000, 0x0000000100000000)
  region size 1024K, 12 young (12288K), 2 survivors (2048K)
 Metaspace       used 65571K, committed 65920K, reserved 1114112K
  class space    used 8730K, committed 8896K, reserved 1048576K
}
Event: 36.495 GC heap after
{Heap after GC invocations=30 (full 0):
 garbage-first heap   total 46080K, used 25471K [0x0000000081a00000, 0x0000000100000000)
  region size 1024K, 1 young (1024K), 1 survivors (1024K)
 Metaspace       used 65571K, committed 65920K, reserved 1114112K
  class space    used 8730K, committed 8896K, reserved 1048576K
}
Event: 37.050 GC heap before
{Heap before GC invocations=30 (full 0):
 garbage-first heap   total 46080K, used 37759K [0x0000000081a00000, 0x0000000100000000)
  region size 1024K, 13 young (13312K), 1 survivors (1024K)
 Metaspace       used 65865K, committed 66240K, reserved 1114112K
  class space    used 8766K, committed 8960K, reserved 1048576K
}
Event: 37.055 GC heap after
{Heap after GC invocations=31 (full 0):
 garbage-first heap   total 46080K, used 25889K [0x0000000081a00000, 0x0000000100000000)
  region size 1024K, 2 young (2048K), 2 survivors (2048K)
 Metaspace       used 65865K, committed 66240K, reserved 1114112K
  class space    used 8766K, committed 8960K, reserved 1048576K
}
Event: 37.730 GC heap before
{Heap before GC invocations=32 (full 0):
 garbage-first heap   total 46080K, used 37153K [0x0000000081a00000, 0x0000000100000000)
  region size 1024K, 14 young (14336K), 2 survivors (2048K)
 Metaspace       used 68438K, committed 68864K, reserved 1114112K
  class space    used 9227K, committed 9408K, reserved 1048576K
}
Event: 37.737 GC heap after
{Heap after GC invocations=33 (full 0):
 garbage-first heap   total 46080K, used 26829K [0x0000000081a00000, 0x0000000100000000)
  region size 1024K, 2 young (2048K), 2 survivors (2048K)
 Metaspace       used 68438K, committed 68864K, reserved 1114112K
  class space    used 9227K, committed 9408K, reserved 1048576K
}
Event: 38.670 GC heap before
{Heap before GC invocations=33 (full 0):
 garbage-first heap   total 46080K, used 36045K [0x0000000081a00000, 0x0000000100000000)
  region size 1024K, 12 young (12288K), 2 survivors (2048K)
 Metaspace       used 69590K, committed 70080K, reserved 1114112K
  class space    used 9355K, committed 9600K, reserved 1048576K
}
Event: 38.676 GC heap after
{Heap after GC invocations=34 (full 0):
 garbage-first heap   total 46080K, used 27254K [0x0000000081a00000, 0x0000000100000000)
  region size 1024K, 2 young (2048K), 2 survivors (2048K)
 Metaspace       used 69590K, committed 70080K, reserved 1114112K
  class space    used 9355K, committed 9600K, reserved 1048576K
}
Event: 38.870 GC heap before
{Heap before GC invocations=35 (full 0):
 garbage-first heap   total 56320K, used 36470K [0x0000000081a00000, 0x0000000100000000)
  region size 1024K, 12 young (12288K), 2 survivors (2048K)
 Metaspace       used 69663K, committed 70080K, reserved 1114112K
  class space    used 9361K, committed 9600K, reserved 1048576K
}
Event: 38.875 GC heap after
{Heap after GC invocations=36 (full 0):
 garbage-first heap   total 56320K, used 27630K [0x0000000081a00000, 0x0000000100000000)
  region size 1024K, 1 young (1024K), 1 survivors (1024K)
 Metaspace       used 69663K, committed 70080K, reserved 1114112K
  class space    used 9361K, committed 9600K, reserved 1048576K
}
Event: 40.159 GC heap before
{Heap before GC invocations=36 (full 0):
 garbage-first heap   total 56320K, used 46062K [0x0000000081a00000, 0x0000000100000000)
  region size 1024K, 19 young (19456K), 1 survivors (1024K)
 Metaspace       used 70868K, committed 71232K, reserved 1114112K
  class space    used 9531K, committed 9728K, reserved 1048576K
}
Event: 40.166 GC heap after
{Heap after GC invocations=37 (full 0):
 garbage-first heap   total 56320K, used 28722K [0x0000000081a00000, 0x0000000100000000)
  region size 1024K, 2 young (2048K), 2 survivors (2048K)
 Metaspace       used 70868K, committed 71232K, reserved 1114112K
  class space    used 9531K, committed 9728K, reserved 1048576K
}
Event: 42.256 GC heap before
{Heap before GC invocations=38 (full 0):
 garbage-first heap   total 56320K, used 46130K [0x0000000081a00000, 0x0000000100000000)
  region size 1024K, 19 young (19456K), 2 survivors (2048K)
 Metaspace       used 73466K, committed 73856K, reserved 1114112K
  class space    used 9921K, committed 10112K, reserved 1048576K
}
Event: 42.266 GC heap after
{Heap after GC invocations=39 (full 0):
 garbage-first heap   total 56320K, used 30192K [0x0000000081a00000, 0x0000000100000000)
  region size 1024K, 3 young (3072K), 3 survivors (3072K)
 Metaspace       used 73466K, committed 73856K, reserved 1114112K
  class space    used 9921K, committed 10112K, reserved 1048576K
}

