# JRE version: OpenJDK Runtime Environment Temurin-17.0.10+7 (17.0.10+7) (build 17.0.10+7)
# Java VM: OpenJDK 64-Bit Server VM Temurin-17.0.10+7 (17.0.10+7, mixed mode, tiered, compressed oops, compressed class ptrs, parallel gc, windows-amd64)
GC Precious Log:
 CPUs: 4 total, 4 available
 Memory: 8082M
 Large Page Support: Disabled
 NUMA Support: Disabled
 Compressed Oops: Enabled (32-bit)
 Alignments: Space 512K, Generation 512K, Heap 2M
 Heap Min Capacity: 100M
 Heap Initial Capacity: 100M
 Heap Max Capacity: 1G
 Pre-touch: Disabled
 Parallel Workers: 4
Heap:
 PSYoungGen      total 12288K, used 1017K [0x00000000eab00000, 0x00000000ebc00000, 0x0000000100000000)
  eden space 11264K, 0% used [0x00000000eab00000,0x00000000eab00000,0x00000000eb600000)
  from space 1024K, 99% used [0x00000000eb900000,0x00000000eb9fe410,0x00000000eba00000)
  to   space 3072K, 0% used [0x00000000eb600000,0x00000000eb600000,0x00000000eb900000)
 ParOldGen       total 83456K, used 83131K [0x00000000c0000000, 0x00000000c5180000, 0x00000000eab00000)
  object space 83456K, 99% used [0x00000000c0000000,0x00000000c512ec20,0x00000000c5180000)
 Metaspace       used 73905K, committed 75264K, reserved 1179648K
  class space    used 7846K, committed 8448K, reserved 1048576K
GC Heap History (20 events):
Event: 38.771 GC heap after
{Heap after GC invocations=92 (full 4):
 PSYoungGen      total 12288K, used 992K [0x00000000eab00000, 0x00000000eb900000, 0x0000000100000000)
  eden space 11264K, 0% used [0x00000000eab00000,0x00000000eab00000,0x00000000eb600000)
  from space 1024K, 96% used [0x00000000eb600000,0x00000000eb6f8000,0x00000000eb700000)
  to   space 1536K, 0% used [0x00000000eb780000,0x00000000eb780000,0x00000000eb900000)
 ParOldGen       total 83456K, used 73732K [0x00000000c0000000, 0x00000000c5180000, 0x00000000eab00000)
  object space 83456K, 88% used [0x00000000c0000000,0x00000000c48011b0,0x00000000c5180000)
 Metaspace       used 73038K, committed 74368K, reserved 1179648K
  class space    used 7798K, committed 8384K, reserved 1048576K
}
Event: 38.946 GC heap before
{Heap before GC invocations=93 (full 4):
 PSYoungGen      total 12288K, used 12256K [0x00000000eab00000, 0x00000000eb900000, 0x0000000100000000)
  eden space 11264K, 100% used [0x00000000eab00000,0x00000000eb600000,0x00000000eb600000)
  from space 1024K, 96% used [0x00000000eb600000,0x00000000eb6f8000,0x00000000eb700000)
  to   space 1536K, 0% used [0x00000000eb780000,0x00000000eb780000,0x00000000eb900000)
 ParOldGen       total 83456K, used 73732K [0x00000000c0000000, 0x00000000c5180000, 0x00000000eab00000)
  object space 83456K, 88% used [0x00000000c0000000,0x00000000c48011b0,0x00000000c5180000)
 Metaspace       used 73139K, committed 74432K, reserved 1179648K
  class space    used 7799K, committed 8384K, reserved 1048576K
}
Event: 38.949 GC heap after
{Heap after GC invocations=93 (full 4):
 PSYoungGen      total 12800K, used 1152K [0x00000000eab00000, 0x00000000eb900000, 0x0000000100000000)
  eden space 11264K, 0% used [0x00000000eab00000,0x00000000eab00000,0x00000000eb600000)
  from space 1536K, 75% used [0x00000000eb780000,0x00000000eb8a0000,0x00000000eb900000)
  to   space 1536K, 0% used [0x00000000eb600000,0x00000000eb600000,0x00000000eb780000)
 ParOldGen       total 83456K, used 74668K [0x00000000c0000000, 0x00000000c5180000, 0x00000000eab00000)
  object space 83456K, 89% used [0x00000000c0000000,0x00000000c48eb1d0,0x00000000c5180000)
 Metaspace       used 73139K, committed 74432K, reserved 1179648K
  class space    used 7799K, committed 8384K, reserved 1048576K
}
Event: 39.151 GC heap before
{Heap before GC invocations=94 (full 4):
 PSYoungGen      total 12800K, used 12416K [0x00000000eab00000, 0x00000000eb900000, 0x0000000100000000)
  eden space 11264K, 100% used [0x00000000eab00000,0x00000000eb600000,0x00000000eb600000)
  from space 1536K, 75% used [0x00000000eb780000,0x00000000eb8a0000,0x00000000eb900000)
  to   space 1536K, 0% used [0x00000000eb600000,0x00000000eb600000,0x00000000eb780000)
 ParOldGen       total 83456K, used 74668K [0x00000000c0000000, 0x00000000c5180000, 0x00000000eab00000)
  object space 83456K, 89% used [0x00000000c0000000,0x00000000c48eb1d0,0x00000000c5180000)
 Metaspace       used 73207K, committed 74560K, reserved 1179648K
  class space    used 7802K, committed 8448K, reserved 1048576K
}
Event: 39.154 GC heap after
{Heap after GC invocations=94 (full 4):
 PSYoungGen      total 12288K, used 800K [0x00000000eab00000, 0x00000000eb800000, 0x0000000100000000)
  eden space 11264K, 0% used [0x00000000eab00000,0x00000000eab00000,0x00000000eb600000)
  from space 1024K, 78% used [0x00000000eb600000,0x00000000eb6c8000,0x00000000eb700000)
  to   space 1024K, 0% used [0x00000000eb700000,0x00000000eb700000,0x00000000eb800000)
 ParOldGen       total 83456K, used 75364K [0x00000000c0000000, 0x00000000c5180000, 0x00000000eab00000)
  object space 83456K, 90% used [0x00000000c0000000,0x00000000c49991d0,0x00000000c5180000)
 Metaspace       used 73207K, committed 74560K, reserved 1179648K
  class space    used 7802K, committed 8448K, reserved 1048576K
}
Event: 39.364 GC heap before
{Heap before GC invocations=95 (full 4):
 PSYoungGen      total 12288K, used 12064K [0x00000000eab00000, 0x00000000eb800000, 0x0000000100000000)
  eden space 11264K, 100% used [0x00000000eab00000,0x00000000eb600000,0x00000000eb600000)
  from space 1024K, 78% used [0x00000000eb600000,0x00000000eb6c8000,0x00000000eb700000)
  to   space 1024K, 0% used [0x00000000eb700000,0x00000000eb700000,0x00000000eb800000)
 ParOldGen       total 83456K, used 75364K [0x00000000c0000000, 0x00000000c5180000, 0x00000000eab00000)
  object space 83456K, 90% used [0x00000000c0000000,0x00000000c49991d0,0x00000000c5180000)
 Metaspace       used 73275K, committed 74688K, reserved 1179648K
  class space    used 7802K, committed 8448K, reserved 1048576K
}
Event: 39.366 GC heap after
{Heap after GC invocations=95 (full 4):
 PSYoungGen      total 12288K, used 640K [0x00000000eab00000, 0x00000000eb800000, 0x0000000100000000)
  eden space 11264K, 0% used [0x00000000eab00000,0x00000000eab00000,0x00000000eb600000)
  from space 1024K, 62% used [0x00000000eb700000,0x00000000eb7a0000,0x00000000eb800000)
  to   space 1024K, 0% used [0x00000000eb600000,0x00000000eb600000,0x00000000eb700000)
 ParOldGen       total 83456K, used 75932K [0x00000000c0000000, 0x00000000c5180000, 0x00000000eab00000)
  object space 83456K, 90% used [0x00000000c0000000,0x00000000c4a271d0,0x00000000c5180000)
 Metaspace       used 73275K, committed 74688K, reserved 1179648K
  class space    used 7802K, committed 8448K, reserved 1048576K
}
Event: 39.559 GC heap before
{Heap before GC invocations=96 (full 4):
 PSYoungGen      total 12288K, used 11899K [0x00000000eab00000, 0x00000000eb800000, 0x0000000100000000)
  eden space 11264K, 99% used [0x00000000eab00000,0x00000000eb5fef68,0x00000000eb600000)
  from space 1024K, 62% used [0x00000000eb700000,0x00000000eb7a0000,0x00000000eb800000)
  to   space 1024K, 0% used [0x00000000eb600000,0x00000000eb600000,0x00000000eb700000)
 ParOldGen       total 83456K, used 75932K [0x00000000c0000000, 0x00000000c5180000, 0x00000000eab00000)
  object space 83456K, 90% used [0x00000000c0000000,0x00000000c4a271d0,0x00000000c5180000)
 Metaspace       used 73316K, committed 74752K, reserved 1179648K
  class space    used 7803K, committed 8448K, reserved 1048576K
}
Event: 39.562 GC heap after
{Heap after GC invocations=96 (full 4):
 PSYoungGen      total 12288K, used 1008K [0x00000000eab00000, 0x00000000eba00000, 0x0000000100000000)
  eden space 11264K, 0% used [0x00000000eab00000,0x00000000eab00000,0x00000000eb600000)
  from space 1024K, 98% used [0x00000000eb600000,0x00000000eb6fc030,0x00000000eb700000)
  to   space 2048K, 0% used [0x00000000eb800000,0x00000000eb800000,0x00000000eba00000)
 ParOldGen       total 83456K, used 76500K [0x00000000c0000000, 0x00000000c5180000, 0x00000000eab00000)
  object space 83456K, 91% used [0x00000000c0000000,0x00000000c4ab51d0,0x00000000c5180000)
 Metaspace       used 73316K, committed 74752K, reserved 1179648K
  class space    used 7803K, committed 8448K, reserved 1048576K
}
Event: 39.763 GC heap before
{Heap before GC invocations=97 (full 4):
 PSYoungGen      total 12288K, used 12272K [0x00000000eab00000, 0x00000000eba00000, 0x0000000100000000)
  eden space 11264K, 100% used [0x00000000eab00000,0x00000000eb600000,0x00000000eb600000)
  from space 1024K, 98% used [0x00000000eb600000,0x00000000eb6fc030,0x00000000eb700000)
  to   space 2048K, 0% used [0x00000000eb800000,0x00000000eb800000,0x00000000eba00000)
 ParOldGen       total 83456K, used 76500K [0x00000000c0000000, 0x00000000c5180000, 0x00000000eab00000)
  object space 83456K, 91% used [0x00000000c0000000,0x00000000c4ab51d0,0x00000000c5180000)
 Metaspace       used 73439K, committed 74880K, reserved 1179648K
  class space    used 7803K, committed 8448K, reserved 1048576K
}
Event: 39.766 GC heap after
{Heap after GC invocations=97 (full 4):
 PSYoungGen      total 12800K, used 1408K [0x00000000eab00000, 0x00000000eb980000, 0x0000000100000000)
  eden space 11264K, 0% used [0x00000000eab00000,0x00000000eab00000,0x00000000eb600000)
  from space 1536K, 91% used [0x00000000eb800000,0x00000000eb960000,0x00000000eb980000)
  to   space 1536K, 0% used [0x00000000eb680000,0x00000000eb680000,0x00000000eb800000)
 ParOldGen       total 83456K, used 77228K [0x00000000c0000000, 0x00000000c5180000, 0x00000000eab00000)
  object space 83456K, 92% used [0x00000000c0000000,0x00000000c4b6b1d0,0x00000000c5180000)
 Metaspace       used 73439K, committed 74880K, reserved 1179648K
  class space    used 7803K, committed 8448K, reserved 1048576K
}
Event: 39.826 GC heap before
{Heap before GC invocations=98 (full 4):
 PSYoungGen      total 12800K, used 12652K [0x00000000eab00000, 0x00000000eb980000, 0x0000000100000000)
  eden space 11264K, 99% used [0x00000000eab00000,0x00000000eb5fb078,0x00000000eb600000)
  from space 1536K, 91% used [0x00000000eb800000,0x00000000eb960000,0x00000000eb980000)
  to   space 1536K, 0% used [0x00000000eb680000,0x00000000eb680000,0x00000000eb800000)
 ParOldGen       total 83456K, used 77228K [0x00000000c0000000, 0x00000000c5180000, 0x00000000eab00000)
  object space 83456K, 92% used [0x00000000c0000000,0x00000000c4b6b1d0,0x00000000c5180000)
 Metaspace       used 73440K, committed 74880K, reserved 1179648K
  class space    used 7803K, committed 8448K, reserved 1048576K
}
Event: 39.831 GC heap after
{Heap after GC invocations=98 (full 4):
 PSYoungGen      total 12800K, used 1504K [0x00000000eab00000, 0x00000000ebd00000, 0x0000000100000000)
  eden space 11264K, 0% used [0x00000000eab00000,0x00000000eab00000,0x00000000eb600000)
  from space 1536K, 97% used [0x00000000eb680000,0x00000000eb7f8018,0x00000000eb800000)
  to   space 3584K, 0% used [0x00000000eb980000,0x00000000eb980000,0x00000000ebd00000)
 ParOldGen       total 83456K, used 78798K [0x00000000c0000000, 0x00000000c5180000, 0x00000000eab00000)
  object space 83456K, 94% used [0x00000000c0000000,0x00000000c4cf39b8,0x00000000c5180000)
 Metaspace       used 73440K, committed 74880K, reserved 1179648K
  class space    used 7803K, committed 8448K, reserved 1048576K
}
Event: 39.869 GC heap before
{Heap before GC invocations=99 (full 4):
 PSYoungGen      total 12800K, used 12768K [0x00000000eab00000, 0x00000000ebd00000, 0x0000000100000000)
  eden space 11264K, 100% used [0x00000000eab00000,0x00000000eb600000,0x00000000eb600000)
  from space 1536K, 97% used [0x00000000eb680000,0x00000000eb7f8018,0x00000000eb800000)
  to   space 3584K, 0% used [0x00000000eb980000,0x00000000eb980000,0x00000000ebd00000)
 ParOldGen       total 83456K, used 78798K [0x00000000c0000000, 0x00000000c5180000, 0x00000000eab00000)
  object space 83456K, 94% used [0x00000000c0000000,0x00000000c4cf39b8,0x00000000c5180000)
 Metaspace       used 73442K, committed 74880K, reserved 1179648K
  class space    used 7803K, committed 8448K, reserved 1048576K
}
Event: 39.872 GC heap after
{Heap after GC invocations=99 (full 4):
 PSYoungGen      total 12800K, used 1056K [0x00000000eab00000, 0x00000000ebb00000, 0x0000000100000000)
  eden space 11264K, 0% used [0x00000000eab00000,0x00000000eab00000,0x00000000eb600000)
  from space 1536K, 68% used [0x00000000eb980000,0x00000000eba88000,0x00000000ebb00000)
  to   space 2048K, 0% used [0x00000000eb700000,0x00000000eb700000,0x00000000eb900000)
 ParOldGen       total 83456K, used 80363K [0x00000000c0000000, 0x00000000c5180000, 0x00000000eab00000)
  object space 83456K, 96% used [0x00000000c0000000,0x00000000c4e7ac00,0x00000000c5180000)
 Metaspace       used 73442K, committed 74880K, reserved 1179648K
  class space    used 7803K, committed 8448K, reserved 1048576K
}
Event: 39.976 GC heap before
{Heap before GC invocations=100 (full 4):
 PSYoungGen      total 12800K, used 12320K [0x00000000eab00000, 0x00000000ebb00000, 0x0000000100000000)
  eden space 11264K, 100% used [0x00000000eab00000,0x00000000eb600000,0x00000000eb600000)
  from space 1536K, 68% used [0x00000000eb980000,0x00000000eba88000,0x00000000ebb00000)
  to   space 2048K, 0% used [0x00000000eb700000,0x00000000eb700000,0x00000000eb900000)
 ParOldGen       total 83456K, used 80363K [0x00000000c0000000, 0x00000000c5180000, 0x00000000eab00000)
  object space 83456K, 96% used [0x00000000c0000000,0x00000000c4e7ac00,0x00000000c5180000)
 Metaspace       used 73545K, committed 74944K, reserved 1179648K
  class space    used 7816K, committed 8448K, reserved 1048576K
}
Event: 39.980 GC heap after
{Heap after GC invocations=100 (full 4):
 PSYoungGen      total 13312K, used 1760K [0x00000000eab00000, 0x00000000eba00000, 0x0000000100000000)
  eden space 11264K, 0% used [0x00000000eab00000,0x00000000eab00000,0x00000000eb600000)
  from space 2048K, 85% used [0x00000000eb700000,0x00000000eb8b8000,0x00000000eb900000)
  to   space 1024K, 0% used [0x00000000eb900000,0x00000000eb900000,0x00000000eba00000)
 ParOldGen       total 83456K, used 81363K [0x00000000c0000000, 0x00000000c5180000, 0x00000000eab00000)
  object space 83456K, 97% used [0x00000000c0000000,0x00000000c4f74c00,0x00000000c5180000)
 Metaspace       used 73545K, committed 74944K, reserved 1179648K
  class space    used 7816K, committed 8448K, reserved 1048576K
}
Event: 40.281 GC heap before
{Heap before GC invocations=101 (full 4):
 PSYoungGen      total 13312K, used 13024K [0x00000000eab00000, 0x00000000eba00000, 0x0000000100000000)
  eden space 11264K, 100% used [0x00000000eab00000,0x00000000eb600000,0x00000000eb600000)
  from space 2048K, 85% used [0x00000000eb700000,0x00000000eb8b8000,0x00000000eb900000)
  to   space 1024K, 0% used [0x00000000eb900000,0x00000000eb900000,0x00000000eba00000)
 ParOldGen       total 83456K, used 81363K [0x00000000c0000000, 0x00000000c5180000, 0x00000000eab00000)
  object space 83456K, 97% used [0x00000000c0000000,0x00000000c4f74c00,0x00000000c5180000)
 Metaspace       used 73905K, committed 75264K, reserved 1179648K
  class space    used 7846K, committed 8448K, reserved 1048576K
}
Event: 40.285 GC heap after
{Heap after GC invocations=101 (full 4):
 PSYoungGen      total 12288K, used 1017K [0x00000000eab00000, 0x00000000ebc00000, 0x0000000100000000)
  eden space 11264K, 0% used [0x00000000eab00000,0x00000000eab00000,0x00000000eb600000)
  from space 1024K, 99% used [0x00000000eb900000,0x00000000eb9fe410,0x00000000eba00000)
  to   space 3072K, 0% used [0x00000000eb600000,0x00000000eb600000,0x00000000eb900000)
 ParOldGen       total 83456K, used 83131K [0x00000000c0000000, 0x00000000c5180000, 0x00000000eab00000)
  object space 83456K, 99% used [0x00000000c0000000,0x00000000c512ec20,0x00000000c5180000)
 Metaspace       used 73905K, committed 75264K, reserved 1179648K
  class space    used 7846K, committed 8448K, reserved 1048576K
}
Event: 40.285 GC heap before
{Heap before GC invocations=102 (full 5):
 PSYoungGen      total 12288K, used 1017K [0x00000000eab00000, 0x00000000ebc00000, 0x0000000100000000)
  eden space 11264K, 0% used [0x00000000eab00000,0x00000000eab00000,0x00000000eb600000)
  from space 1024K, 99% used [0x00000000eb900000,0x00000000eb9fe410,0x00000000eba00000)
  to   space 3072K, 0% used [0x00000000eb600000,0x00000000eb600000,0x00000000eb900000)
 ParOldGen       total 83456K, used 83131K [0x00000000c0000000, 0x00000000c5180000, 0x00000000eab00000)
  object space 83456K, 99% used [0x00000000c0000000,0x00000000c512ec20,0x00000000c5180000)
 Metaspace       used 73905K, committed 75264K, reserved 1179648K
  class space    used 7846K, committed 8448K, reserved 1048576K
}

