# JRE version: OpenJDK Runtime Environment Temurin-17.0.10+7 (17.0.10+7) (build 17.0.10+7)
# Java VM: OpenJDK 64-Bit Server VM Temurin-17.0.10+7 (17.0.10+7, mixed mode, tiered, compressed oops, compressed class ptrs, parallel gc, windows-amd64)
GC Precious Log:
 CPUs: 4 total, 4 available
 Memory: 8082M
 Large Page Support: Disabled
 NUMA Support: Disabled
 Compressed Oops: Enabled (32-bit)
 Alignments: Space 512K, Generation 512K, Heap 2M
 Heap Min Capacity: 100M
 Heap Initial Capacity: 100M
 Heap Max Capacity: 1G
 Pre-touch: Disabled
 Parallel Workers: 4
Heap:
 PSYoungGen      total 9728K, used 317K [0x00000000eab00000, 0x00000000ebf80000, 0x0000000100000000)
  eden space 9216K, 0% used [0x00000000eab00000,0x00000000eab00000,0x00000000eb400000)
  from space 512K, 62% used [0x00000000ebf00000,0x00000000ebf4f620,0x00000000ebf80000)
  to   space 4096K, 0% used [0x00000000eb780000,0x00000000eb780000,0x00000000ebb80000)
 ParOldGen       total 221696K, used 218676K [0x00000000c0000000, 0x00000000cd880000, 0x00000000eab00000)
  object space 221696K, 98% used [0x00000000c0000000,0x00000000cd58d040,0x00000000cd880000)
 Metaspace       used 92064K, committed 93632K, reserved 1179648K
  class space    used 9340K, committed 10048K, reserved 1048576K
GC Heap History (20 events):
Event: 944.740 GC heap after
{Heap after GC invocations=1220 (full 17):
 PSYoungGen      total 13824K, used 4606K [0x00000000eab00000, 0x00000000ec900000, 0x0000000100000000)
  eden space 9216K, 0% used [0x00000000eab00000,0x00000000eab00000,0x00000000eb400000)
  from space 4608K, 99% used [0x00000000eb400000,0x00000000eb87fb60,0x00000000eb880000)
  to   space 10752K, 0% used [0x00000000ebe80000,0x00000000ebe80000,0x00000000ec900000)
 ParOldGen       total 221696K, used 200242K [0x00000000c0000000, 0x00000000cd880000, 0x00000000eab00000)
  object space 221696K, 90% used [0x00000000c0000000,0x00000000cc38c978,0x00000000cd880000)
 Metaspace       used 92037K, committed 93632K, reserved 1179648K
  class space    used 9340K, committed 10048K, reserved 1048576K
}
Event: 944.776 GC heap before
{Heap before GC invocations=1221 (full 17):
 PSYoungGen      total 13824K, used 13822K [0x00000000eab00000, 0x00000000ec900000, 0x0000000100000000)
  eden space 9216K, 100% used [0x00000000eab00000,0x00000000eb400000,0x00000000eb400000)
  from space 4608K, 99% used [0x00000000eb400000,0x00000000eb87fb60,0x00000000eb880000)
  to   space 10752K, 0% used [0x00000000ebe80000,0x00000000ebe80000,0x00000000ec900000)
 ParOldGen       total 221696K, used 200242K [0x00000000c0000000, 0x00000000cd880000, 0x00000000eab00000)
  object space 221696K, 90% used [0x00000000c0000000,0x00000000cc38c978,0x00000000cd880000)
 Metaspace       used 92037K, committed 93632K, reserved 1179648K
  class space    used 9340K, committed 10048K, reserved 1048576K
}
Event: 944.778 GC heap after
{Heap after GC invocations=1221 (full 17):
 PSYoungGen      total 10240K, used 873K [0x00000000eab00000, 0x00000000ebf80000, 0x0000000100000000)
  eden space 9216K, 0% used [0x00000000eab00000,0x00000000eab00000,0x00000000eb400000)
  from space 1024K, 85% used [0x00000000ebe80000,0x00000000ebf5a400,0x00000000ebf80000)
  to   space 4096K, 0% used [0x00000000eb780000,0x00000000eb780000,0x00000000ebb80000)
 ParOldGen       total 221696K, used 200586K [0x00000000c0000000, 0x00000000cd880000, 0x00000000eab00000)
  object space 221696K, 90% used [0x00000000c0000000,0x00000000cc3e2978,0x00000000cd880000)
 Metaspace       used 92037K, committed 93632K, reserved 1179648K
  class space    used 9340K, committed 10048K, reserved 1048576K
}
Event: 944.811 GC heap before
{Heap before GC invocations=1222 (full 17):
 PSYoungGen      total 10240K, used 10089K [0x00000000eab00000, 0x00000000ebf80000, 0x0000000100000000)
  eden space 9216K, 100% used [0x00000000eab00000,0x00000000eb400000,0x00000000eb400000)
  from space 1024K, 85% used [0x00000000ebe80000,0x00000000ebf5a400,0x00000000ebf80000)
  to   space 4096K, 0% used [0x00000000eb780000,0x00000000eb780000,0x00000000ebb80000)
 ParOldGen       total 221696K, used 200586K [0x00000000c0000000, 0x00000000cd880000, 0x00000000eab00000)
  object space 221696K, 90% used [0x00000000c0000000,0x00000000cc3e2978,0x00000000cd880000)
 Metaspace       used 92050K, committed 93632K, reserved 1179648K
  class space    used 9340K, committed 10048K, reserved 1048576K
}
Event: 944.814 GC heap after
{Heap after GC invocations=1222 (full 17):
 PSYoungGen      total 13312K, used 537K [0x00000000eab00000, 0x00000000ebf00000, 0x0000000100000000)
  eden space 9216K, 0% used [0x00000000eab00000,0x00000000eab00000,0x00000000eb400000)
  from space 4096K, 13% used [0x00000000eb780000,0x00000000eb806410,0x00000000ebb80000)
  to   space 1536K, 0% used [0x00000000ebd80000,0x00000000ebd80000,0x00000000ebf00000)
 ParOldGen       total 221696K, used 200731K [0x00000000c0000000, 0x00000000cd880000, 0x00000000eab00000)
  object space 221696K, 90% used [0x00000000c0000000,0x00000000cc406d78,0x00000000cd880000)
 Metaspace       used 92050K, committed 93632K, reserved 1179648K
  class space    used 9340K, committed 10048K, reserved 1048576K
}
Event: 944.853 GC heap before
{Heap before GC invocations=1223 (full 17):
 PSYoungGen      total 13312K, used 9753K [0x00000000eab00000, 0x00000000ebf00000, 0x0000000100000000)
  eden space 9216K, 100% used [0x00000000eab00000,0x00000000eb400000,0x00000000eb400000)
  from space 4096K, 13% used [0x00000000eb780000,0x00000000eb806410,0x00000000ebb80000)
  to   space 1536K, 0% used [0x00000000ebd80000,0x00000000ebd80000,0x00000000ebf00000)
 ParOldGen       total 221696K, used 200731K [0x00000000c0000000, 0x00000000cd880000, 0x00000000eab00000)
  object space 221696K, 90% used [0x00000000c0000000,0x00000000cc406d78,0x00000000cd880000)
 Metaspace       used 92052K, committed 93632K, reserved 1179648K
  class space    used 9340K, committed 10048K, reserved 1048576K
}
Event: 944.857 GC heap after
{Heap after GC invocations=1223 (full 17):
 PSYoungGen      total 10752K, used 1534K [0x00000000eab00000, 0x00000000ebf00000, 0x0000000100000000)
  eden space 9216K, 0% used [0x00000000eab00000,0x00000000eab00000,0x00000000eb400000)
  from space 1536K, 99% used [0x00000000ebd80000,0x00000000ebeffbd8,0x00000000ebf00000)
  to   space 2048K, 0% used [0x00000000ebb00000,0x00000000ebb00000,0x00000000ebd00000)
 ParOldGen       total 221696K, used 201212K [0x00000000c0000000, 0x00000000cd880000, 0x00000000eab00000)
  object space 221696K, 90% used [0x00000000c0000000,0x00000000cc47f198,0x00000000cd880000)
 Metaspace       used 92052K, committed 93632K, reserved 1179648K
  class space    used 9340K, committed 10048K, reserved 1048576K
}
Event: 944.897 GC heap before
{Heap before GC invocations=1224 (full 17):
 PSYoungGen      total 10752K, used 10750K [0x00000000eab00000, 0x00000000ebf00000, 0x0000000100000000)
  eden space 9216K, 100% used [0x00000000eab00000,0x00000000eb400000,0x00000000eb400000)
  from space 1536K, 99% used [0x00000000ebd80000,0x00000000ebeffbd8,0x00000000ebf00000)
  to   space 2048K, 0% used [0x00000000ebb00000,0x00000000ebb00000,0x00000000ebd00000)
 ParOldGen       total 221696K, used 201212K [0x00000000c0000000, 0x00000000cd880000, 0x00000000eab00000)
  object space 221696K, 90% used [0x00000000c0000000,0x00000000cc47f198,0x00000000cd880000)
 Metaspace       used 92058K, committed 93632K, reserved 1179648K
  class space    used 9340K, committed 10048K, reserved 1048576K
}
Event: 944.903 GC heap after
{Heap after GC invocations=1224 (full 17):
 PSYoungGen      total 11264K, used 2020K [0x00000000eab00000, 0x00000000ec700000, 0x0000000100000000)
  eden space 9216K, 0% used [0x00000000eab00000,0x00000000eab00000,0x00000000eb400000)
  from space 2048K, 98% used [0x00000000ebb00000,0x00000000ebcf9290,0x00000000ebd00000)
  to   space 9728K, 0% used [0x00000000ebd80000,0x00000000ebd80000,0x00000000ec700000)
 ParOldGen       total 221696K, used 207347K [0x00000000c0000000, 0x00000000cd880000, 0x00000000eab00000)
  object space 221696K, 93% used [0x00000000c0000000,0x00000000cca7cda0,0x00000000cd880000)
 Metaspace       used 92058K, committed 93632K, reserved 1179648K
  class space    used 9340K, committed 10048K, reserved 1048576K
}
Event: 944.941 GC heap before
{Heap before GC invocations=1225 (full 17):
 PSYoungGen      total 11264K, used 11236K [0x00000000eab00000, 0x00000000ec700000, 0x0000000100000000)
  eden space 9216K, 100% used [0x00000000eab00000,0x00000000eb400000,0x00000000eb400000)
  from space 2048K, 98% used [0x00000000ebb00000,0x00000000ebcf9290,0x00000000ebd00000)
  to   space 9728K, 0% used [0x00000000ebd80000,0x00000000ebd80000,0x00000000ec700000)
 ParOldGen       total 221696K, used 207347K [0x00000000c0000000, 0x00000000cd880000, 0x00000000eab00000)
  object space 221696K, 93% used [0x00000000c0000000,0x00000000cca7cda0,0x00000000cd880000)
 Metaspace       used 92058K, committed 93632K, reserved 1179648K
  class space    used 9340K, committed 10048K, reserved 1048576K
}
Event: 944.942 GC heap after
{Heap after GC invocations=1225 (full 17):
 PSYoungGen      total 9728K, used 201K [0x00000000eab00000, 0x00000000ebe00000, 0x0000000100000000)
  eden space 9216K, 0% used [0x00000000eab00000,0x00000000eab00000,0x00000000eb400000)
  from space 512K, 39% used [0x00000000ebd80000,0x00000000ebdb2400,0x00000000ebe00000)
  to   space 3584K, 0% used [0x00000000eb700000,0x00000000eb700000,0x00000000eba80000)
 ParOldGen       total 221696K, used 207766K [0x00000000c0000000, 0x00000000cd880000, 0x00000000eab00000)
  object space 221696K, 93% used [0x00000000c0000000,0x00000000ccae59b0,0x00000000cd880000)
 Metaspace       used 92058K, committed 93632K, reserved 1179648K
  class space    used 9340K, committed 10048K, reserved 1048576K
}
Event: 944.967 GC heap before
{Heap before GC invocations=1226 (full 17):
 PSYoungGen      total 9728K, used 9417K [0x00000000eab00000, 0x00000000ebe00000, 0x0000000100000000)
  eden space 9216K, 100% used [0x00000000eab00000,0x00000000eb400000,0x00000000eb400000)
  from space 512K, 39% used [0x00000000ebd80000,0x00000000ebdb2400,0x00000000ebe00000)
  to   space 3584K, 0% used [0x00000000eb700000,0x00000000eb700000,0x00000000eba80000)
 ParOldGen       total 221696K, used 207766K [0x00000000c0000000, 0x00000000cd880000, 0x00000000eab00000)
  object space 221696K, 93% used [0x00000000c0000000,0x00000000ccae59b0,0x00000000cd880000)
 Metaspace       used 92058K, committed 93632K, reserved 1179648K
  class space    used 9340K, committed 10048K, reserved 1048576K
}
Event: 944.968 GC heap after
{Heap after GC invocations=1226 (full 17):
 PSYoungGen      total 12800K, used 233K [0x00000000eab00000, 0x00000000ebe00000, 0x0000000100000000)
  eden space 9216K, 0% used [0x00000000eab00000,0x00000000eab00000,0x00000000eb400000)
  from space 3584K, 6% used [0x00000000eb700000,0x00000000eb73a400,0x00000000eba80000)
  to   space 1024K, 0% used [0x00000000ebd00000,0x00000000ebd00000,0x00000000ebe00000)
 ParOldGen       total 221696K, used 207895K [0x00000000c0000000, 0x00000000cd880000, 0x00000000eab00000)
  object space 221696K, 93% used [0x00000000c0000000,0x00000000ccb05db0,0x00000000cd880000)
 Metaspace       used 92058K, committed 93632K, reserved 1179648K
  class space    used 9340K, committed 10048K, reserved 1048576K
}
Event: 945.004 GC heap before
{Heap before GC invocations=1227 (full 17):
 PSYoungGen      total 12800K, used 9449K [0x00000000eab00000, 0x00000000ebe00000, 0x0000000100000000)
  eden space 9216K, 100% used [0x00000000eab00000,0x00000000eb400000,0x00000000eb400000)
  from space 3584K, 6% used [0x00000000eb700000,0x00000000eb73a400,0x00000000eba80000)
  to   space 1024K, 0% used [0x00000000ebd00000,0x00000000ebd00000,0x00000000ebe00000)
 ParOldGen       total 221696K, used 207895K [0x00000000c0000000, 0x00000000cd880000, 0x00000000eab00000)
  object space 221696K, 93% used [0x00000000c0000000,0x00000000ccb05db0,0x00000000cd880000)
 Metaspace       used 92058K, committed 93632K, reserved 1179648K
  class space    used 9340K, committed 10048K, reserved 1048576K
}
Event: 945.012 GC heap after
{Heap after GC invocations=1227 (full 17):
 PSYoungGen      total 10240K, used 996K [0x00000000eab00000, 0x00000000ec200000, 0x0000000100000000)
  eden space 9216K, 0% used [0x00000000eab00000,0x00000000eab00000,0x00000000eb400000)
  from space 1024K, 97% used [0x00000000ebd00000,0x00000000ebdf9290,0x00000000ebe00000)
  to   space 7168K, 0% used [0x00000000eb400000,0x00000000eb400000,0x00000000ebb00000)
 ParOldGen       total 221696K, used 212839K [0x00000000c0000000, 0x00000000cd880000, 0x00000000eab00000)
  object space 221696K, 96% used [0x00000000c0000000,0x00000000ccfd9db0,0x00000000cd880000)
 Metaspace       used 92058K, committed 93632K, reserved 1179648K
  class space    used 9340K, committed 10048K, reserved 1048576K
}
Event: 945.049 GC heap before
{Heap before GC invocations=1228 (full 17):
 PSYoungGen      total 10240K, used 10212K [0x00000000eab00000, 0x00000000ec200000, 0x0000000100000000)
  eden space 9216K, 100% used [0x00000000eab00000,0x00000000eb400000,0x00000000eb400000)
  from space 1024K, 97% used [0x00000000ebd00000,0x00000000ebdf9290,0x00000000ebe00000)
  to   space 7168K, 0% used [0x00000000eb400000,0x00000000eb400000,0x00000000ebb00000)
 ParOldGen       total 221696K, used 212839K [0x00000000c0000000, 0x00000000cd880000, 0x00000000eab00000)
  object space 221696K, 96% used [0x00000000c0000000,0x00000000ccfd9db0,0x00000000cd880000)
 Metaspace       used 92059K, committed 93632K, reserved 1179648K
  class space    used 9340K, committed 10048K, reserved 1048576K
}
Event: 945.057 GC heap after
{Heap after GC invocations=1228 (full 17):
 PSYoungGen      total 16384K, used 7166K [0x00000000eab00000, 0x00000000eca00000, 0x0000000100000000)
  eden space 9216K, 0% used [0x00000000eab00000,0x00000000eab00000,0x00000000eb400000)
  from space 7168K, 99% used [0x00000000eb400000,0x00000000ebaffb60,0x00000000ebb00000)
  to   space 11264K, 0% used [0x00000000ebf00000,0x00000000ebf00000,0x00000000eca00000)
 ParOldGen       total 221696K, used 215540K [0x00000000c0000000, 0x00000000cd880000, 0x00000000eab00000)
  object space 221696K, 97% used [0x00000000c0000000,0x00000000cd27d040,0x00000000cd880000)
 Metaspace       used 92059K, committed 93632K, reserved 1179648K
  class space    used 9340K, committed 10048K, reserved 1048576K
}
Event: 945.080 GC heap before
{Heap before GC invocations=1229 (full 17):
 PSYoungGen      total 16384K, used 16334K [0x00000000eab00000, 0x00000000eca00000, 0x0000000100000000)
  eden space 9216K, 99% used [0x00000000eab00000,0x00000000eb3f3ca8,0x00000000eb400000)
  from space 7168K, 99% used [0x00000000eb400000,0x00000000ebaffb60,0x00000000ebb00000)
  to   space 11264K, 0% used [0x00000000ebf00000,0x00000000ebf00000,0x00000000eca00000)
 ParOldGen       total 221696K, used 215540K [0x00000000c0000000, 0x00000000cd880000, 0x00000000eab00000)
  object space 221696K, 97% used [0x00000000c0000000,0x00000000cd27d040,0x00000000cd880000)
 Metaspace       used 92064K, committed 93632K, reserved 1179648K
  class space    used 9340K, committed 10048K, reserved 1048576K
}
Event: 945.084 GC heap after
{Heap after GC invocations=1229 (full 17):
 PSYoungGen      total 9728K, used 317K [0x00000000eab00000, 0x00000000ebf80000, 0x0000000100000000)
  eden space 9216K, 0% used [0x00000000eab00000,0x00000000eab00000,0x00000000eb400000)
  from space 512K, 62% used [0x00000000ebf00000,0x00000000ebf4f620,0x00000000ebf80000)
  to   space 4096K, 0% used [0x00000000eb780000,0x00000000eb780000,0x00000000ebb80000)
 ParOldGen       total 221696K, used 218676K [0x00000000c0000000, 0x00000000cd880000, 0x00000000eab00000)
  object space 221696K, 98% used [0x00000000c0000000,0x00000000cd58d040,0x00000000cd880000)
 Metaspace       used 92064K, committed 93632K, reserved 1179648K
  class space    used 9340K, committed 10048K, reserved 1048576K
}
Event: 945.084 GC heap before
{Heap before GC invocations=1230 (full 18):
 PSYoungGen      total 9728K, used 317K [0x00000000eab00000, 0x00000000ebf80000, 0x0000000100000000)
  eden space 9216K, 0% used [0x00000000eab00000,0x00000000eab00000,0x00000000eb400000)
  from space 512K, 62% used [0x00000000ebf00000,0x00000000ebf4f620,0x00000000ebf80000)
  to   space 4096K, 0% used [0x00000000eb780000,0x00000000eb780000,0x00000000ebb80000)
 ParOldGen       total 221696K, used 218676K [0x00000000c0000000, 0x00000000cd880000, 0x00000000eab00000)
  object space 221696K, 98% used [0x00000000c0000000,0x00000000cd58d040,0x00000000cd880000)
 Metaspace       used 92064K, committed 93632K, reserved 1179648K
  class space    used 9340K, committed 10048K, reserved 1048576K
}

