# JRE version: OpenJDK Runtime Environment Temurin-17.0.10+7 (17.0.10+7) (build 17.0.10+7)
# Java VM: OpenJDK 64-Bit Server VM Temurin-17.0.10+7 (17.0.10+7, mixed mode, tiered, compressed oops, compressed class ptrs, parallel gc, windows-amd64)
GC Precious Log:
 CPUs: 4 total, 4 available
 Memory: 8082M
 Large Page Support: Disabled
 NUMA Support: Disabled
 Compressed Oops: Enabled (32-bit)
 Alignments: Space 512K, Generation 512K, Heap 2M
 Heap Min Capacity: 100M
 Heap Initial Capacity: 100M
 Heap Max Capacity: 1G
 Pre-touch: Disabled
 Parallel Workers: 4
Heap:
 PSYoungGen      total 6144K, used 3715K [0x00000000eab00000, 0x00000000eb280000, 0x0000000100000000)
  eden space 5120K, 59% used [0x00000000eab00000,0x00000000eadf8f90,0x00000000eb000000)
  from space 1024K, 65% used [0x00000000eb080000,0x00000000eb128000,0x00000000eb180000)
  to   space 1024K, 0% used [0x00000000eb180000,0x00000000eb180000,0x00000000eb280000)
 ParOldGen       total 151552K, used 145984K [0x00000000c0000000, 0x00000000c9400000, 0x00000000eab00000)
  object space 151552K, 96% used [0x00000000c0000000,0x00000000c8e90258,0x00000000c9400000)
 Metaspace       used 82990K, committed 84352K, reserved 1179648K
  class space    used 8368K, committed 8960K, reserved 1048576K
GC Heap History (20 events):
Event: 1278.433 GC heap before
{Heap before GC invocations=639 (full 16):
 PSYoungGen      total 3584K, used 3584K [0x00000000eab00000, 0x00000000ebd80000, 0x0000000100000000)
  eden space 512K, 100% used [0x00000000eab00000,0x00000000eab80000,0x00000000eab80000)
  from space 3072K, 100% used [0x00000000eb200000,0x00000000eb500000,0x00000000eb500000)
  to   space 6656K, 0% used [0x00000000eab80000,0x00000000eab80000,0x00000000eb200000)
 ParOldGen       total 151552K, used 135610K [0x00000000c0000000, 0x00000000c9400000, 0x00000000eab00000)
  object space 151552K, 89% used [0x00000000c0000000,0x00000000c846e8f0,0x00000000c9400000)
 Metaspace       used 82948K, committed 84352K, reserved 1179648K
  class space    used 8368K, committed 8960K, reserved 1048576K
}
Event: 1278.437 GC heap after
{Heap after GC invocations=639 (full 16):
 PSYoungGen      total 1536K, used 544K [0x00000000eab00000, 0x00000000eb280000, 0x0000000100000000)
  eden space 512K, 0% used [0x00000000eab00000,0x00000000eab00000,0x00000000eab80000)
  from space 1024K, 53% used [0x00000000eab80000,0x00000000eac08000,0x00000000eac80000)
  to   space 3072K, 0% used [0x00000000eaf80000,0x00000000eaf80000,0x00000000eb280000)
 ParOldGen       total 151552K, used 138730K [0x00000000c0000000, 0x00000000c9400000, 0x00000000eab00000)
  object space 151552K, 91% used [0x00000000c0000000,0x00000000c877a8f0,0x00000000c9400000)
 Metaspace       used 82948K, committed 84352K, reserved 1179648K
  class space    used 8368K, committed 8960K, reserved 1048576K
}
Event: 1278.439 GC heap before
{Heap before GC invocations=640 (full 16):
 PSYoungGen      total 1536K, used 1056K [0x00000000eab00000, 0x00000000eb280000, 0x0000000100000000)
  eden space 512K, 100% used [0x00000000eab00000,0x00000000eab80000,0x00000000eab80000)
  from space 1024K, 53% used [0x00000000eab80000,0x00000000eac08000,0x00000000eac80000)
  to   space 3072K, 0% used [0x00000000eaf80000,0x00000000eaf80000,0x00000000eb280000)
 ParOldGen       total 151552K, used 138730K [0x00000000c0000000, 0x00000000c9400000, 0x00000000eab00000)
  object space 151552K, 91% used [0x00000000c0000000,0x00000000c877a8f0,0x00000000c9400000)
 Metaspace       used 82948K, committed 84352K, reserved 1179648K
  class space    used 8368K, committed 8960K, reserved 1048576K
}
Event: 1278.441 GC heap after
{Heap after GC invocations=640 (full 16):
 PSYoungGen      total 2048K, used 544K [0x00000000eab00000, 0x00000000eb080000, 0x0000000100000000)
  eden space 1024K, 0% used [0x00000000eab00000,0x00000000eab00000,0x00000000eac00000)
  from space 1024K, 53% used [0x00000000eaf80000,0x00000000eb008000,0x00000000eb080000)
  to   space 1024K, 0% used [0x00000000eae80000,0x00000000eae80000,0x00000000eaf80000)
 ParOldGen       total 151552K, used 139202K [0x00000000c0000000, 0x00000000c9400000, 0x00000000eab00000)
  object space 151552K, 91% used [0x00000000c0000000,0x00000000c87f08f0,0x00000000c9400000)
 Metaspace       used 82948K, committed 84352K, reserved 1179648K
  class space    used 8368K, committed 8960K, reserved 1048576K
}
Event: 1278.448 GC heap before
{Heap before GC invocations=641 (full 16):
 PSYoungGen      total 2048K, used 1568K [0x00000000eab00000, 0x00000000eb080000, 0x0000000100000000)
  eden space 1024K, 100% used [0x00000000eab00000,0x00000000eac00000,0x00000000eac00000)
  from space 1024K, 53% used [0x00000000eaf80000,0x00000000eb008000,0x00000000eb080000)
  to   space 1024K, 0% used [0x00000000eae80000,0x00000000eae80000,0x00000000eaf80000)
 ParOldGen       total 151552K, used 139202K [0x00000000c0000000, 0x00000000c9400000, 0x00000000eab00000)
  object space 151552K, 91% used [0x00000000c0000000,0x00000000c87f08f0,0x00000000c9400000)
 Metaspace       used 82948K, committed 84352K, reserved 1179648K
  class space    used 8368K, committed 8960K, reserved 1048576K
}
Event: 1278.451 GC heap after
{Heap after GC invocations=641 (full 16):
 PSYoungGen      total 2560K, used 1024K [0x00000000eab00000, 0x00000000eb000000, 0x0000000100000000)
  eden space 1536K, 0% used [0x00000000eab00000,0x00000000eab00000,0x00000000eac80000)
  from space 1024K, 100% used [0x00000000eae80000,0x00000000eaf80000,0x00000000eaf80000)
  to   space 512K, 0% used [0x00000000eaf80000,0x00000000eaf80000,0x00000000eb000000)
 ParOldGen       total 151552K, used 139674K [0x00000000c0000000, 0x00000000c9400000, 0x00000000eab00000)
  object space 151552K, 92% used [0x00000000c0000000,0x00000000c88668f0,0x00000000c9400000)
 Metaspace       used 82948K, committed 84352K, reserved 1179648K
  class space    used 8368K, committed 8960K, reserved 1048576K
}
Event: 1278.462 GC heap before
{Heap before GC invocations=642 (full 16):
 PSYoungGen      total 2560K, used 2560K [0x00000000eab00000, 0x00000000eb000000, 0x0000000100000000)
  eden space 1536K, 100% used [0x00000000eab00000,0x00000000eac80000,0x00000000eac80000)
  from space 1024K, 100% used [0x00000000eae80000,0x00000000eaf80000,0x00000000eaf80000)
  to   space 512K, 0% used [0x00000000eaf80000,0x00000000eaf80000,0x00000000eb000000)
 ParOldGen       total 151552K, used 139674K [0x00000000c0000000, 0x00000000c9400000, 0x00000000eab00000)
  object space 151552K, 92% used [0x00000000c0000000,0x00000000c88668f0,0x00000000c9400000)
 Metaspace       used 82948K, committed 84352K, reserved 1179648K
  class space    used 8368K, committed 8960K, reserved 1048576K
}
Event: 1278.465 GC heap after
{Heap after GC invocations=642 (full 16):
 PSYoungGen      total 2560K, used 417K [0x00000000eab00000, 0x00000000eb000000, 0x0000000100000000)
  eden space 2048K, 0% used [0x00000000eab00000,0x00000000eab00000,0x00000000ead00000)
  from space 512K, 81% used [0x00000000eaf80000,0x00000000eafe8470,0x00000000eb000000)
  to   space 1024K, 0% used [0x00000000eae00000,0x00000000eae00000,0x00000000eaf00000)
 ParOldGen       total 151552K, used 140666K [0x00000000c0000000, 0x00000000c9400000, 0x00000000eab00000)
  object space 151552K, 92% used [0x00000000c0000000,0x00000000c895e8f0,0x00000000c9400000)
 Metaspace       used 82948K, committed 84352K, reserved 1179648K
  class space    used 8368K, committed 8960K, reserved 1048576K
}
Event: 1278.477 GC heap before
{Heap before GC invocations=643 (full 16):
 PSYoungGen      total 2560K, used 2465K [0x00000000eab00000, 0x00000000eb000000, 0x0000000100000000)
  eden space 2048K, 100% used [0x00000000eab00000,0x00000000ead00000,0x00000000ead00000)
  from space 512K, 81% used [0x00000000eaf80000,0x00000000eafe8470,0x00000000eb000000)
  to   space 1024K, 0% used [0x00000000eae00000,0x00000000eae00000,0x00000000eaf00000)
 ParOldGen       total 151552K, used 140666K [0x00000000c0000000, 0x00000000c9400000, 0x00000000eab00000)
  object space 151552K, 92% used [0x00000000c0000000,0x00000000c895e8f0,0x00000000c9400000)
 Metaspace       used 82948K, committed 84352K, reserved 1179648K
  class space    used 8368K, committed 8960K, reserved 1048576K
}
Event: 1278.478 GC heap after
{Heap after GC invocations=643 (full 16):
 PSYoungGen      total 3584K, used 544K [0x00000000eab00000, 0x00000000eb000000, 0x0000000100000000)
  eden space 2560K, 0% used [0x00000000eab00000,0x00000000eab00000,0x00000000ead80000)
  from space 1024K, 53% used [0x00000000eae00000,0x00000000eae88000,0x00000000eaf00000)
  to   space 1024K, 0% used [0x00000000eaf00000,0x00000000eaf00000,0x00000000eb000000)
 ParOldGen       total 151552K, used 140982K [0x00000000c0000000, 0x00000000c9400000, 0x00000000eab00000)
  object space 151552K, 93% used [0x00000000c0000000,0x00000000c89adb10,0x00000000c9400000)
 Metaspace       used 82948K, committed 84352K, reserved 1179648K
  class space    used 8368K, committed 8960K, reserved 1048576K
}
Event: 1278.487 GC heap before
{Heap before GC invocations=644 (full 16):
 PSYoungGen      total 3584K, used 3104K [0x00000000eab00000, 0x00000000eb000000, 0x0000000100000000)
  eden space 2560K, 100% used [0x00000000eab00000,0x00000000ead80000,0x00000000ead80000)
  from space 1024K, 53% used [0x00000000eae00000,0x00000000eae88000,0x00000000eaf00000)
  to   space 1024K, 0% used [0x00000000eaf00000,0x00000000eaf00000,0x00000000eb000000)
 ParOldGen       total 151552K, used 140982K [0x00000000c0000000, 0x00000000c9400000, 0x00000000eab00000)
  object space 151552K, 93% used [0x00000000c0000000,0x00000000c89adb10,0x00000000c9400000)
 Metaspace       used 82948K, committed 84352K, reserved 1179648K
  class space    used 8368K, committed 8960K, reserved 1048576K
}
Event: 1278.489 GC heap after
{Heap after GC invocations=644 (full 16):
 PSYoungGen      total 3584K, used 192K [0x00000000eab00000, 0x00000000eaf80000, 0x0000000100000000)
  eden space 3072K, 0% used [0x00000000eab00000,0x00000000eab00000,0x00000000eae00000)
  from space 512K, 37% used [0x00000000eaf00000,0x00000000eaf30000,0x00000000eaf80000)
  to   space 512K, 0% used [0x00000000eae80000,0x00000000eae80000,0x00000000eaf00000)
 ParOldGen       total 151552K, used 141474K [0x00000000c0000000, 0x00000000c9400000, 0x00000000eab00000)
  object space 151552K, 93% used [0x00000000c0000000,0x00000000c8a28b20,0x00000000c9400000)
 Metaspace       used 82948K, committed 84352K, reserved 1179648K
  class space    used 8368K, committed 8960K, reserved 1048576K
}
Event: 1278.518 GC heap before
{Heap before GC invocations=645 (full 16):
 PSYoungGen      total 3584K, used 3264K [0x00000000eab00000, 0x00000000eaf80000, 0x0000000100000000)
  eden space 3072K, 100% used [0x00000000eab00000,0x00000000eae00000,0x00000000eae00000)
  from space 512K, 37% used [0x00000000eaf00000,0x00000000eaf30000,0x00000000eaf80000)
  to   space 512K, 0% used [0x00000000eae80000,0x00000000eae80000,0x00000000eaf00000)
 ParOldGen       total 151552K, used 141474K [0x00000000c0000000, 0x00000000c9400000, 0x00000000eab00000)
  object space 151552K, 93% used [0x00000000c0000000,0x00000000c8a28b20,0x00000000c9400000)
 Metaspace       used 82951K, committed 84352K, reserved 1179648K
  class space    used 8368K, committed 8960K, reserved 1048576K
}
Event: 1278.521 GC heap after
{Heap after GC invocations=645 (full 16):
 PSYoungGen      total 4096K, used 480K [0x00000000eab00000, 0x00000000eb100000, 0x0000000100000000)
  eden space 3584K, 0% used [0x00000000eab00000,0x00000000eab00000,0x00000000eae80000)
  from space 512K, 93% used [0x00000000eae80000,0x00000000eaef8000,0x00000000eaf00000)
  to   space 1024K, 0% used [0x00000000eb000000,0x00000000eb000000,0x00000000eb100000)
 ParOldGen       total 151552K, used 141602K [0x00000000c0000000, 0x00000000c9400000, 0x00000000eab00000)
  object space 151552K, 93% used [0x00000000c0000000,0x00000000c8a48b20,0x00000000c9400000)
 Metaspace       used 82951K, committed 84352K, reserved 1179648K
  class space    used 8368K, committed 8960K, reserved 1048576K
}
Event: 1278.581 GC heap before
{Heap before GC invocations=646 (full 16):
 PSYoungGen      total 4096K, used 4064K [0x00000000eab00000, 0x00000000eb100000, 0x0000000100000000)
  eden space 3584K, 100% used [0x00000000eab00000,0x00000000eae80000,0x00000000eae80000)
  from space 512K, 93% used [0x00000000eae80000,0x00000000eaef8000,0x00000000eaf00000)
  to   space 1024K, 0% used [0x00000000eb000000,0x00000000eb000000,0x00000000eb100000)
 ParOldGen       total 151552K, used 141602K [0x00000000c0000000, 0x00000000c9400000, 0x00000000eab00000)
  object space 151552K, 93% used [0x00000000c0000000,0x00000000c8a48b20,0x00000000c9400000)
 Metaspace       used 82961K, committed 84352K, reserved 1179648K
  class space    used 8368K, committed 8960K, reserved 1048576K
}
Event: 1278.584 GC heap after
{Heap after GC invocations=646 (full 16):
 PSYoungGen      total 5120K, used 884K [0x00000000eab00000, 0x00000000eb180000, 0x0000000100000000)
  eden space 4096K, 0% used [0x00000000eab00000,0x00000000eab00000,0x00000000eaf00000)
  from space 1024K, 86% used [0x00000000eb000000,0x00000000eb0dd200,0x00000000eb100000)
  to   space 1024K, 0% used [0x00000000eaf00000,0x00000000eaf00000,0x00000000eb000000)
 ParOldGen       total 151552K, used 142034K [0x00000000c0000000, 0x00000000c9400000, 0x00000000eab00000)
  object space 151552K, 93% used [0x00000000c0000000,0x00000000c8ab4b20,0x00000000c9400000)
 Metaspace       used 82961K, committed 84352K, reserved 1179648K
  class space    used 8368K, committed 8960K, reserved 1048576K
}
Event: 1278.603 GC heap before
{Heap before GC invocations=647 (full 16):
 PSYoungGen      total 5120K, used 4980K [0x00000000eab00000, 0x00000000eb180000, 0x0000000100000000)
  eden space 4096K, 100% used [0x00000000eab00000,0x00000000eaf00000,0x00000000eaf00000)
  from space 1024K, 86% used [0x00000000eb000000,0x00000000eb0dd200,0x00000000eb100000)
  to   space 1024K, 0% used [0x00000000eaf00000,0x00000000eaf00000,0x00000000eb000000)
 ParOldGen       total 151552K, used 142034K [0x00000000c0000000, 0x00000000c9400000, 0x00000000eab00000)
  object space 151552K, 93% used [0x00000000c0000000,0x00000000c8ab4b20,0x00000000c9400000)
 Metaspace       used 82961K, committed 84352K, reserved 1179648K
  class space    used 8368K, committed 8960K, reserved 1048576K
}
Event: 1278.606 GC heap after
{Heap after GC invocations=647 (full 16):
 PSYoungGen      total 5120K, used 587K [0x00000000eab00000, 0x00000000eb200000, 0x0000000100000000)
  eden space 4096K, 0% used [0x00000000eab00000,0x00000000eab00000,0x00000000eaf00000)
  from space 1024K, 57% used [0x00000000eaf00000,0x00000000eaf92d60,0x00000000eb000000)
  to   space 1024K, 0% used [0x00000000eb100000,0x00000000eb100000,0x00000000eb200000)
 ParOldGen       total 151552K, used 142714K [0x00000000c0000000, 0x00000000c9400000, 0x00000000eab00000)
  object space 151552K, 94% used [0x00000000c0000000,0x00000000c8b5eb40,0x00000000c9400000)
 Metaspace       used 82961K, committed 84352K, reserved 1179648K
  class space    used 8368K, committed 8960K, reserved 1048576K
}
Event: 1278.619 GC heap before
{Heap before GC invocations=648 (full 16):
 PSYoungGen      total 5120K, used 4683K [0x00000000eab00000, 0x00000000eb200000, 0x0000000100000000)
  eden space 4096K, 100% used [0x00000000eab00000,0x00000000eaf00000,0x00000000eaf00000)
  from space 1024K, 57% used [0x00000000eaf00000,0x00000000eaf92d60,0x00000000eb000000)
  to   space 1024K, 0% used [0x00000000eb100000,0x00000000eb100000,0x00000000eb200000)
 ParOldGen       total 151552K, used 142714K [0x00000000c0000000, 0x00000000c9400000, 0x00000000eab00000)
  object space 151552K, 94% used [0x00000000c0000000,0x00000000c8b5eb40,0x00000000c9400000)
 Metaspace       used 82961K, committed 84352K, reserved 1179648K
  class space    used 8368K, committed 8960K, reserved 1048576K
}
Event: 1278.620 GC heap after
{Heap after GC invocations=648 (full 16):
 PSYoungGen      total 6144K, used 448K [0x00000000eab00000, 0x00000000eb200000, 0x0000000100000000)
  eden space 5120K, 0% used [0x00000000eab00000,0x00000000eab00000,0x00000000eb000000)
  from space 1024K, 43% used [0x00000000eb100000,0x00000000eb170020,0x00000000eb200000)
  to   space 1024K, 0% used [0x00000000eb000000,0x00000000eb000000,0x00000000eb100000)
 ParOldGen       total 151552K, used 143262K [0x00000000c0000000, 0x00000000c9400000, 0x00000000eab00000)
  object space 151552K, 94% used [0x00000000c0000000,0x00000000c8be78b0,0x00000000c9400000)
 Metaspace       used 82961K, committed 84352K, reserved 1179648K
  class space    used 8368K, committed 8960K, reserved 1048576K
}

