# JRE version: OpenJDK Runtime Environment Temurin-17.0.9+9 (17.0.9+9) (build 17.0.9+9)
# Java VM: OpenJDK 64-Bit Server VM Temurin-17.0.9+9 (17.0.9+9, mixed mode, tiered, compressed oops, compressed class ptrs, parallel gc, windows-amd64)
GC Precious Log:
 CPUs: 4 total, 4 available
 Memory: 8082M
 Large Page Support: Disabled
 NUMA Support: Disabled
 Compressed Oops: Enabled (32-bit)
 Alignments: Space 512K, Generation 512K, Heap 2M
 Heap Min Capacity: 100M
 Heap Initial Capacity: 100M
 Heap Max Capacity: 1G
 Pre-touch: Disabled
 Parallel Workers: 4
Heap:
 PSYoungGen      total 4096K, used 1773K [0x00000000eab00000, 0x00000000eb100000, 0x0000000100000000)
  eden space 2048K, 11% used [0x00000000eab00000,0x00000000eab3b490,0x00000000ead00000)
  from space 2048K, 75% used [0x00000000eaf00000,0x00000000eb080000,0x00000000eb100000)
  to   space 2048K, 0% used [0x00000000ead00000,0x00000000ead00000,0x00000000eaf00000)
 ParOldGen       total 171008K, used 158880K [0x00000000c0000000, 0x00000000ca700000, 0x00000000eab00000)
  object space 171008K, 92% used [0x00000000c0000000,0x00000000c9b280f0,0x00000000ca700000)
 Metaspace       used 90071K, committed 91520K, reserved 1179648K
  class space    used 9169K, committed 9856K, reserved 1048576K
GC Heap History (20 events):
Event: 3459.233 GC heap before
{Heap before GC invocations=1140 (full 36):
 PSYoungGen      total 4608K, used 4064K [0x00000000eab00000, 0x00000000eb280000, 0x0000000100000000)
  eden space 2048K, 100% used [0x00000000eab00000,0x00000000ead00000,0x00000000ead00000)
  from space 2560K, 78% used [0x00000000eaf80000,0x00000000eb178000,0x00000000eb200000)
  to   space 2560K, 0% used [0x00000000ead00000,0x00000000ead00000,0x00000000eaf80000)
 ParOldGen       total 171008K, used 146517K [0x00000000c0000000, 0x00000000ca700000, 0x00000000eab00000)
  object space 171008K, 85% used [0x00000000c0000000,0x00000000c8f15700,0x00000000ca700000)
 Metaspace       used 90071K, committed 91520K, reserved 1179648K
  class space    used 9169K, committed 9856K, reserved 1048576K
}
Event: 3459.236 GC heap after
{Heap after GC invocations=1140 (full 36):
 PSYoungGen      total 4608K, used 2048K [0x00000000eab00000, 0x00000000eb280000, 0x0000000100000000)
  eden space 2048K, 0% used [0x00000000eab00000,0x00000000eab00000,0x00000000ead00000)
  from space 2560K, 80% used [0x00000000ead00000,0x00000000eaf00000,0x00000000eaf80000)
  to   space 2560K, 0% used [0x00000000eb000000,0x00000000eb000000,0x00000000eb280000)
 ParOldGen       total 171008K, used 148525K [0x00000000c0000000, 0x00000000ca700000, 0x00000000eab00000)
  object space 171008K, 86% used [0x00000000c0000000,0x00000000c910b700,0x00000000ca700000)
 Metaspace       used 90071K, committed 91520K, reserved 1179648K
  class space    used 9169K, committed 9856K, reserved 1048576K
}
Event: 3459.242 GC heap before
{Heap before GC invocations=1141 (full 36):
 PSYoungGen      total 4608K, used 4096K [0x00000000eab00000, 0x00000000eb280000, 0x0000000100000000)
  eden space 2048K, 100% used [0x00000000eab00000,0x00000000ead00000,0x00000000ead00000)
  from space 2560K, 80% used [0x00000000ead00000,0x00000000eaf00000,0x00000000eaf80000)
  to   space 2560K, 0% used [0x00000000eb000000,0x00000000eb000000,0x00000000eb280000)
 ParOldGen       total 171008K, used 148525K [0x00000000c0000000, 0x00000000ca700000, 0x00000000eab00000)
  object space 171008K, 86% used [0x00000000c0000000,0x00000000c910b700,0x00000000ca700000)
 Metaspace       used 90071K, committed 91520K, reserved 1179648K
  class space    used 9169K, committed 9856K, reserved 1048576K
}
Event: 3459.246 GC heap after
{Heap after GC invocations=1141 (full 36):
 PSYoungGen      total 4608K, used 1984K [0x00000000eab00000, 0x00000000eb200000, 0x0000000100000000)
  eden space 2560K, 0% used [0x00000000eab00000,0x00000000eab00000,0x00000000ead80000)
  from space 2048K, 96% used [0x00000000eb000000,0x00000000eb1f0000,0x00000000eb200000)
  to   space 2048K, 0% used [0x00000000eae00000,0x00000000eae00000,0x00000000eb000000)
 ParOldGen       total 171008K, used 150533K [0x00000000c0000000, 0x00000000ca700000, 0x00000000eab00000)
  object space 171008K, 88% used [0x00000000c0000000,0x00000000c9301700,0x00000000ca700000)
 Metaspace       used 90071K, committed 91520K, reserved 1179648K
  class space    used 9169K, committed 9856K, reserved 1048576K
}
Event: 3459.251 GC heap before
{Heap before GC invocations=1142 (full 36):
 PSYoungGen      total 4608K, used 4544K [0x00000000eab00000, 0x00000000eb200000, 0x0000000100000000)
  eden space 2560K, 100% used [0x00000000eab00000,0x00000000ead80000,0x00000000ead80000)
  from space 2048K, 96% used [0x00000000eb000000,0x00000000eb1f0000,0x00000000eb200000)
  to   space 2048K, 0% used [0x00000000eae00000,0x00000000eae00000,0x00000000eb000000)
 ParOldGen       total 171008K, used 150533K [0x00000000c0000000, 0x00000000ca700000, 0x00000000eab00000)
  object space 171008K, 88% used [0x00000000c0000000,0x00000000c9301700,0x00000000ca700000)
 Metaspace       used 90071K, committed 91520K, reserved 1179648K
  class space    used 9169K, committed 9856K, reserved 1048576K
}
Event: 3459.254 GC heap after
{Heap after GC invocations=1142 (full 36):
 PSYoungGen      total 3584K, used 506K [0x00000000eab00000, 0x00000000eb100000, 0x0000000100000000)
  eden space 3072K, 0% used [0x00000000eab00000,0x00000000eab00000,0x00000000eae00000)
  from space 512K, 98% used [0x00000000eae00000,0x00000000eae7e920,0x00000000eae80000)
  to   space 1536K, 0% used [0x00000000eaf80000,0x00000000eaf80000,0x00000000eb100000)
 ParOldGen       total 171008K, used 152469K [0x00000000c0000000, 0x00000000ca700000, 0x00000000eab00000)
  object space 171008K, 89% used [0x00000000c0000000,0x00000000c94e5700,0x00000000ca700000)
 Metaspace       used 90071K, committed 91520K, reserved 1179648K
  class space    used 9169K, committed 9856K, reserved 1048576K
}
Event: 3459.260 GC heap before
{Heap before GC invocations=1143 (full 36):
 PSYoungGen      total 3584K, used 3578K [0x00000000eab00000, 0x00000000eb100000, 0x0000000100000000)
  eden space 3072K, 100% used [0x00000000eab00000,0x00000000eae00000,0x00000000eae00000)
  from space 512K, 98% used [0x00000000eae00000,0x00000000eae7e920,0x00000000eae80000)
  to   space 1536K, 0% used [0x00000000eaf80000,0x00000000eaf80000,0x00000000eb100000)
 ParOldGen       total 171008K, used 152469K [0x00000000c0000000, 0x00000000ca700000, 0x00000000eab00000)
  object space 171008K, 89% used [0x00000000c0000000,0x00000000c94e5700,0x00000000ca700000)
 Metaspace       used 90071K, committed 91520K, reserved 1179648K
  class space    used 9169K, committed 9856K, reserved 1048576K
}
Event: 3459.263 GC heap after
{Heap after GC invocations=1143 (full 36):
 PSYoungGen      total 4096K, used 1406K [0x00000000eab00000, 0x00000000eb300000, 0x0000000100000000)
  eden space 2560K, 0% used [0x00000000eab00000,0x00000000eab00000,0x00000000ead80000)
  from space 1536K, 91% used [0x00000000eaf80000,0x00000000eb0df890,0x00000000eb100000)
  to   space 2048K, 0% used [0x00000000ead80000,0x00000000ead80000,0x00000000eaf80000)
 ParOldGen       total 171008K, used 152946K [0x00000000c0000000, 0x00000000ca700000, 0x00000000eab00000)
  object space 171008K, 89% used [0x00000000c0000000,0x00000000c955c920,0x00000000ca700000)
 Metaspace       used 90071K, committed 91520K, reserved 1179648K
  class space    used 9169K, committed 9856K, reserved 1048576K
}
Event: 3459.270 GC heap before
{Heap before GC invocations=1144 (full 36):
 PSYoungGen      total 4096K, used 3909K [0x00000000eab00000, 0x00000000eb300000, 0x0000000100000000)
  eden space 2560K, 97% used [0x00000000eab00000,0x00000000ead71f08,0x00000000ead80000)
  from space 1536K, 91% used [0x00000000eaf80000,0x00000000eb0df890,0x00000000eb100000)
  to   space 2048K, 0% used [0x00000000ead80000,0x00000000ead80000,0x00000000eaf80000)
 ParOldGen       total 171008K, used 152946K [0x00000000c0000000, 0x00000000ca700000, 0x00000000eab00000)
  object space 171008K, 89% used [0x00000000c0000000,0x00000000c955c920,0x00000000ca700000)
 Metaspace       used 90071K, committed 91520K, reserved 1179648K
  class space    used 9169K, committed 9856K, reserved 1048576K
}
Event: 3459.272 GC heap after
{Heap after GC invocations=1144 (full 36):
 PSYoungGen      total 3072K, used 128K [0x00000000eab00000, 0x00000000eb000000, 0x0000000100000000)
  eden space 2560K, 0% used [0x00000000eab00000,0x00000000eab00000,0x00000000ead80000)
  from space 512K, 25% used [0x00000000ead80000,0x00000000eada0000,0x00000000eae00000)
  to   space 1024K, 0% used [0x00000000eaf00000,0x00000000eaf00000,0x00000000eb000000)
 ParOldGen       total 171008K, used 153066K [0x00000000c0000000, 0x00000000ca700000, 0x00000000eab00000)
  object space 171008K, 89% used [0x00000000c0000000,0x00000000c957a920,0x00000000ca700000)
 Metaspace       used 90071K, committed 91520K, reserved 1179648K
  class space    used 9169K, committed 9856K, reserved 1048576K
}
Event: 3459.275 GC heap before
{Heap before GC invocations=1145 (full 36):
 PSYoungGen      total 3072K, used 2688K [0x00000000eab00000, 0x00000000eb000000, 0x0000000100000000)
  eden space 2560K, 100% used [0x00000000eab00000,0x00000000ead80000,0x00000000ead80000)
  from space 512K, 25% used [0x00000000ead80000,0x00000000eada0000,0x00000000eae00000)
  to   space 1024K, 0% used [0x00000000eaf00000,0x00000000eaf00000,0x00000000eb000000)
 ParOldGen       total 171008K, used 153066K [0x00000000c0000000, 0x00000000ca700000, 0x00000000eab00000)
  object space 171008K, 89% used [0x00000000c0000000,0x00000000c957a920,0x00000000ca700000)
 Metaspace       used 90071K, committed 91520K, reserved 1179648K
  class space    used 9169K, committed 9856K, reserved 1048576K
}
Event: 3459.277 GC heap after
{Heap after GC invocations=1145 (full 36):
 PSYoungGen      total 2048K, used 1021K [0x00000000eab00000, 0x00000000eb400000, 0x0000000100000000)
  eden space 1024K, 0% used [0x00000000eab00000,0x00000000eab00000,0x00000000eac00000)
  from space 1024K, 99% used [0x00000000eaf00000,0x00000000eafff7d0,0x00000000eb000000)
  to   space 3072K, 0% used [0x00000000eac00000,0x00000000eac00000,0x00000000eaf00000)
 ParOldGen       total 171008K, used 154426K [0x00000000c0000000, 0x00000000ca700000, 0x00000000eab00000)
  object space 171008K, 90% used [0x00000000c0000000,0x00000000c96ce920,0x00000000ca700000)
 Metaspace       used 90071K, committed 91520K, reserved 1179648K
  class space    used 9169K, committed 9856K, reserved 1048576K
}
Event: 3459.279 GC heap before
{Heap before GC invocations=1146 (full 36):
 PSYoungGen      total 2048K, used 2045K [0x00000000eab00000, 0x00000000eb400000, 0x0000000100000000)
  eden space 1024K, 100% used [0x00000000eab00000,0x00000000eac00000,0x00000000eac00000)
  from space 1024K, 99% used [0x00000000eaf00000,0x00000000eafff7d0,0x00000000eb000000)
  to   space 3072K, 0% used [0x00000000eac00000,0x00000000eac00000,0x00000000eaf00000)
 ParOldGen       total 171008K, used 154426K [0x00000000c0000000, 0x00000000ca700000, 0x00000000eab00000)
  object space 171008K, 90% used [0x00000000c0000000,0x00000000c96ce920,0x00000000ca700000)
 Metaspace       used 90071K, committed 91520K, reserved 1179648K
  class space    used 9169K, committed 9856K, reserved 1048576K
}
Event: 3459.281 GC heap after
{Heap after GC invocations=1146 (full 36):
 PSYoungGen      total 2048K, used 992K [0x00000000eab00000, 0x00000000eaf80000, 0x0000000100000000)
  eden space 1024K, 0% used [0x00000000eab00000,0x00000000eab00000,0x00000000eac00000)
  from space 1024K, 96% used [0x00000000eac00000,0x00000000eacf8000,0x00000000ead00000)
  to   space 1536K, 0% used [0x00000000eae00000,0x00000000eae00000,0x00000000eaf80000)
 ParOldGen       total 171008K, used 155480K [0x00000000c0000000, 0x00000000ca700000, 0x00000000eab00000)
  object space 171008K, 90% used [0x00000000c0000000,0x00000000c97d60f0,0x00000000ca700000)
 Metaspace       used 90071K, committed 91520K, reserved 1179648K
  class space    used 9169K, committed 9856K, reserved 1048576K
}
Event: 3459.283 GC heap before
{Heap before GC invocations=1147 (full 36):
 PSYoungGen      total 2048K, used 2015K [0x00000000eab00000, 0x00000000eaf80000, 0x0000000100000000)
  eden space 1024K, 99% used [0x00000000eab00000,0x00000000eabfffb8,0x00000000eac00000)
  from space 1024K, 96% used [0x00000000eac00000,0x00000000eacf8000,0x00000000ead00000)
  to   space 1536K, 0% used [0x00000000eae00000,0x00000000eae00000,0x00000000eaf80000)
 ParOldGen       total 171008K, used 155480K [0x00000000c0000000, 0x00000000ca700000, 0x00000000eab00000)
  object space 171008K, 90% used [0x00000000c0000000,0x00000000c97d60f0,0x00000000ca700000)
 Metaspace       used 90071K, committed 91520K, reserved 1179648K
  class space    used 9169K, committed 9856K, reserved 1048576K
}
Event: 3459.285 GC heap after
{Heap after GC invocations=1147 (full 36):
 PSYoungGen      total 3072K, used 992K [0x00000000eab00000, 0x00000000eaf80000, 0x0000000100000000)
  eden space 1536K, 0% used [0x00000000eab00000,0x00000000eab00000,0x00000000eac80000)
  from space 1536K, 64% used [0x00000000eae00000,0x00000000eaef8000,0x00000000eaf80000)
  to   space 1536K, 0% used [0x00000000eac80000,0x00000000eac80000,0x00000000eae00000)
 ParOldGen       total 171008K, used 156424K [0x00000000c0000000, 0x00000000ca700000, 0x00000000eab00000)
  object space 171008K, 91% used [0x00000000c0000000,0x00000000c98c20f0,0x00000000ca700000)
 Metaspace       used 90071K, committed 91520K, reserved 1179648K
  class space    used 9169K, committed 9856K, reserved 1048576K
}
Event: 3459.288 GC heap before
{Heap before GC invocations=1148 (full 36):
 PSYoungGen      total 3072K, used 2528K [0x00000000eab00000, 0x00000000eaf80000, 0x0000000100000000)
  eden space 1536K, 100% used [0x00000000eab00000,0x00000000eac80000,0x00000000eac80000)
  from space 1536K, 64% used [0x00000000eae00000,0x00000000eaef8000,0x00000000eaf80000)
  to   space 1536K, 0% used [0x00000000eac80000,0x00000000eac80000,0x00000000eae00000)
 ParOldGen       total 171008K, used 156424K [0x00000000c0000000, 0x00000000ca700000, 0x00000000eab00000)
  object space 171008K, 91% used [0x00000000c0000000,0x00000000c98c20f0,0x00000000ca700000)
 Metaspace       used 90071K, committed 91520K, reserved 1179648K
  class space    used 9169K, committed 9856K, reserved 1048576K
}
Event: 3459.291 GC heap after
{Heap after GC invocations=1148 (full 36):
 PSYoungGen      total 3072K, used 1504K [0x00000000eab00000, 0x00000000eb100000, 0x0000000100000000)
  eden space 1536K, 0% used [0x00000000eab00000,0x00000000eab00000,0x00000000eac80000)
  from space 1536K, 97% used [0x00000000eac80000,0x00000000eadf8000,0x00000000eae00000)
  to   space 2048K, 0% used [0x00000000eaf00000,0x00000000eaf00000,0x00000000eb100000)
 ParOldGen       total 171008K, used 157392K [0x00000000c0000000, 0x00000000ca700000, 0x00000000eab00000)
  object space 171008K, 92% used [0x00000000c0000000,0x00000000c99b40f0,0x00000000ca700000)
 Metaspace       used 90071K, committed 91520K, reserved 1179648K
  class space    used 9169K, committed 9856K, reserved 1048576K
}
Event: 3459.294 GC heap before
{Heap before GC invocations=1149 (full 36):
 PSYoungGen      total 3072K, used 3040K [0x00000000eab00000, 0x00000000eb100000, 0x0000000100000000)
  eden space 1536K, 100% used [0x00000000eab00000,0x00000000eac80000,0x00000000eac80000)
  from space 1536K, 97% used [0x00000000eac80000,0x00000000eadf8000,0x00000000eae00000)
  to   space 2048K, 0% used [0x00000000eaf00000,0x00000000eaf00000,0x00000000eb100000)
 ParOldGen       total 171008K, used 157392K [0x00000000c0000000, 0x00000000ca700000, 0x00000000eab00000)
  object space 171008K, 92% used [0x00000000c0000000,0x00000000c99b40f0,0x00000000ca700000)
 Metaspace       used 90071K, committed 91520K, reserved 1179648K
  class space    used 9169K, committed 9856K, reserved 1048576K
}
Event: 3459.297 GC heap after
{Heap after GC invocations=1149 (full 36):
 PSYoungGen      total 4096K, used 1536K [0x00000000eab00000, 0x00000000eb100000, 0x0000000100000000)
  eden space 2048K, 0% used [0x00000000eab00000,0x00000000eab00000,0x00000000ead00000)
  from space 2048K, 75% used [0x00000000eaf00000,0x00000000eb080000,0x00000000eb100000)
  to   space 2048K, 0% used [0x00000000ead00000,0x00000000ead00000,0x00000000eaf00000)
 ParOldGen       total 171008K, used 158880K [0x00000000c0000000, 0x00000000ca700000, 0x00000000eab00000)
  object space 171008K, 92% used [0x00000000c0000000,0x00000000c9b280f0,0x00000000ca700000)
 Metaspace       used 90071K, committed 91520K, reserved 1179648K
  class space    used 9169K, committed 9856K, reserved 1048576K
}

