# JRE version: OpenJDK Runtime Environment JBR-17.0.9+7-1087.9-nomod (17.0.9+7) (build 17.0.9+7-b1087.9)
# Java VM: OpenJDK 64-Bit Server VM JBR-17.0.9+7-1087.9-nomod (17.0.9+7-b1087.9, mixed mode, tiered, compressed oops, compressed class ptrs, g1 gc, windows-amd64)
GC Precious Log:
 CPUs: 4 total, 4 available
 Memory: 8082M
 Large Page Support: Disabled
 NUMA Support: Disabled
 Compressed Oops: Enabled (32-bit)
 Heap Region Size: 1M
 Heap Min Capacity: 8M
 Heap Initial Capacity: 128M
 Heap Max Capacity: 2022M
 Pre-touch: Disabled
 Parallel Workers: 4
 Concurrent Workers: 1
 Concurrent Refinement Workers: 4
 Periodic GC: Disabled
Heap:
 garbage-first heap   total 160768K, used 130280K [0x0000000081a00000, 0x0000000100000000)
  region size 1024K, 79 young (80896K), 5 survivors (5120K)
 Metaspace       used 129679K, committed 130880K, reserved 1179648K
  class space    used 14975K, committed 15552K, reserved 1048576K
GC Heap History (20 events):
Event: 9271.037 GC heap after
{Heap after GC invocations=116 (full 18):
 garbage-first heap   total 160768K, used 56829K [0x0000000081a00000, 0x0000000100000000)
  region size 1024K, 5 young (5120K), 5 survivors (5120K)
 Metaspace       used 125424K, committed 126592K, reserved 1179648K
  class space    used 14677K, committed 15232K, reserved 1048576K
}
Event: 9271.723 GC heap before
{Heap before GC invocations=116 (full 18):
 garbage-first heap   total 160768K, used 130557K [0x0000000081a00000, 0x0000000100000000)
  region size 1024K, 77 young (78848K), 5 survivors (5120K)
 Metaspace       used 125952K, committed 127040K, reserved 1179648K
  class space    used 14705K, committed 15232K, reserved 1048576K
}
Event: 9271.733 GC heap after
{Heap after GC invocations=117 (full 18):
 garbage-first heap   total 160768K, used 59901K [0x0000000081a00000, 0x0000000100000000)
  region size 1024K, 8 young (8192K), 8 survivors (8192K)
 Metaspace       used 125952K, committed 127040K, reserved 1179648K
  class space    used 14705K, committed 15232K, reserved 1048576K
}
Event: 9453.438 GC heap before
{Heap before GC invocations=117 (full 18):
 garbage-first heap   total 160768K, used 130557K [0x0000000081a00000, 0x0000000100000000)
  region size 1024K, 77 young (78848K), 8 survivors (8192K)
 Metaspace       used 126426K, committed 127552K, reserved 1179648K
  class space    used 14739K, committed 15296K, reserved 1048576K
}
Event: 9453.449 GC heap after
{Heap after GC invocations=118 (full 18):
 garbage-first heap   total 160768K, used 61561K [0x0000000081a00000, 0x0000000100000000)
  region size 1024K, 7 young (7168K), 7 survivors (7168K)
 Metaspace       used 126426K, committed 127552K, reserved 1179648K
  class space    used 14739K, committed 15296K, reserved 1048576K
}
Event: 9761.159 GC heap before
{Heap before GC invocations=118 (full 18):
 garbage-first heap   total 160768K, used 126073K [0x0000000081a00000, 0x0000000100000000)
  region size 1024K, 71 young (72704K), 7 survivors (7168K)
 Metaspace       used 126449K, committed 127616K, reserved 1179648K
  class space    used 14740K, committed 15296K, reserved 1048576K
}
Event: 9761.265 GC heap after
{Heap after GC invocations=119 (full 19):
 garbage-first heap   total 160768K, used 52380K [0x0000000081a00000, 0x0000000100000000)
  region size 1024K, 0 young (0K), 0 survivors (0K)
 Metaspace       used 126446K, committed 127616K, reserved 1179648K
  class space    used 14739K, committed 15296K, reserved 1048576K
}
Event: 9762.421 GC heap before
{Heap before GC invocations=119 (full 19):
 garbage-first heap   total 160768K, used 129180K [0x0000000081a00000, 0x0000000100000000)
  region size 1024K, 75 young (76800K), 0 survivors (0K)
 Metaspace       used 126958K, committed 128064K, reserved 1179648K
  class space    used 14789K, committed 15360K, reserved 1048576K
}
Event: 9762.429 GC heap after
{Heap after GC invocations=120 (full 19):
 garbage-first heap   total 160768K, used 57817K [0x0000000081a00000, 0x0000000100000000)
  region size 1024K, 6 young (6144K), 6 survivors (6144K)
 Metaspace       used 126958K, committed 128064K, reserved 1179648K
  class space    used 14789K, committed 15360K, reserved 1048576K
}
Event: 9764.209 GC heap before
{Heap before GC invocations=120 (full 19):
 garbage-first heap   total 160768K, used 129497K [0x0000000081a00000, 0x0000000100000000)
  region size 1024K, 76 young (77824K), 6 survivors (6144K)
 Metaspace       used 127501K, committed 128576K, reserved 1179648K
  class space    used 14818K, committed 15360K, reserved 1048576K
}
Event: 9764.221 GC heap after
{Heap after GC invocations=121 (full 19):
 garbage-first heap   total 160768K, used 60833K [0x0000000081a00000, 0x0000000100000000)
  region size 1024K, 9 young (9216K), 9 survivors (9216K)
 Metaspace       used 127501K, committed 128576K, reserved 1179648K
  class space    used 14818K, committed 15360K, reserved 1048576K
}
Event: 9781.785 GC heap before
{Heap before GC invocations=121 (full 19):
 garbage-first heap   total 160768K, used 84385K [0x0000000081a00000, 0x0000000100000000)
  region size 1024K, 33 young (33792K), 9 survivors (9216K)
 Metaspace       used 127596K, committed 128704K, reserved 1179648K
  class space    used 14824K, committed 15360K, reserved 1048576K
}
Event: 9781.913 GC heap after
{Heap after GC invocations=122 (full 20):
 garbage-first heap   total 160768K, used 49012K [0x0000000081a00000, 0x0000000100000000)
  region size 1024K, 0 young (0K), 0 survivors (0K)
 Metaspace       used 127594K, committed 128704K, reserved 1179648K
  class space    used 14824K, committed 15360K, reserved 1048576K
}
Event: 9782.771 GC heap before
{Heap before GC invocations=122 (full 20):
 garbage-first heap   total 160768K, used 128884K [0x0000000081a00000, 0x0000000100000000)
  region size 1024K, 77 young (78848K), 0 survivors (0K)
 Metaspace       used 128077K, committed 129280K, reserved 1179648K
  class space    used 14873K, committed 15424K, reserved 1048576K
}
Event: 9782.779 GC heap after
{Heap after GC invocations=123 (full 20):
 garbage-first heap   total 160768K, used 54132K [0x0000000081a00000, 0x0000000100000000)
  region size 1024K, 5 young (5120K), 5 survivors (5120K)
 Metaspace       used 128077K, committed 129280K, reserved 1179648K
  class space    used 14873K, committed 15424K, reserved 1048576K
}
Event: 9784.651 GC heap before
{Heap before GC invocations=123 (full 20):
 garbage-first heap   total 160768K, used 128884K [0x0000000081a00000, 0x0000000100000000)
  region size 1024K, 78 young (79872K), 5 survivors (5120K)
 Metaspace       used 128546K, committed 129728K, reserved 1179648K
  class space    used 14899K, committed 15488K, reserved 1048576K
}
Event: 9784.663 GC heap after
{Heap after GC invocations=124 (full 20):
 garbage-first heap   total 160768K, used 57204K [0x0000000081a00000, 0x0000000100000000)
  region size 1024K, 8 young (8192K), 8 survivors (8192K)
 Metaspace       used 128546K, committed 129728K, reserved 1179648K
  class space    used 14899K, committed 15488K, reserved 1048576K
}
Event: 9884.269 GC heap before
{Heap before GC invocations=124 (full 20):
 garbage-first heap   total 160768K, used 111476K [0x0000000081a00000, 0x0000000100000000)
  region size 1024K, 63 young (64512K), 8 survivors (8192K)
 Metaspace       used 129173K, committed 130368K, reserved 1179648K
  class space    used 14927K, committed 15488K, reserved 1048576K
}
Event: 9884.413 GC heap after
{Heap after GC invocations=125 (full 21):
 garbage-first heap   total 160768K, used 53480K [0x0000000081a00000, 0x0000000100000000)
  region size 1024K, 0 young (0K), 0 survivors (0K)
 Metaspace       used 129171K, committed 130368K, reserved 1179648K
  class space    used 14927K, committed 15488K, reserved 1048576K
}
Event: 9885.939 GC heap before
{Heap before GC invocations=125 (full 21):
 garbage-first heap   total 160768K, used 129256K [0x0000000081a00000, 0x0000000100000000)
  region size 1024K, 74 young (75776K), 0 survivors (0K)
 Metaspace       used 129679K, committed 130880K, reserved 1179648K
  class space    used 14975K, committed 15552K, reserved 1048576K
}

