# JRE version: OpenJDK Runtime Environment JBR-17.0.9+7-1087.9-nomod (17.0.9+7) (build 17.0.9+7-b1087.9)
# Java VM: OpenJDK 64-Bit Server VM JBR-17.0.9+7-1087.9-nomod (17.0.9+7-b1087.9, mixed mode, tiered, compressed oops, compressed class ptrs, g1 gc, windows-amd64)
GC Precious Log:
 CPUs: 4 total, 4 available
 Memory: 8082M
 Large Page Support: Disabled
 NUMA Support: Disabled
 Compressed Oops: Enabled (32-bit)
 Heap Region Size: 1M
 Heap Min Capacity: 8M
 Heap Initial Capacity: 128M
 Heap Max Capacity: 2022M
 Pre-touch: Disabled
 Parallel Workers: 4
 Concurrent Workers: 1
 Concurrent Refinement Workers: 4
 Periodic GC: Disabled
Heap:
 garbage-first heap   total 76800K, used 40097K [0x0000000081a00000, 0x0000000100000000)
  region size 1024K, 2 young (2048K), 1 survivors (1024K)
 Metaspace       used 73218K, committed 73728K, reserved 1114112K
  class space    used 9595K, committed 9856K, reserved 1048576K
GC Heap History (20 events):
Event: 11.169 GC heap before
{Heap before GC invocations=22 (full 0):
 garbage-first heap   total 61440K, used 45445K [0x0000000081a00000, 0x0000000100000000)
  region size 1024K, 16 young (16384K), 1 survivors (1024K)
 Metaspace       used 47204K, committed 47616K, reserved 1114112K
  class space    used 5844K, committed 6016K, reserved 1048576K
}
Event: 11.174 GC heap after
{Heap after GC invocations=23 (full 0):
 garbage-first heap   total 76800K, used 30511K [0x0000000081a00000, 0x0000000100000000)
  region size 1024K, 2 young (2048K), 2 survivors (2048K)
 Metaspace       used 47204K, committed 47616K, reserved 1114112K
  class space    used 5844K, committed 6016K, reserved 1048576K
}
Event: 11.987 GC heap before
{Heap before GC invocations=24 (full 0):
 garbage-first heap   total 76800K, used 54063K [0x0000000081a00000, 0x0000000100000000)
  region size 1024K, 26 young (26624K), 2 survivors (2048K)
 Metaspace       used 53013K, committed 53376K, reserved 1114112K
  class space    used 6597K, committed 6784K, reserved 1048576K
}
Event: 11.995 GC heap after
{Heap after GC invocations=25 (full 0):
 garbage-first heap   total 76800K, used 32279K [0x0000000081a00000, 0x0000000100000000)
  region size 1024K, 3 young (3072K), 3 survivors (3072K)
 Metaspace       used 53013K, committed 53376K, reserved 1114112K
  class space    used 6597K, committed 6784K, reserved 1048576K
}
Event: 12.912 GC heap before
{Heap before GC invocations=25 (full 0):
 garbage-first heap   total 76800K, used 55831K [0x0000000081a00000, 0x0000000100000000)
  region size 1024K, 27 young (27648K), 3 survivors (3072K)
 Metaspace       used 57429K, committed 57792K, reserved 1114112K
  class space    used 7204K, committed 7360K, reserved 1048576K
}
Event: 12.920 GC heap after
{Heap after GC invocations=26 (full 0):
 garbage-first heap   total 76800K, used 34174K [0x0000000081a00000, 0x0000000100000000)
  region size 1024K, 4 young (4096K), 4 survivors (4096K)
 Metaspace       used 57429K, committed 57792K, reserved 1114112K
  class space    used 7204K, committed 7360K, reserved 1048576K
}
Event: 13.679 GC heap before
{Heap before GC invocations=26 (full 0):
 garbage-first heap   total 76800K, used 56702K [0x0000000081a00000, 0x0000000100000000)
  region size 1024K, 27 young (27648K), 4 survivors (4096K)
 Metaspace       used 62521K, committed 63040K, reserved 1114112K
  class space    used 8058K, committed 8320K, reserved 1048576K
}
Event: 13.685 GC heap after
{Heap after GC invocations=27 (full 0):
 garbage-first heap   total 76800K, used 34991K [0x0000000081a00000, 0x0000000100000000)
  region size 1024K, 3 young (3072K), 3 survivors (3072K)
 Metaspace       used 62521K, committed 63040K, reserved 1114112K
  class space    used 8058K, committed 8320K, reserved 1048576K
}
Event: 14.256 GC heap before
{Heap before GC invocations=27 (full 0):
 garbage-first heap   total 76800K, used 58543K [0x0000000081a00000, 0x0000000100000000)
  region size 1024K, 27 young (27648K), 3 survivors (3072K)
 Metaspace       used 65020K, committed 65472K, reserved 1114112K
  class space    used 8396K, committed 8640K, reserved 1048576K
}
Event: 14.261 GC heap after
{Heap after GC invocations=28 (full 0):
 garbage-first heap   total 76800K, used 35583K [0x0000000081a00000, 0x0000000100000000)
  region size 1024K, 2 young (2048K), 2 survivors (2048K)
 Metaspace       used 65020K, committed 65472K, reserved 1114112K
  class space    used 8396K, committed 8640K, reserved 1048576K
}
Event: 15.261 GC heap before
{Heap before GC invocations=28 (full 0):
 garbage-first heap   total 76800K, used 60159K [0x0000000081a00000, 0x0000000100000000)
  region size 1024K, 27 young (27648K), 2 survivors (2048K)
 Metaspace       used 68997K, committed 69504K, reserved 1114112K
  class space    used 8907K, committed 9152K, reserved 1048576K
}
Event: 15.267 GC heap after
{Heap after GC invocations=29 (full 0):
 garbage-first heap   total 76800K, used 37112K [0x0000000081a00000, 0x0000000100000000)
  region size 1024K, 3 young (3072K), 3 survivors (3072K)
 Metaspace       used 68997K, committed 69504K, reserved 1114112K
  class space    used 8907K, committed 9152K, reserved 1048576K
}
Event: 15.876 GC heap before
{Heap before GC invocations=30 (full 0):
 garbage-first heap   total 76800K, used 60664K [0x0000000081a00000, 0x0000000100000000)
  region size 1024K, 27 young (27648K), 3 survivors (3072K)
 Metaspace       used 72525K, committed 73024K, reserved 1114112K
  class space    used 9532K, committed 9792K, reserved 1048576K
}
Event: 15.882 GC heap after
{Heap after GC invocations=31 (full 0):
 garbage-first heap   total 76800K, used 38642K [0x0000000081a00000, 0x0000000100000000)
  region size 1024K, 4 young (4096K), 4 survivors (4096K)
 Metaspace       used 72525K, committed 73024K, reserved 1114112K
  class space    used 9532K, committed 9792K, reserved 1048576K
}
Event: 16.188 GC heap before
{Heap before GC invocations=31 (full 0):
 garbage-first heap   total 76800K, used 61170K [0x0000000081a00000, 0x0000000100000000)
  region size 1024K, 26 young (26624K), 4 survivors (4096K)
 Metaspace       used 72821K, committed 73344K, reserved 1114112K
  class space    used 9558K, committed 9792K, reserved 1048576K
}
Event: 16.198 GC heap after
{Heap after GC invocations=32 (full 0):
 garbage-first heap   total 76800K, used 39409K [0x0000000081a00000, 0x0000000100000000)
  region size 1024K, 3 young (3072K), 3 survivors (3072K)
 Metaspace       used 72821K, committed 73344K, reserved 1114112K
  class space    used 9558K, committed 9792K, reserved 1048576K
}
Event: 16.696 GC heap before
{Heap before GC invocations=33 (full 0):
 garbage-first heap   total 76800K, used 61937K [0x0000000081a00000, 0x0000000100000000)
  region size 1024K, 25 young (25600K), 3 survivors (3072K)
 Metaspace       used 73215K, committed 73728K, reserved 1114112K
  class space    used 9595K, committed 9856K, reserved 1048576K
}
Event: 16.702 GC heap after
{Heap after GC invocations=34 (full 0):
 garbage-first heap   total 76800K, used 40001K [0x0000000081a00000, 0x0000000100000000)
  region size 1024K, 3 young (3072K), 3 survivors (3072K)
 Metaspace       used 73215K, committed 73728K, reserved 1114112K
  class space    used 9595K, committed 9856K, reserved 1048576K
}
Event: 16.708 GC heap before
{Heap before GC invocations=34 (full 0):
 garbage-first heap   total 76800K, used 41025K [0x0000000081a00000, 0x0000000100000000)
  region size 1024K, 4 young (4096K), 3 survivors (3072K)
 Metaspace       used 73215K, committed 73728K, reserved 1114112K
  class space    used 9595K, committed 9856K, reserved 1048576K
}
Event: 16.714 GC heap after
{Heap after GC invocations=35 (full 0):
 garbage-first heap   total 76800K, used 40097K [0x0000000081a00000, 0x0000000100000000)
  region size 1024K, 1 young (1024K), 1 survivors (1024K)
 Metaspace       used 73215K, committed 73728K, reserved 1114112K
  class space    used 9595K, committed 9856K, reserved 1048576K
}

