# JRE version: OpenJDK Runtime Environment JBR-17.0.9+7-1087.9-nomod (17.0.9+7) (build 17.0.9+7-b1087.9)
# Java VM: OpenJDK 64-Bit Server VM JBR-17.0.9+7-1087.9-nomod (17.0.9+7-b1087.9, mixed mode, tiered, compressed oops, compressed class ptrs, g1 gc, windows-amd64)
GC Precious Log:
 CPUs: 4 total, 4 available
 Memory: 8082M
 Large Page Support: Disabled
 NUMA Support: Disabled
 Compressed Oops: Enabled (32-bit)
 Heap Region Size: 1M
 Heap Min Capacity: 8M
 Heap Initial Capacity: 128M
 Heap Max Capacity: 2022M
 Pre-touch: Disabled
 Parallel Workers: 4
 Concurrent Workers: 1
 Concurrent Refinement Workers: 4
 Periodic GC: Disabled
Heap:
 garbage-first heap   total 66560K, used 36825K [0x0000000081a00000, 0x0000000100000000)
  region size 1024K, 10 young (10240K), 2 survivors (2048K)
 Metaspace       used 48734K, committed 49152K, reserved 1114112K
  class space    used 6090K, committed 6272K, reserved 1048576K
GC Heap History (20 events):
Event: 4.718 GC heap before
{Heap before GC invocations=6 (full 0):
 garbage-first heap   total 55296K, used 16380K [0x0000000081a00000, 0x0000000100000000)
  region size 1024K, 4 young (4096K), 3 survivors (3072K)
 Metaspace       used 27764K, committed 27904K, reserved 1114112K
  class space    used 3210K, committed 3264K, reserved 1048576K
}
Event: 4.721 GC heap after
{Heap after GC invocations=7 (full 0):
 garbage-first heap   total 55296K, used 16567K [0x0000000081a00000, 0x0000000100000000)
  region size 1024K, 1 young (1024K), 1 survivors (1024K)
 Metaspace       used 27764K, committed 27904K, reserved 1114112K
  class space    used 3210K, committed 3264K, reserved 1048576K
}
Event: 5.508 GC heap before
{Heap before GC invocations=7 (full 0):
 garbage-first heap   total 55296K, used 37047K [0x0000000081a00000, 0x0000000100000000)
  region size 1024K, 21 young (21504K), 1 survivors (1024K)
 Metaspace       used 30117K, committed 30400K, reserved 1114112K
  class space    used 3543K, committed 3712K, reserved 1048576K
}
Event: 5.511 GC heap after
{Heap after GC invocations=8 (full 0):
 garbage-first heap   total 55296K, used 17629K [0x0000000081a00000, 0x0000000100000000)
  region size 1024K, 2 young (2048K), 2 survivors (2048K)
 Metaspace       used 30117K, committed 30400K, reserved 1114112K
  class space    used 3543K, committed 3712K, reserved 1048576K
}
Event: 6.527 GC heap before
{Heap before GC invocations=8 (full 0):
 garbage-first heap   total 55296K, used 39133K [0x0000000081a00000, 0x0000000100000000)
  region size 1024K, 23 young (23552K), 2 survivors (2048K)
 Metaspace       used 32568K, committed 32832K, reserved 1114112K
  class space    used 3877K, committed 4032K, reserved 1048576K
}
Event: 6.533 GC heap after
{Heap after GC invocations=9 (full 0):
 garbage-first heap   total 55296K, used 18910K [0x0000000081a00000, 0x0000000100000000)
  region size 1024K, 3 young (3072K), 3 survivors (3072K)
 Metaspace       used 32568K, committed 32832K, reserved 1114112K
  class space    used 3877K, committed 4032K, reserved 1048576K
}
Event: 7.862 GC heap before
{Heap before GC invocations=9 (full 0):
 garbage-first heap   total 55296K, used 40414K [0x0000000081a00000, 0x0000000100000000)
  region size 1024K, 24 young (24576K), 3 survivors (3072K)
 Metaspace       used 35374K, committed 35776K, reserved 1114112K
  class space    used 4243K, committed 4416K, reserved 1048576K
}
Event: 7.869 GC heap after
{Heap after GC invocations=10 (full 0):
 garbage-first heap   total 55296K, used 20427K [0x0000000081a00000, 0x0000000100000000)
  region size 1024K, 3 young (3072K), 3 survivors (3072K)
 Metaspace       used 35374K, committed 35776K, reserved 1114112K
  class space    used 4243K, committed 4416K, reserved 1048576K
}
Event: 7.885 GC heap before
{Heap before GC invocations=10 (full 0):
 garbage-first heap   total 55296K, used 20427K [0x0000000081a00000, 0x0000000100000000)
  region size 1024K, 4 young (4096K), 3 survivors (3072K)
 Metaspace       used 35596K, committed 35968K, reserved 1114112K
  class space    used 4269K, committed 4480K, reserved 1048576K
}
Event: 7.890 GC heap after
{Heap after GC invocations=11 (full 0):
 garbage-first heap   total 55296K, used 20463K [0x0000000081a00000, 0x0000000100000000)
  region size 1024K, 2 young (2048K), 2 survivors (2048K)
 Metaspace       used 35596K, committed 35968K, reserved 1114112K
  class space    used 4269K, committed 4480K, reserved 1048576K
}
Event: 9.163 GC heap before
{Heap before GC invocations=12 (full 0):
 garbage-first heap   total 55296K, used 40943K [0x0000000081a00000, 0x0000000100000000)
  region size 1024K, 23 young (23552K), 2 survivors (2048K)
 Metaspace       used 39762K, committed 40128K, reserved 1114112K
  class space    used 4850K, committed 5056K, reserved 1048576K
}
Event: 9.170 GC heap after
{Heap after GC invocations=13 (full 0):
 garbage-first heap   total 55296K, used 22528K [0x0000000081a00000, 0x0000000100000000)
  region size 1024K, 3 young (3072K), 3 survivors (3072K)
 Metaspace       used 39762K, committed 40128K, reserved 1114112K
  class space    used 4850K, committed 5056K, reserved 1048576K
}
Event: 9.223 GC heap before
{Heap before GC invocations=13 (full 0):
 garbage-first heap   total 55296K, used 23552K [0x0000000081a00000, 0x0000000100000000)
  region size 1024K, 4 young (4096K), 3 survivors (3072K)
 Metaspace       used 40063K, committed 40384K, reserved 1114112K
  class space    used 4881K, committed 5056K, reserved 1048576K
}
Event: 9.228 GC heap after
{Heap after GC invocations=14 (full 0):
 garbage-first heap   total 55296K, used 22716K [0x0000000081a00000, 0x0000000100000000)
  region size 1024K, 1 young (1024K), 1 survivors (1024K)
 Metaspace       used 40063K, committed 40384K, reserved 1114112K
  class space    used 4881K, committed 5056K, reserved 1048576K
}
Event: 9.709 GC heap before
{Heap before GC invocations=14 (full 0):
 garbage-first heap   total 55296K, used 40124K [0x0000000081a00000, 0x0000000100000000)
  region size 1024K, 17 young (17408K), 1 survivors (1024K)
 Metaspace       used 41736K, committed 42112K, reserved 1114112K
  class space    used 5061K, committed 5248K, reserved 1048576K
}
Event: 9.713 GC heap after
{Heap after GC invocations=15 (full 0):
 garbage-first heap   total 66560K, used 26913K [0x0000000081a00000, 0x0000000100000000)
  region size 1024K, 3 young (3072K), 3 survivors (3072K)
 Metaspace       used 41736K, committed 42112K, reserved 1114112K
  class space    used 5061K, committed 5248K, reserved 1048576K
}
Event: 9.979 GC heap before
{Heap before GC invocations=15 (full 0):
 garbage-first heap   total 66560K, used 53537K [0x0000000081a00000, 0x0000000100000000)
  region size 1024K, 25 young (25600K), 3 survivors (3072K)
 Metaspace       used 41752K, committed 42112K, reserved 1114112K
  class space    used 5062K, committed 5248K, reserved 1048576K
}
Event: 9.985 GC heap after
{Heap after GC invocations=16 (full 0):
 garbage-first heap   total 66560K, used 29694K [0x0000000081a00000, 0x0000000100000000)
  region size 1024K, 4 young (4096K), 4 survivors (4096K)
 Metaspace       used 41752K, committed 42112K, reserved 1114112K
  class space    used 5062K, committed 5248K, reserved 1048576K
}
Event: 10.644 GC heap before
{Heap before GC invocations=16 (full 0):
 garbage-first heap   total 66560K, used 49150K [0x0000000081a00000, 0x0000000100000000)
  region size 1024K, 23 young (23552K), 4 survivors (4096K)
 Metaspace       used 43623K, committed 44032K, reserved 1114112K
  class space    used 5297K, committed 5504K, reserved 1048576K
}
Event: 10.651 GC heap after
{Heap after GC invocations=17 (full 0):
 garbage-first heap   total 66560K, used 29267K [0x0000000081a00000, 0x0000000100000000)
  region size 1024K, 2 young (2048K), 2 survivors (2048K)
 Metaspace       used 43623K, committed 44032K, reserved 1114112K
  class space    used 5297K, committed 5504K, reserved 1048576K
}

