# JRE version: OpenJDK Runtime Environment JBR-17.0.9+7-1087.9-nomod (17.0.9+7) (build 17.0.9+7-b1087.9)
# Java VM: OpenJDK 64-Bit Server VM JBR-17.0.9+7-1087.9-nomod (17.0.9+7-b1087.9, mixed mode, tiered, compressed oops, compressed class ptrs, g1 gc, windows-amd64)
GC Precious Log:
 CPUs: 4 total, 4 available
 Memory: 8082M
 Large Page Support: Disabled
 NUMA Support: Disabled
 Compressed Oops: Enabled (32-bit)
 Heap Region Size: 1M
 Heap Min Capacity: 8M
 Heap Initial Capacity: 128M
 Heap Max Capacity: 2022M
 Pre-touch: Disabled
 Parallel Workers: 4
 Concurrent Workers: 1
 Concurrent Refinement Workers: 4
 Periodic GC: Disabled
Heap:
 garbage-first heap   total 81920K, used 46756K [0x0000000081a00000, 0x0000000100000000)
  region size 1024K, 13 young (13312K), 3 survivors (3072K)
 Metaspace       used 93663K, committed 94272K, reserved 1179648K
  class space    used 11824K, committed 12096K, reserved 1048576K
GC Heap History (20 events):
Event: 5235.362 GC heap before
{Heap before GC invocations=146 (full 1):
 garbage-first heap   total 78848K, used 64550K [0x0000000081a00000, 0x0000000100000000)
  region size 1024K, 28 young (28672K), 1 survivors (1024K)
 Metaspace       used 91190K, committed 91776K, reserved 1179648K
  class space    used 11624K, committed 11904K, reserved 1048576K
}
Event: 5235.364 GC heap after
{Heap after GC invocations=147 (full 1):
 garbage-first heap   total 78848K, used 38127K [0x0000000081a00000, 0x0000000100000000)
  region size 1024K, 1 young (1024K), 1 survivors (1024K)
 Metaspace       used 91190K, committed 91776K, reserved 1179648K
  class space    used 11624K, committed 11904K, reserved 1048576K
}
Event: 5248.566 GC heap before
{Heap before GC invocations=147 (full 1):
 garbage-first heap   total 78848K, used 40175K [0x0000000081a00000, 0x0000000100000000)
  region size 1024K, 3 young (3072K), 1 survivors (1024K)
 Metaspace       used 91190K, committed 91776K, reserved 1179648K
  class space    used 11624K, committed 11904K, reserved 1048576K
}
Event: 5248.570 GC heap after
{Heap after GC invocations=148 (full 1):
 garbage-first heap   total 78848K, used 37759K [0x0000000081a00000, 0x0000000100000000)
  region size 1024K, 1 young (1024K), 1 survivors (1024K)
 Metaspace       used 91190K, committed 91776K, reserved 1179648K
  class space    used 11624K, committed 11904K, reserved 1048576K
}
Event: 5401.161 GC heap before
{Heap before GC invocations=148 (full 1):
 garbage-first heap   total 78848K, used 65407K [0x0000000081a00000, 0x0000000100000000)
  region size 1024K, 28 young (28672K), 1 survivors (1024K)
 Metaspace       used 91594K, committed 92096K, reserved 1179648K
  class space    used 11681K, committed 11904K, reserved 1048576K
}
Event: 5401.163 GC heap after
{Heap after GC invocations=149 (full 1):
 garbage-first heap   total 78848K, used 37931K [0x0000000081a00000, 0x0000000100000000)
  region size 1024K, 1 young (1024K), 1 survivors (1024K)
 Metaspace       used 91594K, committed 92096K, reserved 1179648K
  class space    used 11681K, committed 11904K, reserved 1048576K
}
Event: 5744.244 GC heap before
{Heap before GC invocations=150 (full 1):
 garbage-first heap   total 78848K, used 65579K [0x0000000081a00000, 0x0000000100000000)
  region size 1024K, 29 young (29696K), 1 survivors (1024K)
 Metaspace       used 92102K, committed 92672K, reserved 1179648K
  class space    used 11745K, committed 12032K, reserved 1048576K
}
Event: 5744.246 GC heap after
{Heap after GC invocations=151 (full 1):
 garbage-first heap   total 78848K, used 38162K [0x0000000081a00000, 0x0000000100000000)
  region size 1024K, 1 young (1024K), 1 survivors (1024K)
 Metaspace       used 92102K, committed 92672K, reserved 1179648K
  class space    used 11745K, committed 12032K, reserved 1048576K
}
Event: 5757.582 GC heap before
{Heap before GC invocations=151 (full 1):
 garbage-first heap   total 78848K, used 40210K [0x0000000081a00000, 0x0000000100000000)
  region size 1024K, 3 young (3072K), 1 survivors (1024K)
 Metaspace       used 92102K, committed 92672K, reserved 1179648K
  class space    used 11745K, committed 12032K, reserved 1048576K
}
Event: 5757.586 GC heap after
{Heap after GC invocations=152 (full 1):
 garbage-first heap   total 78848K, used 37974K [0x0000000081a00000, 0x0000000100000000)
  region size 1024K, 1 young (1024K), 1 survivors (1024K)
 Metaspace       used 92102K, committed 92672K, reserved 1179648K
  class space    used 11745K, committed 12032K, reserved 1048576K
}
Event: 5945.527 GC heap before
{Heap before GC invocations=152 (full 1):
 garbage-first heap   total 78848K, used 66646K [0x0000000081a00000, 0x0000000100000000)
  region size 1024K, 29 young (29696K), 1 survivors (1024K)
 Metaspace       used 92102K, committed 92672K, reserved 1179648K
  class space    used 11745K, committed 12032K, reserved 1048576K
}
Event: 5945.529 GC heap after
{Heap after GC invocations=153 (full 1):
 garbage-first heap   total 78848K, used 37910K [0x0000000081a00000, 0x0000000100000000)
  region size 1024K, 1 young (1024K), 1 survivors (1024K)
 Metaspace       used 92102K, committed 92672K, reserved 1179648K
  class space    used 11745K, committed 12032K, reserved 1048576K
}
Event: 6118.732 GC heap before
{Heap before GC invocations=154 (full 1):
 garbage-first heap   total 78848K, used 66582K [0x0000000081a00000, 0x0000000100000000)
  region size 1024K, 30 young (30720K), 1 survivors (1024K)
 Metaspace       used 92250K, committed 92864K, reserved 1179648K
  class space    used 11750K, committed 12032K, reserved 1048576K
}
Event: 6118.734 GC heap after
{Heap after GC invocations=155 (full 1):
 garbage-first heap   total 78848K, used 38024K [0x0000000081a00000, 0x0000000100000000)
  region size 1024K, 1 young (1024K), 1 survivors (1024K)
 Metaspace       used 92250K, committed 92864K, reserved 1179648K
  class space    used 11750K, committed 12032K, reserved 1048576K
}
Event: 6378.918 GC heap before
{Heap before GC invocations=155 (full 1):
 garbage-first heap   total 78848K, used 40072K [0x0000000081a00000, 0x0000000100000000)
  region size 1024K, 3 young (3072K), 1 survivors (1024K)
 Metaspace       used 92270K, committed 92864K, reserved 1179648K
  class space    used 11751K, committed 12032K, reserved 1048576K
}
Event: 6378.921 GC heap after
{Heap after GC invocations=156 (full 1):
 garbage-first heap   total 78848K, used 37929K [0x0000000081a00000, 0x0000000100000000)
  region size 1024K, 1 young (1024K), 1 survivors (1024K)
 Metaspace       used 92270K, committed 92864K, reserved 1179648K
  class space    used 11751K, committed 12032K, reserved 1048576K
}
Event: 6379.807 GC heap before
{Heap before GC invocations=156 (full 1):
 garbage-first heap   total 78848K, used 39977K [0x0000000081a00000, 0x0000000100000000)
  region size 1024K, 5 young (5120K), 1 survivors (1024K)
 Metaspace       used 92401K, committed 92992K, reserved 1179648K
  class space    used 11755K, committed 12032K, reserved 1048576K
}
Event: 6379.889 GC heap after
{Heap after GC invocations=157 (full 2):
 garbage-first heap   total 78848K, used 31557K [0x0000000081a00000, 0x0000000100000000)
  region size 1024K, 0 young (0K), 0 survivors (0K)
 Metaspace       used 92401K, committed 92992K, reserved 1179648K
  class space    used 11755K, committed 12032K, reserved 1048576K
}
Event: 6381.424 GC heap before
{Heap before GC invocations=157 (full 2):
 garbage-first heap   total 78848K, used 66373K [0x0000000081a00000, 0x0000000100000000)
  region size 1024K, 35 young (35840K), 0 survivors (0K)
 Metaspace       used 92844K, committed 93376K, reserved 1179648K
  class space    used 11787K, committed 12032K, reserved 1048576K
}
Event: 6381.434 GC heap after
{Heap after GC invocations=158 (full 2):
 garbage-first heap   total 78848K, used 34517K [0x0000000081a00000, 0x0000000100000000)
  region size 1024K, 3 young (3072K), 3 survivors (3072K)
 Metaspace       used 92844K, committed 93376K, reserved 1179648K
  class space    used 11787K, committed 12032K, reserved 1048576K
}

