# JRE version: OpenJDK Runtime Environment Temurin-17.0.10+7 (17.0.10+7) (build 17.0.10+7)
# Java VM: OpenJDK 64-Bit Server VM Temurin-17.0.10+7 (17.0.10+7, mixed mode, tiered, compressed oops, compressed class ptrs, parallel gc, windows-amd64)
GC Precious Log:
 CPUs: 4 total, 4 available
 Memory: 8082M
 Large Page Support: Disabled
 NUMA Support: Disabled
 Compressed Oops: Enabled (32-bit)
 Alignments: Space 512K, Generation 512K, Heap 2M
 Heap Min Capacity: 100M
 Heap Initial Capacity: 100M
 Heap Max Capacity: 1G
 Pre-touch: Disabled
 Parallel Workers: 4
Heap:
 PSYoungGen      total 2048K, used 544K [0x00000000eab00000, 0x00000000eb100000, 0x0000000100000000)
  eden space 1536K, 2% used [0x00000000eab00000,0x00000000eab08370,0x00000000eac80000)
  from space 512K, 100% used [0x00000000eae80000,0x00000000eaf00000,0x00000000eaf00000)
  to   space 2048K, 0% used [0x00000000eac80000,0x00000000eac80000,0x00000000eae80000)
 ParOldGen       total 199168K, used 167425K [0x00000000c0000000, 0x00000000cc280000, 0x00000000eab00000)
  object space 199168K, 84% used [0x00000000c0000000,0x00000000ca380630,0x00000000cc280000)
 Metaspace       used 79755K, committed 81344K, reserved 1179648K
  class space    used 8134K, committed 8832K, reserved 1048576K
GC Heap History (20 events):
Event: 104.546 GC heap after
{Heap after GC invocations=198 (full 9):
 PSYoungGen      total 4096K, used 1968K [0x00000000eab00000, 0x00000000eb100000, 0x0000000100000000)
  eden space 2048K, 0% used [0x00000000eab00000,0x00000000eab00000,0x00000000ead00000)
  from space 2048K, 96% used [0x00000000eaf00000,0x00000000eb0ec320,0x00000000eb100000)
  to   space 2048K, 0% used [0x00000000ead00000,0x00000000ead00000,0x00000000eaf00000)
 ParOldGen       total 199168K, used 158048K [0x00000000c0000000, 0x00000000cc280000, 0x00000000eab00000)
  object space 199168K, 79% used [0x00000000c0000000,0x00000000c9a58108,0x00000000cc280000)
 Metaspace       used 79590K, committed 81088K, reserved 1179648K
  class space    used 8134K, committed 8832K, reserved 1048576K
}
Event: 104.606 GC heap before
{Heap before GC invocations=199 (full 9):
 PSYoungGen      total 4096K, used 4016K [0x00000000eab00000, 0x00000000eb100000, 0x0000000100000000)
  eden space 2048K, 100% used [0x00000000eab00000,0x00000000ead00000,0x00000000ead00000)
  from space 2048K, 96% used [0x00000000eaf00000,0x00000000eb0ec320,0x00000000eb100000)
  to   space 2048K, 0% used [0x00000000ead00000,0x00000000ead00000,0x00000000eaf00000)
 ParOldGen       total 199168K, used 158048K [0x00000000c0000000, 0x00000000cc280000, 0x00000000eab00000)
  object space 199168K, 79% used [0x00000000c0000000,0x00000000c9a58108,0x00000000cc280000)
 Metaspace       used 79616K, committed 81152K, reserved 1179648K
  class space    used 8134K, committed 8832K, reserved 1048576K
}
Event: 104.608 GC heap after
{Heap after GC invocations=199 (full 9):
 PSYoungGen      total 4096K, used 2026K [0x00000000eab00000, 0x00000000eb200000, 0x0000000100000000)
  eden space 2048K, 0% used [0x00000000eab00000,0x00000000eab00000,0x00000000ead00000)
  from space 2048K, 98% used [0x00000000ead00000,0x00000000eaefab58,0x00000000eaf00000)
  to   space 2560K, 0% used [0x00000000eaf80000,0x00000000eaf80000,0x00000000eb200000)
 ParOldGen       total 199168K, used 158384K [0x00000000c0000000, 0x00000000cc280000, 0x00000000eab00000)
  object space 199168K, 79% used [0x00000000c0000000,0x00000000c9aac1f0,0x00000000cc280000)
 Metaspace       used 79616K, committed 81152K, reserved 1179648K
  class space    used 8134K, committed 8832K, reserved 1048576K
}
Event: 104.625 GC heap before
{Heap before GC invocations=200 (full 9):
 PSYoungGen      total 4096K, used 4074K [0x00000000eab00000, 0x00000000eb200000, 0x0000000100000000)
  eden space 2048K, 100% used [0x00000000eab00000,0x00000000ead00000,0x00000000ead00000)
  from space 2048K, 98% used [0x00000000ead00000,0x00000000eaefab58,0x00000000eaf00000)
  to   space 2560K, 0% used [0x00000000eaf80000,0x00000000eaf80000,0x00000000eb200000)
 ParOldGen       total 199168K, used 158384K [0x00000000c0000000, 0x00000000cc280000, 0x00000000eab00000)
  object space 199168K, 79% used [0x00000000c0000000,0x00000000c9aac1f0,0x00000000cc280000)
 Metaspace       used 79623K, committed 81152K, reserved 1179648K
  class space    used 8134K, committed 8832K, reserved 1048576K
}
Event: 104.630 GC heap after
{Heap after GC invocations=200 (full 9):
 PSYoungGen      total 3072K, used 2535K [0x00000000eab00000, 0x00000000eb680000, 0x0000000100000000)
  eden space 512K, 0% used [0x00000000eab00000,0x00000000eab00000,0x00000000eab80000)
  from space 2560K, 99% used [0x00000000eaf80000,0x00000000eb1f9f38,0x00000000eb200000)
  to   space 4096K, 0% used [0x00000000eab80000,0x00000000eab80000,0x00000000eaf80000)
 ParOldGen       total 199168K, used 159685K [0x00000000c0000000, 0x00000000cc280000, 0x00000000eab00000)
  object space 199168K, 80% used [0x00000000c0000000,0x00000000c9bf1490,0x00000000cc280000)
 Metaspace       used 79623K, committed 81152K, reserved 1179648K
  class space    used 8134K, committed 8832K, reserved 1048576K
}
Event: 104.652 GC heap before
{Heap before GC invocations=201 (full 9):
 PSYoungGen      total 3072K, used 3047K [0x00000000eab00000, 0x00000000eb680000, 0x0000000100000000)
  eden space 512K, 100% used [0x00000000eab00000,0x00000000eab80000,0x00000000eab80000)
  from space 2560K, 99% used [0x00000000eaf80000,0x00000000eb1f9f38,0x00000000eb200000)
  to   space 4096K, 0% used [0x00000000eab80000,0x00000000eab80000,0x00000000eaf80000)
 ParOldGen       total 199168K, used 159685K [0x00000000c0000000, 0x00000000cc280000, 0x00000000eab00000)
  object space 199168K, 80% used [0x00000000c0000000,0x00000000c9bf1490,0x00000000cc280000)
 Metaspace       used 79627K, committed 81152K, reserved 1179648K
  class space    used 8134K, committed 8832K, reserved 1048576K
}
Event: 104.655 GC heap after
{Heap after GC invocations=201 (full 9):
 PSYoungGen      total 3072K, used 2112K [0x00000000eab00000, 0x00000000eb200000, 0x0000000100000000)
  eden space 512K, 0% used [0x00000000eab00000,0x00000000eab00000,0x00000000eab80000)
  from space 2560K, 82% used [0x00000000eab80000,0x00000000ead90000,0x00000000eae00000)
  to   space 3072K, 0% used [0x00000000eaf00000,0x00000000eaf00000,0x00000000eb200000)
 ParOldGen       total 199168K, used 160372K [0x00000000c0000000, 0x00000000cc280000, 0x00000000eab00000)
  object space 199168K, 80% used [0x00000000c0000000,0x00000000c9c9d3c8,0x00000000cc280000)
 Metaspace       used 79627K, committed 81152K, reserved 1179648K
  class space    used 8134K, committed 8832K, reserved 1048576K
}
Event: 104.671 GC heap before
{Heap before GC invocations=202 (full 9):
 PSYoungGen      total 3072K, used 2624K [0x00000000eab00000, 0x00000000eb200000, 0x0000000100000000)
  eden space 512K, 100% used [0x00000000eab00000,0x00000000eab80000,0x00000000eab80000)
  from space 2560K, 82% used [0x00000000eab80000,0x00000000ead90000,0x00000000eae00000)
  to   space 3072K, 0% used [0x00000000eaf00000,0x00000000eaf00000,0x00000000eb200000)
 ParOldGen       total 199168K, used 160372K [0x00000000c0000000, 0x00000000cc280000, 0x00000000eab00000)
  object space 199168K, 80% used [0x00000000c0000000,0x00000000c9c9d3c8,0x00000000cc280000)
 Metaspace       used 79670K, committed 81152K, reserved 1179648K
  class space    used 8134K, committed 8832K, reserved 1048576K
}
Event: 104.674 GC heap after
{Heap after GC invocations=202 (full 9):
 PSYoungGen      total 3072K, used 1760K [0x00000000eab00000, 0x00000000eb100000, 0x0000000100000000)
  eden space 1024K, 0% used [0x00000000eab00000,0x00000000eab00000,0x00000000eac00000)
  from space 2048K, 85% used [0x00000000eaf00000,0x00000000eb0b8000,0x00000000eb100000)
  to   space 2048K, 0% used [0x00000000ead00000,0x00000000ead00000,0x00000000eaf00000)
 ParOldGen       total 199168K, used 161132K [0x00000000c0000000, 0x00000000cc280000, 0x00000000eab00000)
  object space 199168K, 80% used [0x00000000c0000000,0x00000000c9d5b3c8,0x00000000cc280000)
 Metaspace       used 79670K, committed 81152K, reserved 1179648K
  class space    used 8134K, committed 8832K, reserved 1048576K
}
Event: 104.698 GC heap before
{Heap before GC invocations=203 (full 9):
 PSYoungGen      total 3072K, used 2783K [0x00000000eab00000, 0x00000000eb100000, 0x0000000100000000)
  eden space 1024K, 99% used [0x00000000eab00000,0x00000000eabfffd8,0x00000000eac00000)
  from space 2048K, 85% used [0x00000000eaf00000,0x00000000eb0b8000,0x00000000eb100000)
  to   space 2048K, 0% used [0x00000000ead00000,0x00000000ead00000,0x00000000eaf00000)
 ParOldGen       total 199168K, used 161132K [0x00000000c0000000, 0x00000000cc280000, 0x00000000eab00000)
  object space 199168K, 80% used [0x00000000c0000000,0x00000000c9d5b3c8,0x00000000cc280000)
 Metaspace       used 79671K, committed 81216K, reserved 1179648K
  class space    used 8134K, committed 8832K, reserved 1048576K
}
Event: 104.702 GC heap after
{Heap after GC invocations=203 (full 9):
 PSYoungGen      total 2560K, used 896K [0x00000000eab00000, 0x00000000eaf80000, 0x0000000100000000)
  eden space 1536K, 0% used [0x00000000eab00000,0x00000000eab00000,0x00000000eac80000)
  from space 1024K, 87% used [0x00000000ead00000,0x00000000eade0000,0x00000000eae00000)
  to   space 1536K, 0% used [0x00000000eae00000,0x00000000eae00000,0x00000000eaf80000)
 ParOldGen       total 199168K, used 162505K [0x00000000c0000000, 0x00000000cc280000, 0x00000000eab00000)
  object space 199168K, 81% used [0x00000000c0000000,0x00000000c9eb2668,0x00000000cc280000)
 Metaspace       used 79671K, committed 81216K, reserved 1179648K
  class space    used 8134K, committed 8832K, reserved 1048576K
}
Event: 104.733 GC heap before
{Heap before GC invocations=204 (full 9):
 PSYoungGen      total 2560K, used 2432K [0x00000000eab00000, 0x00000000eaf80000, 0x0000000100000000)
  eden space 1536K, 100% used [0x00000000eab00000,0x00000000eac80000,0x00000000eac80000)
  from space 1024K, 87% used [0x00000000ead00000,0x00000000eade0000,0x00000000eae00000)
  to   space 1536K, 0% used [0x00000000eae00000,0x00000000eae00000,0x00000000eaf80000)
 ParOldGen       total 199168K, used 162505K [0x00000000c0000000, 0x00000000cc280000, 0x00000000eab00000)
  object space 199168K, 81% used [0x00000000c0000000,0x00000000c9eb2668,0x00000000cc280000)
 Metaspace       used 79671K, committed 81216K, reserved 1179648K
  class space    used 8134K, committed 8832K, reserved 1048576K
}
Event: 104.737 GC heap after
{Heap after GC invocations=204 (full 9):
 PSYoungGen      total 3072K, used 1120K [0x00000000eab00000, 0x00000000eb000000, 0x0000000100000000)
  eden space 1536K, 0% used [0x00000000eab00000,0x00000000eab00000,0x00000000eac80000)
  from space 1536K, 72% used [0x00000000eae00000,0x00000000eaf18000,0x00000000eaf80000)
  to   space 1536K, 0% used [0x00000000eac80000,0x00000000eac80000,0x00000000eae00000)
 ParOldGen       total 199168K, used 163369K [0x00000000c0000000, 0x00000000cc280000, 0x00000000eab00000)
  object space 199168K, 82% used [0x00000000c0000000,0x00000000c9f8a4d0,0x00000000cc280000)
 Metaspace       used 79671K, committed 81216K, reserved 1179648K
  class space    used 8134K, committed 8832K, reserved 1048576K
}
Event: 104.764 GC heap before
{Heap before GC invocations=205 (full 9):
 PSYoungGen      total 3072K, used 2656K [0x00000000eab00000, 0x00000000eb000000, 0x0000000100000000)
  eden space 1536K, 100% used [0x00000000eab00000,0x00000000eac80000,0x00000000eac80000)
  from space 1536K, 72% used [0x00000000eae00000,0x00000000eaf18000,0x00000000eaf80000)
  to   space 1536K, 0% used [0x00000000eac80000,0x00000000eac80000,0x00000000eae00000)
 ParOldGen       total 199168K, used 163369K [0x00000000c0000000, 0x00000000cc280000, 0x00000000eab00000)
  object space 199168K, 82% used [0x00000000c0000000,0x00000000c9f8a4d0,0x00000000cc280000)
 Metaspace       used 79677K, committed 81280K, reserved 1179648K
  class space    used 8134K, committed 8832K, reserved 1048576K
}
Event: 104.767 GC heap after
{Heap after GC invocations=205 (full 9):
 PSYoungGen      total 3072K, used 1088K [0x00000000eab00000, 0x00000000eb000000, 0x0000000100000000)
  eden space 1536K, 0% used [0x00000000eab00000,0x00000000eab00000,0x00000000eac80000)
  from space 1536K, 70% used [0x00000000eac80000,0x00000000ead90000,0x00000000eae00000)
  to   space 1536K, 0% used [0x00000000eae80000,0x00000000eae80000,0x00000000eb000000)
 ParOldGen       total 199168K, used 164456K [0x00000000c0000000, 0x00000000cc280000, 0x00000000eab00000)
  object space 199168K, 82% used [0x00000000c0000000,0x00000000ca09a0a0,0x00000000cc280000)
 Metaspace       used 79677K, committed 81280K, reserved 1179648K
  class space    used 8134K, committed 8832K, reserved 1048576K
}
Event: 104.809 GC heap before
{Heap before GC invocations=206 (full 9):
 PSYoungGen      total 3072K, used 2623K [0x00000000eab00000, 0x00000000eb000000, 0x0000000100000000)
  eden space 1536K, 99% used [0x00000000eab00000,0x00000000eac7fff0,0x00000000eac80000)
  from space 1536K, 70% used [0x00000000eac80000,0x00000000ead90000,0x00000000eae00000)
  to   space 1536K, 0% used [0x00000000eae80000,0x00000000eae80000,0x00000000eb000000)
 ParOldGen       total 199168K, used 164456K [0x00000000c0000000, 0x00000000cc280000, 0x00000000eab00000)
  object space 199168K, 82% used [0x00000000c0000000,0x00000000ca09a0a0,0x00000000cc280000)
 Metaspace       used 79710K, committed 81280K, reserved 1179648K
  class space    used 8134K, committed 8832K, reserved 1048576K
}
Event: 104.813 GC heap after
{Heap after GC invocations=206 (full 9):
 PSYoungGen      total 2560K, used 960K [0x00000000eab00000, 0x00000000eaf80000, 0x0000000100000000)
  eden space 1536K, 0% used [0x00000000eab00000,0x00000000eab00000,0x00000000eac80000)
  from space 1024K, 93% used [0x00000000eae80000,0x00000000eaf70000,0x00000000eaf80000)
  to   space 1024K, 0% used [0x00000000ead80000,0x00000000ead80000,0x00000000eae80000)
 ParOldGen       total 199168K, used 165509K [0x00000000c0000000, 0x00000000cc280000, 0x00000000eab00000)
  object space 199168K, 83% used [0x00000000c0000000,0x00000000ca1a14f8,0x00000000cc280000)
 Metaspace       used 79710K, committed 81280K, reserved 1179648K
  class space    used 8134K, committed 8832K, reserved 1048576K
}
Event: 104.837 GC heap before
{Heap before GC invocations=207 (full 9):
 PSYoungGen      total 2560K, used 2496K [0x00000000eab00000, 0x00000000eaf80000, 0x0000000100000000)
  eden space 1536K, 100% used [0x00000000eab00000,0x00000000eac80000,0x00000000eac80000)
  from space 1024K, 93% used [0x00000000eae80000,0x00000000eaf70000,0x00000000eaf80000)
  to   space 1024K, 0% used [0x00000000ead80000,0x00000000ead80000,0x00000000eae80000)
 ParOldGen       total 199168K, used 165509K [0x00000000c0000000, 0x00000000cc280000, 0x00000000eab00000)
  object space 199168K, 83% used [0x00000000c0000000,0x00000000ca1a14f8,0x00000000cc280000)
 Metaspace       used 79719K, committed 81280K, reserved 1179648K
  class space    used 8134K, committed 8832K, reserved 1048576K
}
Event: 104.841 GC heap after
{Heap after GC invocations=207 (full 9):
 PSYoungGen      total 3072K, used 544K [0x00000000eab00000, 0x00000000eaf00000, 0x0000000100000000)
  eden space 2048K, 0% used [0x00000000eab00000,0x00000000eab00000,0x00000000ead00000)
  from space 1024K, 53% used [0x00000000ead80000,0x00000000eae08000,0x00000000eae80000)
  to   space 512K, 0% used [0x00000000eae80000,0x00000000eae80000,0x00000000eaf00000)
 ParOldGen       total 199168K, used 166413K [0x00000000c0000000, 0x00000000cc280000, 0x00000000eab00000)
  object space 199168K, 83% used [0x00000000c0000000,0x00000000ca283748,0x00000000cc280000)
 Metaspace       used 79719K, committed 81280K, reserved 1179648K
  class space    used 8134K, committed 8832K, reserved 1048576K
}
Event: 105.122 GC heap before
{Heap before GC invocations=208 (full 9):
 PSYoungGen      total 3072K, used 2591K [0x00000000eab00000, 0x00000000eaf00000, 0x0000000100000000)
  eden space 2048K, 99% used [0x00000000eab00000,0x00000000eacfffc0,0x00000000ead00000)
  from space 1024K, 53% used [0x00000000ead80000,0x00000000eae08000,0x00000000eae80000)
  to   space 512K, 0% used [0x00000000eae80000,0x00000000eae80000,0x00000000eaf00000)
 ParOldGen       total 199168K, used 166413K [0x00000000c0000000, 0x00000000cc280000, 0x00000000eab00000)
  object space 199168K, 83% used [0x00000000c0000000,0x00000000ca283748,0x00000000cc280000)
 Metaspace       used 79755K, committed 81344K, reserved 1179648K
  class space    used 8134K, committed 8832K, reserved 1048576K
}

