# JRE version: OpenJDK Runtime Environment Temurin-17.0.10+7 (17.0.10+7) (build 17.0.10+7)
# Java VM: OpenJDK 64-Bit Server VM Temurin-17.0.10+7 (17.0.10+7, mixed mode, tiered, compressed oops, compressed class ptrs, parallel gc, windows-amd64)
GC Precious Log:
 CPUs: 4 total, 4 available
 Memory: 8082M
 Large Page Support: Disabled
 NUMA Support: Disabled
 Compressed Oops: Enabled (32-bit)
 Alignments: Space 512K, Generation 512K, Heap 2M
 Heap Min Capacity: 100M
 Heap Initial Capacity: 100M
 Heap Max Capacity: 1G
 Pre-touch: Disabled
 Parallel Workers: 4
Heap:
 PSYoungGen      total 2048K, used 794K [0x00000000eab00000, 0x00000000eaf80000, 0x0000000100000000)
  eden space 1024K, 0% used [0x00000000eab00000,0x00000000eab00000,0x00000000eac00000)
  from space 1024K, 77% used [0x00000000eac00000,0x00000000eacc6aa0,0x00000000ead00000)
  to   space 1536K, 0% used [0x00000000eae00000,0x00000000eae00000,0x00000000eaf80000)
 ParOldGen       total 338944K, used 338795K [0x00000000c0000000, 0x00000000d4b00000, 0x00000000eab00000)
  object space 338944K, 99% used [0x00000000c0000000,0x00000000d4adacf8,0x00000000d4b00000)
 Metaspace       used 96512K, committed 98176K, reserved 1179648K
  class space    used 9725K, committed 10496K, reserved 1048576K
GC Heap History (20 events):
Event: 4504.227 GC heap after
{Heap after GC invocations=2241 (full 18):
 PSYoungGen      total 5120K, used 512K [0x00000000eab00000, 0x00000000eb100000, 0x0000000100000000)
  eden space 4096K, 0% used [0x00000000eab00000,0x00000000eab00000,0x00000000eaf00000)
  from space 1024K, 50% used [0x00000000eb000000,0x00000000eb080000,0x00000000eb100000)
  to   space 1024K, 0% used [0x00000000eaf00000,0x00000000eaf00000,0x00000000eb000000)
 ParOldGen       total 338432K, used 333347K [0x00000000c0000000, 0x00000000d4a80000, 0x00000000eab00000)
  object space 338432K, 98% used [0x00000000c0000000,0x00000000d4588ca8,0x00000000d4a80000)
 Metaspace       used 96508K, committed 98176K, reserved 1179648K
  class space    used 9725K, committed 10496K, reserved 1048576K
}
Event: 4504.239 GC heap before
{Heap before GC invocations=2242 (full 18):
 PSYoungGen      total 5120K, used 4608K [0x00000000eab00000, 0x00000000eb100000, 0x0000000100000000)
  eden space 4096K, 100% used [0x00000000eab00000,0x00000000eaf00000,0x00000000eaf00000)
  from space 1024K, 50% used [0x00000000eb000000,0x00000000eb080000,0x00000000eb100000)
  to   space 1024K, 0% used [0x00000000eaf00000,0x00000000eaf00000,0x00000000eb000000)
 ParOldGen       total 338432K, used 333347K [0x00000000c0000000, 0x00000000d4a80000, 0x00000000eab00000)
  object space 338432K, 98% used [0x00000000c0000000,0x00000000d4588ca8,0x00000000d4a80000)
 Metaspace       used 96508K, committed 98176K, reserved 1179648K
  class space    used 9725K, committed 10496K, reserved 1048576K
}
Event: 4504.242 GC heap after
{Heap after GC invocations=2242 (full 18):
 PSYoungGen      total 5120K, used 696K [0x00000000eab00000, 0x00000000eb100000, 0x0000000100000000)
  eden space 4096K, 0% used [0x00000000eab00000,0x00000000eab00000,0x00000000eaf00000)
  from space 1024K, 67% used [0x00000000eaf00000,0x00000000eafae008,0x00000000eb000000)
  to   space 1024K, 0% used [0x00000000eb000000,0x00000000eb000000,0x00000000eb100000)
 ParOldGen       total 338432K, used 333843K [0x00000000c0000000, 0x00000000d4a80000, 0x00000000eab00000)
  object space 338432K, 98% used [0x00000000c0000000,0x00000000d4604ca8,0x00000000d4a80000)
 Metaspace       used 96508K, committed 98176K, reserved 1179648K
  class space    used 9725K, committed 10496K, reserved 1048576K
}
Event: 4504.268 GC heap before
{Heap before GC invocations=2243 (full 18):
 PSYoungGen      total 5120K, used 4792K [0x00000000eab00000, 0x00000000eb100000, 0x0000000100000000)
  eden space 4096K, 100% used [0x00000000eab00000,0x00000000eaf00000,0x00000000eaf00000)
  from space 1024K, 67% used [0x00000000eaf00000,0x00000000eafae008,0x00000000eb000000)
  to   space 1024K, 0% used [0x00000000eb000000,0x00000000eb000000,0x00000000eb100000)
 ParOldGen       total 338432K, used 333843K [0x00000000c0000000, 0x00000000d4a80000, 0x00000000eab00000)
  object space 338432K, 98% used [0x00000000c0000000,0x00000000d4604ca8,0x00000000d4a80000)
 Metaspace       used 96508K, committed 98176K, reserved 1179648K
  class space    used 9725K, committed 10496K, reserved 1048576K
}
Event: 4504.271 GC heap after
{Heap after GC invocations=2243 (full 18):
 PSYoungGen      total 3584K, used 1004K [0x00000000eab00000, 0x00000000eb400000, 0x0000000100000000)
  eden space 2560K, 0% used [0x00000000eab00000,0x00000000eab00000,0x00000000ead80000)
  from space 1024K, 98% used [0x00000000eb000000,0x00000000eb0fb000,0x00000000eb100000)
  to   space 2560K, 0% used [0x00000000ead80000,0x00000000ead80000,0x00000000eb000000)
 ParOldGen       total 338432K, used 334936K [0x00000000c0000000, 0x00000000d4a80000, 0x00000000eab00000)
  object space 338432K, 98% used [0x00000000c0000000,0x00000000d47160b0,0x00000000d4a80000)
 Metaspace       used 96508K, committed 98176K, reserved 1179648K
  class space    used 9725K, committed 10496K, reserved 1048576K
}
Event: 4504.568 GC heap before
{Heap before GC invocations=2244 (full 18):
 PSYoungGen      total 3584K, used 3564K [0x00000000eab00000, 0x00000000eb400000, 0x0000000100000000)
  eden space 2560K, 100% used [0x00000000eab00000,0x00000000ead80000,0x00000000ead80000)
  from space 1024K, 98% used [0x00000000eb000000,0x00000000eb0fb000,0x00000000eb100000)
  to   space 2560K, 0% used [0x00000000ead80000,0x00000000ead80000,0x00000000eb000000)
 ParOldGen       total 338432K, used 334936K [0x00000000c0000000, 0x00000000d4a80000, 0x00000000eab00000)
  object space 338432K, 98% used [0x00000000c0000000,0x00000000d47160b0,0x00000000d4a80000)
 Metaspace       used 96508K, committed 98176K, reserved 1179648K
  class space    used 9725K, committed 10496K, reserved 1048576K
}
Event: 4504.570 GC heap after
{Heap after GC invocations=2244 (full 18):
 PSYoungGen      total 3072K, used 320K [0x00000000eab00000, 0x00000000eb080000, 0x0000000100000000)
  eden space 2560K, 0% used [0x00000000eab00000,0x00000000eab00000,0x00000000ead80000)
  from space 512K, 62% used [0x00000000ead80000,0x00000000eadd0000,0x00000000eae00000)
  to   space 1024K, 0% used [0x00000000eaf80000,0x00000000eaf80000,0x00000000eb080000)
 ParOldGen       total 338432K, used 335088K [0x00000000c0000000, 0x00000000d4a80000, 0x00000000eab00000)
  object space 338432K, 99% used [0x00000000c0000000,0x00000000d473c0b0,0x00000000d4a80000)
 Metaspace       used 96508K, committed 98176K, reserved 1179648K
  class space    used 9725K, committed 10496K, reserved 1048576K
}
Event: 4504.579 GC heap before
{Heap before GC invocations=2245 (full 18):
 PSYoungGen      total 3072K, used 2880K [0x00000000eab00000, 0x00000000eb080000, 0x0000000100000000)
  eden space 2560K, 100% used [0x00000000eab00000,0x00000000ead80000,0x00000000ead80000)
  from space 512K, 62% used [0x00000000ead80000,0x00000000eadd0000,0x00000000eae00000)
  to   space 1024K, 0% used [0x00000000eaf80000,0x00000000eaf80000,0x00000000eb080000)
 ParOldGen       total 338432K, used 335088K [0x00000000c0000000, 0x00000000d4a80000, 0x00000000eab00000)
  object space 338432K, 99% used [0x00000000c0000000,0x00000000d473c0b0,0x00000000d4a80000)
 Metaspace       used 96508K, committed 98176K, reserved 1179648K
  class space    used 9725K, committed 10496K, reserved 1048576K
}
Event: 4504.581 GC heap after
{Heap after GC invocations=2245 (full 18):
 PSYoungGen      total 3072K, used 384K [0x00000000eab00000, 0x00000000eb000000, 0x0000000100000000)
  eden space 2560K, 0% used [0x00000000eab00000,0x00000000eab00000,0x00000000ead80000)
  from space 512K, 75% used [0x00000000eaf80000,0x00000000eafe0000,0x00000000eb000000)
  to   space 512K, 0% used [0x00000000ead80000,0x00000000ead80000,0x00000000eae00000)
 ParOldGen       total 338432K, used 335375K [0x00000000c0000000, 0x00000000d4a80000, 0x00000000eab00000)
  object space 338432K, 99% used [0x00000000c0000000,0x00000000d4783e50,0x00000000d4a80000)
 Metaspace       used 96508K, committed 98176K, reserved 1179648K
  class space    used 9725K, committed 10496K, reserved 1048576K
}
Event: 4504.751 GC heap before
{Heap before GC invocations=2246 (full 18):
 PSYoungGen      total 3072K, used 2944K [0x00000000eab00000, 0x00000000eb000000, 0x0000000100000000)
  eden space 2560K, 100% used [0x00000000eab00000,0x00000000ead80000,0x00000000ead80000)
  from space 512K, 75% used [0x00000000eaf80000,0x00000000eafe0000,0x00000000eb000000)
  to   space 512K, 0% used [0x00000000ead80000,0x00000000ead80000,0x00000000eae00000)
 ParOldGen       total 338432K, used 335375K [0x00000000c0000000, 0x00000000d4a80000, 0x00000000eab00000)
  object space 338432K, 99% used [0x00000000c0000000,0x00000000d4783e50,0x00000000d4a80000)
 Metaspace       used 96508K, committed 98176K, reserved 1179648K
  class space    used 9725K, committed 10496K, reserved 1048576K
}
Event: 4504.753 GC heap after
{Heap after GC invocations=2246 (full 18):
 PSYoungGen      total 3072K, used 256K [0x00000000eab00000, 0x00000000eb000000, 0x0000000100000000)
  eden space 2560K, 0% used [0x00000000eab00000,0x00000000eab00000,0x00000000ead80000)
  from space 512K, 50% used [0x00000000ead80000,0x00000000eadc0000,0x00000000eae00000)
  to   space 512K, 0% used [0x00000000eaf80000,0x00000000eaf80000,0x00000000eb000000)
 ParOldGen       total 338432K, used 335682K [0x00000000c0000000, 0x00000000d4a80000, 0x00000000eab00000)
  object space 338432K, 99% used [0x00000000c0000000,0x00000000d47d0a58,0x00000000d4a80000)
 Metaspace       used 96508K, committed 98176K, reserved 1179648K
  class space    used 9725K, committed 10496K, reserved 1048576K
}
Event: 4504.940 GC heap before
{Heap before GC invocations=2247 (full 18):
 PSYoungGen      total 3072K, used 2816K [0x00000000eab00000, 0x00000000eb000000, 0x0000000100000000)
  eden space 2560K, 100% used [0x00000000eab00000,0x00000000ead80000,0x00000000ead80000)
  from space 512K, 50% used [0x00000000ead80000,0x00000000eadc0000,0x00000000eae00000)
  to   space 512K, 0% used [0x00000000eaf80000,0x00000000eaf80000,0x00000000eb000000)
 ParOldGen       total 338432K, used 335682K [0x00000000c0000000, 0x00000000d4a80000, 0x00000000eab00000)
  object space 338432K, 99% used [0x00000000c0000000,0x00000000d47d0a58,0x00000000d4a80000)
 Metaspace       used 96510K, committed 98176K, reserved 1179648K
  class space    used 9725K, committed 10496K, reserved 1048576K
}
Event: 4504.943 GC heap after
{Heap after GC invocations=2247 (full 18):
 PSYoungGen      total 3072K, used 426K [0x00000000eab00000, 0x00000000eb000000, 0x0000000100000000)
  eden space 2560K, 0% used [0x00000000eab00000,0x00000000eab00000,0x00000000ead80000)
  from space 512K, 83% used [0x00000000eaf80000,0x00000000eafeab30,0x00000000eb000000)
  to   space 512K, 0% used [0x00000000ead80000,0x00000000ead80000,0x00000000eae00000)
 ParOldGen       total 338432K, used 335890K [0x00000000c0000000, 0x00000000d4a80000, 0x00000000eab00000)
  object space 338432K, 99% used [0x00000000c0000000,0x00000000d4804a58,0x00000000d4a80000)
 Metaspace       used 96510K, committed 98176K, reserved 1179648K
  class space    used 9725K, committed 10496K, reserved 1048576K
}
Event: 4505.000 GC heap before
{Heap before GC invocations=2248 (full 18):
 PSYoungGen      total 3072K, used 2986K [0x00000000eab00000, 0x00000000eb000000, 0x0000000100000000)
  eden space 2560K, 100% used [0x00000000eab00000,0x00000000ead80000,0x00000000ead80000)
  from space 512K, 83% used [0x00000000eaf80000,0x00000000eafeab30,0x00000000eb000000)
  to   space 512K, 0% used [0x00000000ead80000,0x00000000ead80000,0x00000000eae00000)
 ParOldGen       total 338432K, used 335890K [0x00000000c0000000, 0x00000000d4a80000, 0x00000000eab00000)
  object space 338432K, 99% used [0x00000000c0000000,0x00000000d4804a58,0x00000000d4a80000)
 Metaspace       used 96512K, committed 98176K, reserved 1179648K
  class space    used 9725K, committed 10496K, reserved 1048576K
}
Event: 4505.002 GC heap after
{Heap after GC invocations=2248 (full 18):
 PSYoungGen      total 3072K, used 480K [0x00000000eab00000, 0x00000000eb080000, 0x0000000100000000)
  eden space 2560K, 0% used [0x00000000eab00000,0x00000000eab00000,0x00000000ead80000)
  from space 512K, 93% used [0x00000000ead80000,0x00000000eadf80f0,0x00000000eae00000)
  to   space 1536K, 0% used [0x00000000eaf00000,0x00000000eaf00000,0x00000000eb080000)
 ParOldGen       total 338432K, used 336386K [0x00000000c0000000, 0x00000000d4a80000, 0x00000000eab00000)
  object space 338432K, 99% used [0x00000000c0000000,0x00000000d4880a58,0x00000000d4a80000)
 Metaspace       used 96512K, committed 98176K, reserved 1179648K
  class space    used 9725K, committed 10496K, reserved 1048576K
}
Event: 4505.058 GC heap before
{Heap before GC invocations=2249 (full 18):
 PSYoungGen      total 3072K, used 3029K [0x00000000eab00000, 0x00000000eb080000, 0x0000000100000000)
  eden space 2560K, 99% used [0x00000000eab00000,0x00000000ead7d3b8,0x00000000ead80000)
  from space 512K, 93% used [0x00000000ead80000,0x00000000eadf80f0,0x00000000eae00000)
  to   space 1536K, 0% used [0x00000000eaf00000,0x00000000eaf00000,0x00000000eb080000)
 ParOldGen       total 338432K, used 336386K [0x00000000c0000000, 0x00000000d4a80000, 0x00000000eab00000)
  object space 338432K, 99% used [0x00000000c0000000,0x00000000d4880a58,0x00000000d4a80000)
 Metaspace       used 96512K, committed 98176K, reserved 1179648K
  class space    used 9725K, committed 10496K, reserved 1048576K
}
Event: 4505.063 GC heap after
{Heap after GC invocations=2249 (full 18):
 PSYoungGen      total 2560K, used 1514K [0x00000000eab00000, 0x00000000eb380000, 0x0000000100000000)
  eden space 1024K, 0% used [0x00000000eab00000,0x00000000eab00000,0x00000000eac00000)
  from space 1536K, 98% used [0x00000000eaf00000,0x00000000eb07ab30,0x00000000eb080000)
  to   space 3072K, 0% used [0x00000000eac00000,0x00000000eac00000,0x00000000eaf00000)
 ParOldGen       total 338432K, used 337282K [0x00000000c0000000, 0x00000000d4a80000, 0x00000000eab00000)
  object space 338432K, 99% used [0x00000000c0000000,0x00000000d4960a60,0x00000000d4a80000)
 Metaspace       used 96512K, committed 98176K, reserved 1179648K
  class space    used 9725K, committed 10496K, reserved 1048576K
}
Event: 4505.087 GC heap before
{Heap before GC invocations=2250 (full 18):
 PSYoungGen      total 2560K, used 2405K [0x00000000eab00000, 0x00000000eb380000, 0x0000000100000000)
  eden space 1024K, 86% used [0x00000000eab00000,0x00000000eabdeaa8,0x00000000eac00000)
  from space 1536K, 98% used [0x00000000eaf00000,0x00000000eb07ab30,0x00000000eb080000)
  to   space 3072K, 0% used [0x00000000eac00000,0x00000000eac00000,0x00000000eaf00000)
 ParOldGen       total 338432K, used 337282K [0x00000000c0000000, 0x00000000d4a80000, 0x00000000eab00000)
  object space 338432K, 99% used [0x00000000c0000000,0x00000000d4960a60,0x00000000d4a80000)
 Metaspace       used 96512K, committed 98176K, reserved 1179648K
  class space    used 9725K, committed 10496K, reserved 1048576K
}
Event: 4505.090 GC heap after
{Heap after GC invocations=2250 (full 18):
 PSYoungGen      total 2048K, used 794K [0x00000000eab00000, 0x00000000eaf80000, 0x0000000100000000)
  eden space 1024K, 0% used [0x00000000eab00000,0x00000000eab00000,0x00000000eac00000)
  from space 1024K, 77% used [0x00000000eac00000,0x00000000eacc6aa0,0x00000000ead00000)
  to   space 1536K, 0% used [0x00000000eae00000,0x00000000eae00000,0x00000000eaf80000)
 ParOldGen       total 338944K, used 338795K [0x00000000c0000000, 0x00000000d4b00000, 0x00000000eab00000)
  object space 338944K, 99% used [0x00000000c0000000,0x00000000d4adacf8,0x00000000d4b00000)
 Metaspace       used 96512K, committed 98176K, reserved 1179648K
  class space    used 9725K, committed 10496K, reserved 1048576K
}
Event: 4505.090 GC heap before
{Heap before GC invocations=2251 (full 19):
 PSYoungGen      total 2048K, used 794K [0x00000000eab00000, 0x00000000eaf80000, 0x0000000100000000)
  eden space 1024K, 0% used [0x00000000eab00000,0x00000000eab00000,0x00000000eac00000)
  from space 1024K, 77% used [0x00000000eac00000,0x00000000eacc6aa0,0x00000000ead00000)
  to   space 1536K, 0% used [0x00000000eae00000,0x00000000eae00000,0x00000000eaf80000)
 ParOldGen       total 338944K, used 338795K [0x00000000c0000000, 0x00000000d4b00000, 0x00000000eab00000)
  object space 338944K, 99% used [0x00000000c0000000,0x00000000d4adacf8,0x00000000d4b00000)
 Metaspace       used 96512K, committed 98176K, reserved 1179648K
  class space    used 9725K, committed 10496K, reserved 1048576K
}

