# JRE version: OpenJDK Runtime Environment JBR-17.0.9+7-1087.9-nomod (17.0.9+7) (build 17.0.9+7-b1087.9)
# Java VM: OpenJDK 64-Bit Server VM JBR-17.0.9+7-1087.9-nomod (17.0.9+7-b1087.9, mixed mode, tiered, compressed oops, compressed class ptrs, g1 gc, windows-amd64)
GC Precious Log:
 CPUs: 4 total, 4 available
 Memory: 8082M
 Large Page Support: Disabled
 NUMA Support: Disabled
 Compressed Oops: Enabled (32-bit)
 Heap Region Size: 1M
 Heap Min Capacity: 8M
 Heap Initial Capacity: 128M
 Heap Max Capacity: 2022M
 Pre-touch: Disabled
 Parallel Workers: 4
 Concurrent Workers: 1
 Concurrent Refinement Workers: 4
 Periodic GC: Disabled
Heap:
 garbage-first heap   total 80896K, used 41635K [0x0000000081a00000, 0x0000000100000000)
  region size 1024K, 7 young (7168K), 2 survivors (2048K)
 Metaspace       used 90020K, committed 90560K, reserved 1179648K
  class space    used 11548K, committed 11840K, reserved 1048576K
GC Heap History (20 events):
Event: 2648.110 GC heap before
{Heap before GC invocations=93 (full 0):
 garbage-first heap   total 68608K, used 57503K [0x0000000081a00000, 0x0000000100000000)
  region size 1024K, 23 young (23552K), 1 survivors (1024K)
 Metaspace       used 87829K, committed 88640K, reserved 1179648K
  class space    used 11393K, committed 11776K, reserved 1048576K
}
Event: 2648.111 GC heap after
{Heap after GC invocations=94 (full 0):
 garbage-first heap   total 68608K, used 36188K [0x0000000081a00000, 0x0000000100000000)
  region size 1024K, 1 young (1024K), 1 survivors (1024K)
 Metaspace       used 87829K, committed 88640K, reserved 1179648K
  class space    used 11393K, committed 11776K, reserved 1048576K
}
Event: 2778.220 GC heap before
{Heap before GC invocations=95 (full 0):
 garbage-first heap   total 68608K, used 58716K [0x0000000081a00000, 0x0000000100000000)
  region size 1024K, 23 young (23552K), 1 survivors (1024K)
 Metaspace       used 87830K, committed 88640K, reserved 1179648K
  class space    used 11393K, committed 11776K, reserved 1048576K
}
Event: 2778.222 GC heap after
{Heap after GC invocations=96 (full 0):
 garbage-first heap   total 68608K, used 36068K [0x0000000081a00000, 0x0000000100000000)
  region size 1024K, 1 young (1024K), 1 survivors (1024K)
 Metaspace       used 87830K, committed 88640K, reserved 1179648K
  class space    used 11393K, committed 11776K, reserved 1048576K
}
Event: 2790.182 GC heap before
{Heap before GC invocations=96 (full 0):
 garbage-first heap   total 68608K, used 38116K [0x0000000081a00000, 0x0000000100000000)
  region size 1024K, 3 young (3072K), 1 survivors (1024K)
 Metaspace       used 87830K, committed 88640K, reserved 1179648K
  class space    used 11393K, committed 11776K, reserved 1048576K
}
Event: 2790.184 GC heap after
{Heap after GC invocations=97 (full 0):
 garbage-first heap   total 68608K, used 35932K [0x0000000081a00000, 0x0000000100000000)
  region size 1024K, 1 young (1024K), 1 survivors (1024K)
 Metaspace       used 87830K, committed 88640K, reserved 1179648K
  class space    used 11393K, committed 11776K, reserved 1048576K
}
Event: 2926.873 GC heap before
{Heap before GC invocations=97 (full 0):
 garbage-first heap   total 68608K, used 59484K [0x0000000081a00000, 0x0000000100000000)
  region size 1024K, 24 young (24576K), 1 survivors (1024K)
 Metaspace       used 87830K, committed 88640K, reserved 1179648K
  class space    used 11393K, committed 11776K, reserved 1048576K
}
Event: 2926.875 GC heap after
{Heap after GC invocations=98 (full 0):
 garbage-first heap   total 68608K, used 35957K [0x0000000081a00000, 0x0000000100000000)
  region size 1024K, 1 young (1024K), 1 survivors (1024K)
 Metaspace       used 87830K, committed 88640K, reserved 1179648K
  class space    used 11393K, committed 11776K, reserved 1048576K
}
Event: 3063.665 GC heap before
{Heap before GC invocations=99 (full 0):
 garbage-first heap   total 68608K, used 59509K [0x0000000081a00000, 0x0000000100000000)
  region size 1024K, 24 young (24576K), 1 survivors (1024K)
 Metaspace       used 87830K, committed 88640K, reserved 1179648K
  class space    used 11393K, committed 11776K, reserved 1048576K
}
Event: 3063.667 GC heap after
{Heap after GC invocations=100 (full 0):
 garbage-first heap   total 68608K, used 35937K [0x0000000081a00000, 0x0000000100000000)
  region size 1024K, 1 young (1024K), 1 survivors (1024K)
 Metaspace       used 87830K, committed 88640K, reserved 1179648K
  class space    used 11393K, committed 11776K, reserved 1048576K
}
Event: 3075.131 GC heap before
{Heap before GC invocations=100 (full 0):
 garbage-first heap   total 68608K, used 37985K [0x0000000081a00000, 0x0000000100000000)
  region size 1024K, 3 young (3072K), 1 survivors (1024K)
 Metaspace       used 87830K, committed 88640K, reserved 1179648K
  class space    used 11393K, committed 11776K, reserved 1048576K
}
Event: 3075.134 GC heap after
{Heap after GC invocations=101 (full 0):
 garbage-first heap   total 68608K, used 35689K [0x0000000081a00000, 0x0000000100000000)
  region size 1024K, 1 young (1024K), 1 survivors (1024K)
 Metaspace       used 87830K, committed 88640K, reserved 1179648K
  class space    used 11393K, committed 11776K, reserved 1048576K
}
Event: 3203.074 GC heap before
{Heap before GC invocations=101 (full 0):
 garbage-first heap   total 68608K, used 59241K [0x0000000081a00000, 0x0000000100000000)
  region size 1024K, 24 young (24576K), 1 survivors (1024K)
 Metaspace       used 87998K, committed 88704K, reserved 1179648K
  class space    used 11421K, committed 11776K, reserved 1048576K
}
Event: 3203.076 GC heap after
{Heap after GC invocations=102 (full 0):
 garbage-first heap   total 68608K, used 35893K [0x0000000081a00000, 0x0000000100000000)
  region size 1024K, 1 young (1024K), 1 survivors (1024K)
 Metaspace       used 87998K, committed 88704K, reserved 1179648K
  class space    used 11421K, committed 11776K, reserved 1048576K
}
Event: 3203.428 GC heap before
{Heap before GC invocations=103 (full 0):
 garbage-first heap   total 68608K, used 36917K [0x0000000081a00000, 0x0000000100000000)
  region size 1024K, 3 young (3072K), 1 survivors (1024K)
 Metaspace       used 88166K, committed 88768K, reserved 1179648K
  class space    used 11447K, committed 11776K, reserved 1048576K
}
Event: 3203.511 GC heap after
{Heap after GC invocations=104 (full 1):
 garbage-first heap   total 68608K, used 28472K [0x0000000081a00000, 0x0000000100000000)
  region size 1024K, 0 young (0K), 0 survivors (0K)
 Metaspace       used 88166K, committed 88768K, reserved 1179648K
  class space    used 11447K, committed 11776K, reserved 1048576K
}
Event: 3206.852 GC heap before
{Heap before GC invocations=104 (full 1):
 garbage-first heap   total 68608K, used 58168K [0x0000000081a00000, 0x0000000100000000)
  region size 1024K, 29 young (29696K), 0 survivors (0K)
 Metaspace       used 88623K, committed 89216K, reserved 1179648K
  class space    used 11480K, committed 11776K, reserved 1048576K
}
Event: 3206.859 GC heap after
{Heap after GC invocations=105 (full 1):
 garbage-first heap   total 68608K, used 31242K [0x0000000081a00000, 0x0000000100000000)
  region size 1024K, 3 young (3072K), 3 survivors (3072K)
 Metaspace       used 88623K, committed 89216K, reserved 1179648K
  class space    used 11480K, committed 11776K, reserved 1048576K
}
Event: 3208.811 GC heap before
{Heap before GC invocations=106 (full 1):
 garbage-first heap   total 68608K, used 55818K [0x0000000081a00000, 0x0000000100000000)
  region size 1024K, 27 young (27648K), 3 survivors (3072K)
 Metaspace       used 89025K, committed 89600K, reserved 1179648K
  class space    used 11494K, committed 11776K, reserved 1048576K
}
Event: 3208.820 GC heap after
{Heap after GC invocations=107 (full 1):
 garbage-first heap   total 68608K, used 34164K [0x0000000081a00000, 0x0000000100000000)
  region size 1024K, 4 young (4096K), 4 survivors (4096K)
 Metaspace       used 89025K, committed 89600K, reserved 1179648K
  class space    used 11494K, committed 11776K, reserved 1048576K
}

